[1.131s] DEBUG:colcon:Command line arguments: ['/usr/bin/colcon', 'build']
[1.131s] DEBUG:colcon:Parsed command line arguments: Namespace(log_base=None, log_level=None, verb_name='build', build_base='build', install_base='install', merge_install=False, symlink_install=False, test_result_base=None, continue_on_error=False, executor='parallel', parallel_workers=12, event_handlers=None, ignore_user_meta=False, metas=['./colcon.meta'], base_paths=['.'], packages_ignore=None, packages_ignore_regex=None, paths=None, packages_up_to=None, packages_up_to_regex=None, packages_above=None, packages_above_and_dependencies=None, packages_above_depth=None, packages_select_by_dep=None, packages_skip_by_dep=None, packages_skip_up_to=None, packages_select_build_failed=False, packages_skip_build_finished=False, packages_select_test_failures=False, packages_skip_test_passed=False, packages_select=None, packages_skip=None, packages_select_regex=None, packages_skip_regex=None, packages_start=None, packages_end=None, allow_overriding=[], cmake_args=None, cmake_target=None, cmake_target_skip_unavailable=False, cmake_clean_cache=False, cmake_clean_first=False, cmake_force_configure=False, ament_cmake_args=None, catkin_cmake_args=None, catkin_skip_building_tests=False, verb_parser=<colcon_defaults.argument_parser.defaults.DefaultArgumentsDecorator object at 0x717b41642aa0>, verb_extension=<colcon_core.verb.build.BuildVerb object at 0x717b4172bc70>, main=<bound method BuildVerb.main of <colcon_core.verb.build.BuildVerb object at 0x717b4172bc70>>)
[9.891s] Level 1:colcon.colcon_core.package_discovery:discover_packages(colcon_meta) check parameters
[9.891s] Level 1:colcon.colcon_core.package_discovery:discover_packages(recursive) check parameters
[9.891s] Level 1:colcon.colcon_core.package_discovery:discover_packages(ignore) check parameters
[9.892s] Level 1:colcon.colcon_core.package_discovery:discover_packages(path) check parameters
[9.892s] Level 1:colcon.colcon_core.package_discovery:discover_packages(colcon_meta) discover
[9.892s] Level 1:colcon.colcon_core.package_discovery:discover_packages(recursive) discover
[9.892s] INFO:colcon.colcon_core.package_discovery:Crawling recursively for packages in '/home/rafi/ros2/urdf_ws'
[9.892s] Level 1:colcon.colcon_core.package_identification:_identify(.) by extensions ['ignore', 'ignore_ament_install']
[9.892s] Level 1:colcon.colcon_core.package_identification:_identify(.) by extension 'ignore'
[9.892s] Level 1:colcon.colcon_core.package_identification:_identify(.) by extension 'ignore_ament_install'
[9.892s] Level 1:colcon.colcon_core.package_identification:_identify(.) by extensions ['colcon_pkg']
[9.892s] Level 1:colcon.colcon_core.package_identification:_identify(.) by extension 'colcon_pkg'
[9.892s] Level 1:colcon.colcon_core.package_identification:_identify(.) by extensions ['colcon_meta']
[9.892s] Level 1:colcon.colcon_core.package_identification:_identify(.) by extension 'colcon_meta'
[9.892s] Level 1:colcon.colcon_core.package_identification:_identify(.) by extensions ['ros']
[9.892s] Level 1:colcon.colcon_core.package_identification:_identify(.) by extension 'ros'
[9.905s] Level 1:colcon.colcon_core.package_identification:_identify(.) by extensions ['cmake', 'python']
[9.905s] Level 1:colcon.colcon_core.package_identification:_identify(.) by extension 'cmake'
[9.906s] Level 1:colcon.colcon_core.package_identification:_identify(.) by extension 'python'
[9.906s] Level 1:colcon.colcon_core.package_identification:_identify(.) by extensions ['python_setup_py']
[9.906s] Level 1:colcon.colcon_core.package_identification:_identify(.) by extension 'python_setup_py'
[9.906s] Level 1:colcon.colcon_core.package_identification:_identify(build) by extensions ['ignore', 'ignore_ament_install']
[9.906s] Level 1:colcon.colcon_core.package_identification:_identify(build) by extension 'ignore'
[9.906s] Level 1:colcon.colcon_core.package_identification:_identify(build) ignored
[9.906s] Level 1:colcon.colcon_core.package_identification:_identify(install) by extensions ['ignore', 'ignore_ament_install']
[9.906s] Level 1:colcon.colcon_core.package_identification:_identify(install) by extension 'ignore'
[9.906s] Level 1:colcon.colcon_core.package_identification:_identify(install) ignored
[9.907s] Level 1:colcon.colcon_core.package_identification:_identify(log) by extensions ['ignore', 'ignore_ament_install']
[9.907s] Level 1:colcon.colcon_core.package_identification:_identify(log) by extension 'ignore'
[9.907s] Level 1:colcon.colcon_core.package_identification:_identify(log) ignored
[9.907s] Level 1:colcon.colcon_core.package_identification:_identify(src) by extensions ['ignore', 'ignore_ament_install']
[9.907s] Level 1:colcon.colcon_core.package_identification:_identify(src) by extension 'ignore'
[9.907s] Level 1:colcon.colcon_core.package_identification:_identify(src) by extension 'ignore_ament_install'
[9.907s] Level 1:colcon.colcon_core.package_identification:_identify(src) by extensions ['colcon_pkg']
[9.907s] Level 1:colcon.colcon_core.package_identification:_identify(src) by extension 'colcon_pkg'
[9.907s] Level 1:colcon.colcon_core.package_identification:_identify(src) by extensions ['colcon_meta']
[9.907s] Level 1:colcon.colcon_core.package_identification:_identify(src) by extension 'colcon_meta'
[9.907s] Level 1:colcon.colcon_core.package_identification:_identify(src) by extensions ['ros']
[9.907s] Level 1:colcon.colcon_core.package_identification:_identify(src) by extension 'ros'
[9.907s] Level 1:colcon.colcon_core.package_identification:_identify(src) by extensions ['cmake', 'python']
[9.907s] Level 1:colcon.colcon_core.package_identification:_identify(src) by extension 'cmake'
[9.907s] Level 1:colcon.colcon_core.package_identification:_identify(src) by extension 'python'
[9.907s] Level 1:colcon.colcon_core.package_identification:_identify(src) by extensions ['python_setup_py']
[9.908s] Level 1:colcon.colcon_core.package_identification:_identify(src) by extension 'python_setup_py'
[9.908s] Level 1:colcon.colcon_core.package_identification:_identify(src/assembly_refined_description) by extensions ['ignore', 'ignore_ament_install']
[9.908s] Level 1:colcon.colcon_core.package_identification:_identify(src/assembly_refined_description) by extension 'ignore'
[9.908s] Level 1:colcon.colcon_core.package_identification:_identify(src/assembly_refined_description) by extension 'ignore_ament_install'
[9.908s] Level 1:colcon.colcon_core.package_identification:_identify(src/assembly_refined_description) by extensions ['colcon_pkg']
[9.908s] Level 1:colcon.colcon_core.package_identification:_identify(src/assembly_refined_description) by extension 'colcon_pkg'
[9.908s] Level 1:colcon.colcon_core.package_identification:_identify(src/assembly_refined_description) by extensions ['colcon_meta']
[9.908s] Level 1:colcon.colcon_core.package_identification:_identify(src/assembly_refined_description) by extension 'colcon_meta'
[9.908s] Level 1:colcon.colcon_core.package_identification:_identify(src/assembly_refined_description) by extensions ['ros']
[9.908s] Level 1:colcon.colcon_core.package_identification:_identify(src/assembly_refined_description) by extension 'ros'
[9.922s] DEBUG:colcon.colcon_core.package_identification:Package 'src/assembly_refined_description' with type 'ros.ament_python' and name 'assembly_refined_description'
[9.933s] Level 1:colcon.colcon_core.package_identification:_identify(src/binocular_vision_bot) by extensions ['ignore', 'ignore_ament_install']
[9.933s] Level 1:colcon.colcon_core.package_identification:_identify(src/binocular_vision_bot) by extension 'ignore'
[9.933s] Level 1:colcon.colcon_core.package_identification:_identify(src/binocular_vision_bot) by extension 'ignore_ament_install'
[9.933s] Level 1:colcon.colcon_core.package_identification:_identify(src/binocular_vision_bot) by extensions ['colcon_pkg']
[9.933s] Level 1:colcon.colcon_core.package_identification:_identify(src/binocular_vision_bot) by extension 'colcon_pkg'
[9.933s] Level 1:colcon.colcon_core.package_identification:_identify(src/binocular_vision_bot) by extensions ['colcon_meta']
[9.933s] Level 1:colcon.colcon_core.package_identification:_identify(src/binocular_vision_bot) by extension 'colcon_meta'
[9.933s] Level 1:colcon.colcon_core.package_identification:_identify(src/binocular_vision_bot) by extensions ['ros']
[9.933s] Level 1:colcon.colcon_core.package_identification:_identify(src/binocular_vision_bot) by extension 'ros'
[9.949s] DEBUG:colcon.colcon_core.package_identification:Package 'src/binocular_vision_bot' with type 'ros.ament_python' and name 'final_description'
[9.965s] Level 1:colcon.colcon_core.package_identification:_identify(src/simple_four_wheels_description) by extensions ['ignore', 'ignore_ament_install']
[9.965s] Level 1:colcon.colcon_core.package_identification:_identify(src/simple_four_wheels_description) by extension 'ignore'
[9.965s] Level 1:colcon.colcon_core.package_identification:_identify(src/simple_four_wheels_description) by extension 'ignore_ament_install'
[9.965s] Level 1:colcon.colcon_core.package_identification:_identify(src/simple_four_wheels_description) by extensions ['colcon_pkg']
[9.966s] Level 1:colcon.colcon_core.package_identification:_identify(src/simple_four_wheels_description) by extension 'colcon_pkg'
[9.966s] Level 1:colcon.colcon_core.package_identification:_identify(src/simple_four_wheels_description) by extensions ['colcon_meta']
[9.966s] Level 1:colcon.colcon_core.package_identification:_identify(src/simple_four_wheels_description) by extension 'colcon_meta'
[9.966s] Level 1:colcon.colcon_core.package_identification:_identify(src/simple_four_wheels_description) by extensions ['ros']
[9.966s] Level 1:colcon.colcon_core.package_identification:_identify(src/simple_four_wheels_description) by extension 'ros'
[9.982s] DEBUG:colcon.colcon_core.package_identification:Package 'src/simple_four_wheels_description' with type 'ros.ament_python' and name 'simple_four_wheels_description'
[9.982s] Level 1:colcon.colcon_core.package_discovery:discover_packages(recursive) using defaults
[9.982s] Level 1:colcon.colcon_core.package_discovery:discover_packages(ignore) discover
[9.982s] Level 1:colcon.colcon_core.package_discovery:discover_packages(ignore) using defaults
[9.982s] Level 1:colcon.colcon_core.package_discovery:discover_packages(path) discover
[9.982s] Level 1:colcon.colcon_core.package_discovery:discover_packages(path) using defaults
[10.302s] Level 1:colcon.colcon_core.package_discovery:discover_packages(prefix_path) check parameters
[10.302s] Level 1:colcon.colcon_core.package_discovery:discover_packages(prefix_path) discover
[10.315s] DEBUG:colcon.colcon_installed_package_information.package_discovery:Found 4 installed packages in /home/rafi/ros2/urdf_ws/install
[10.339s] DEBUG:colcon.colcon_installed_package_information.package_discovery:Found 328 installed packages in /opt/ros/humble
[10.342s] Level 1:colcon.colcon_core.package_discovery:discover_packages(prefix_path) using defaults
[12.873s] Level 5:colcon.colcon_core.verb:set package 'assembly_refined_description' build argument 'cmake_args' from command line to 'None'
[12.873s] Level 5:colcon.colcon_core.verb:set package 'assembly_refined_description' build argument 'cmake_target' from command line to 'None'
[12.873s] Level 5:colcon.colcon_core.verb:set package 'assembly_refined_description' build argument 'cmake_target_skip_unavailable' from command line to 'False'
[12.873s] Level 5:colcon.colcon_core.verb:set package 'assembly_refined_description' build argument 'cmake_clean_cache' from command line to 'False'
[12.873s] Level 5:colcon.colcon_core.verb:set package 'assembly_refined_description' build argument 'cmake_clean_first' from command line to 'False'
[12.873s] Level 5:colcon.colcon_core.verb:set package 'assembly_refined_description' build argument 'cmake_force_configure' from command line to 'False'
[12.873s] Level 5:colcon.colcon_core.verb:set package 'assembly_refined_description' build argument 'ament_cmake_args' from command line to 'None'
[12.873s] Level 5:colcon.colcon_core.verb:set package 'assembly_refined_description' build argument 'catkin_cmake_args' from command line to 'None'
[12.873s] Level 5:colcon.colcon_core.verb:set package 'assembly_refined_description' build argument 'catkin_skip_building_tests' from command line to 'False'
[12.873s] DEBUG:colcon.colcon_core.verb:Building package 'assembly_refined_description' with the following arguments: {'ament_cmake_args': None, 'build_base': '/home/rafi/ros2/urdf_ws/build/assembly_refined_description', 'catkin_cmake_args': None, 'catkin_skip_building_tests': False, 'cmake_args': None, 'cmake_clean_cache': False, 'cmake_clean_first': False, 'cmake_force_configure': False, 'cmake_target': None, 'cmake_target_skip_unavailable': False, 'install_base': '/home/rafi/ros2/urdf_ws/install/assembly_refined_description', 'merge_install': False, 'path': '/home/rafi/ros2/urdf_ws/src/assembly_refined_description', 'symlink_install': False, 'test_result_base': None}
[12.873s] Level 5:colcon.colcon_core.verb:set package 'final_description' build argument 'cmake_args' from command line to 'None'
[12.873s] Level 5:colcon.colcon_core.verb:set package 'final_description' build argument 'cmake_target' from command line to 'None'
[12.873s] Level 5:colcon.colcon_core.verb:set package 'final_description' build argument 'cmake_target_skip_unavailable' from command line to 'False'
[12.874s] Level 5:colcon.colcon_core.verb:set package 'final_description' build argument 'cmake_clean_cache' from command line to 'False'
[12.874s] Level 5:colcon.colcon_core.verb:set package 'final_description' build argument 'cmake_clean_first' from command line to 'False'
[12.874s] Level 5:colcon.colcon_core.verb:set package 'final_description' build argument 'cmake_force_configure' from command line to 'False'
[12.874s] Level 5:colcon.colcon_core.verb:set package 'final_description' build argument 'ament_cmake_args' from command line to 'None'
[12.874s] Level 5:colcon.colcon_core.verb:set package 'final_description' build argument 'catkin_cmake_args' from command line to 'None'
[12.874s] Level 5:colcon.colcon_core.verb:set package 'final_description' build argument 'catkin_skip_building_tests' from command line to 'False'
[12.874s] DEBUG:colcon.colcon_core.verb:Building package 'final_description' with the following arguments: {'ament_cmake_args': None, 'build_base': '/home/rafi/ros2/urdf_ws/build/final_description', 'catkin_cmake_args': None, 'catkin_skip_building_tests': False, 'cmake_args': None, 'cmake_clean_cache': False, 'cmake_clean_first': False, 'cmake_force_configure': False, 'cmake_target': None, 'cmake_target_skip_unavailable': False, 'install_base': '/home/rafi/ros2/urdf_ws/install/final_description', 'merge_install': False, 'path': '/home/rafi/ros2/urdf_ws/src/binocular_vision_bot', 'symlink_install': False, 'test_result_base': None}
[12.874s] Level 5:colcon.colcon_core.verb:set package 'simple_four_wheels_description' build argument 'cmake_args' from command line to 'None'
[12.874s] Level 5:colcon.colcon_core.verb:set package 'simple_four_wheels_description' build argument 'cmake_target' from command line to 'None'
[12.874s] Level 5:colcon.colcon_core.verb:set package 'simple_four_wheels_description' build argument 'cmake_target_skip_unavailable' from command line to 'False'
[12.874s] Level 5:colcon.colcon_core.verb:set package 'simple_four_wheels_description' build argument 'cmake_clean_cache' from command line to 'False'
[12.874s] Level 5:colcon.colcon_core.verb:set package 'simple_four_wheels_description' build argument 'cmake_clean_first' from command line to 'False'
[12.874s] Level 5:colcon.colcon_core.verb:set package 'simple_four_wheels_description' build argument 'cmake_force_configure' from command line to 'False'
[12.874s] Level 5:colcon.colcon_core.verb:set package 'simple_four_wheels_description' build argument 'ament_cmake_args' from command line to 'None'
[12.874s] Level 5:colcon.colcon_core.verb:set package 'simple_four_wheels_description' build argument 'catkin_cmake_args' from command line to 'None'
[12.874s] Level 5:colcon.colcon_core.verb:set package 'simple_four_wheels_description' build argument 'catkin_skip_building_tests' from command line to 'False'
[12.874s] DEBUG:colcon.colcon_core.verb:Building package 'simple_four_wheels_description' with the following arguments: {'ament_cmake_args': None, 'build_base': '/home/rafi/ros2/urdf_ws/build/simple_four_wheels_description', 'catkin_cmake_args': None, 'catkin_skip_building_tests': False, 'cmake_args': None, 'cmake_clean_cache': False, 'cmake_clean_first': False, 'cmake_force_configure': False, 'cmake_target': None, 'cmake_target_skip_unavailable': False, 'install_base': '/home/rafi/ros2/urdf_ws/install/simple_four_wheels_description', 'merge_install': False, 'path': '/home/rafi/ros2/urdf_ws/src/simple_four_wheels_description', 'symlink_install': False, 'test_result_base': None}
[12.874s] INFO:colcon.colcon_core.executor:Executing jobs using 'parallel' executor
[12.875s] DEBUG:colcon.colcon_parallel_executor.executor.parallel:run_until_complete
[12.876s] INFO:colcon.colcon_ros.task.ament_python.build:Building ROS package in '/home/rafi/ros2/urdf_ws/src/assembly_refined_description' with build type 'ament_python'
[12.876s] Level 1:colcon.colcon_core.shell:create_environment_hook('assembly_refined_description', 'ament_prefix_path')
[12.888s] INFO:colcon.colcon_core.plugin_system:Skipping extension 'colcon_core.shell.bat': Not used on non-Windows systems
[12.888s] INFO:colcon.colcon_core.shell:Creating environment hook '/home/rafi/ros2/urdf_ws/install/assembly_refined_description/share/assembly_refined_description/hook/ament_prefix_path.ps1'
[12.889s] INFO:colcon.colcon_core.shell:Creating environment descriptor '/home/rafi/ros2/urdf_ws/install/assembly_refined_description/share/assembly_refined_description/hook/ament_prefix_path.dsv'
[12.905s] INFO:colcon.colcon_core.shell:Creating environment hook '/home/rafi/ros2/urdf_ws/install/assembly_refined_description/share/assembly_refined_description/hook/ament_prefix_path.sh'
[12.920s] INFO:colcon.colcon_core.shell:Skip shell extension 'powershell' for command environment: Not usable outside of PowerShell
[12.920s] DEBUG:colcon.colcon_core.shell:Skip shell extension 'dsv' for command environment
[12.956s] INFO:colcon.colcon_ros.task.ament_python.build:Building ROS package in '/home/rafi/ros2/urdf_ws/src/binocular_vision_bot' with build type 'ament_python'
[12.956s] Level 1:colcon.colcon_core.shell:create_environment_hook('final_description', 'ament_prefix_path')
[12.956s] INFO:colcon.colcon_core.shell:Creating environment hook '/home/rafi/ros2/urdf_ws/install/final_description/share/final_description/hook/ament_prefix_path.ps1'
[12.978s] INFO:colcon.colcon_core.shell:Creating environment descriptor '/home/rafi/ros2/urdf_ws/install/final_description/share/final_description/hook/ament_prefix_path.dsv'
[12.978s] INFO:colcon.colcon_core.shell:Creating environment hook '/home/rafi/ros2/urdf_ws/install/final_description/share/final_description/hook/ament_prefix_path.sh'
[12.978s] INFO:colcon.colcon_core.shell:Skip shell extension 'powershell' for command environment: Not usable outside of PowerShell
[12.979s] DEBUG:colcon.colcon_core.shell:Skip shell extension 'dsv' for command environment
[13.017s] INFO:colcon.colcon_ros.task.ament_python.build:Building ROS package in '/home/rafi/ros2/urdf_ws/src/simple_four_wheels_description' with build type 'ament_python'
[13.018s] Level 1:colcon.colcon_core.shell:create_environment_hook('simple_four_wheels_description', 'ament_prefix_path')
[13.018s] INFO:colcon.colcon_core.shell:Creating environment hook '/home/rafi/ros2/urdf_ws/install/simple_four_wheels_description/share/simple_four_wheels_description/hook/ament_prefix_path.ps1'
[13.056s] INFO:colcon.colcon_core.shell:Creating environment descriptor '/home/rafi/ros2/urdf_ws/install/simple_four_wheels_description/share/simple_four_wheels_description/hook/ament_prefix_path.dsv'
[13.058s] INFO:colcon.colcon_core.shell:Creating environment hook '/home/rafi/ros2/urdf_ws/install/simple_four_wheels_description/share/simple_four_wheels_description/hook/ament_prefix_path.sh'
[13.060s] INFO:colcon.colcon_core.shell:Skip shell extension 'powershell' for command environment: Not usable outside of PowerShell
[13.060s] DEBUG:colcon.colcon_core.shell:Skip shell extension 'dsv' for command environment
[13.365s] INFO:colcon.colcon_core.task.python.build:Building Python package in '/home/rafi/ros2/urdf_ws/src/assembly_refined_description'
[13.365s] INFO:colcon.colcon_core.shell:Skip shell extension 'powershell' for command environment: Not usable outside of PowerShell
[13.365s] DEBUG:colcon.colcon_core.shell:Skip shell extension 'dsv' for command environment
[13.636s] INFO:colcon.colcon_core.task.python.build:Building Python package in '/home/rafi/ros2/urdf_ws/src/binocular_vision_bot'
[13.636s] INFO:colcon.colcon_core.shell:Skip shell extension 'powershell' for command environment: Not usable outside of PowerShell
[13.636s] DEBUG:colcon.colcon_core.shell:Skip shell extension 'dsv' for command environment
[13.900s] INFO:colcon.colcon_core.task.python.build:Building Python package in '/home/rafi/ros2/urdf_ws/src/simple_four_wheels_description'
[13.900s] INFO:colcon.colcon_core.shell:Skip shell extension 'powershell' for command environment: Not usable outside of PowerShell
[13.900s] DEBUG:colcon.colcon_core.shell:Skip shell extension 'dsv' for command environment
[16.558s] DEBUG:colcon.colcon_core.event_handler.log_command:Invoking command in '/home/rafi/ros2/urdf_ws/src/assembly_refined_description': PYTHONPATH=/home/rafi/ros2/urdf_ws/build/assembly_refined_description/prefix_override:/usr/lib/python3/dist-packages/colcon_core/task/python/colcon_distutils_commands:/home/rafi/ros2/urdf_ws/install/assembly_refined_description/lib/python3.10/site-packages:${PYTHONPATH} /usr/bin/python3 -W ignore:setup.py install is deprecated setup.py egg_info --egg-base ../../build/assembly_refined_description build --build-base /home/rafi/ros2/urdf_ws/build/assembly_refined_description/build install --record /home/rafi/ros2/urdf_ws/build/assembly_refined_description/install.log --install-scripts $base/lib/assembly_refined_description --single-version-externally-managed install_data
[16.560s] DEBUG:colcon.colcon_core.event_handler.log_command:Invoking command in '/home/rafi/ros2/urdf_ws/src/binocular_vision_bot': PYTHONPATH=/home/rafi/ros2/urdf_ws/build/final_description/prefix_override:/usr/lib/python3/dist-packages/colcon_core/task/python/colcon_distutils_commands:/home/rafi/ros2/urdf_ws/install/final_description/lib/python3.10/site-packages:${PYTHONPATH} /usr/bin/python3 -W ignore:setup.py install is deprecated setup.py egg_info --egg-base ../../build/final_description build --build-base /home/rafi/ros2/urdf_ws/build/final_description/build install --record /home/rafi/ros2/urdf_ws/build/final_description/install.log --install-scripts $base/lib/final_description --single-version-externally-managed install_data
[16.562s] DEBUG:colcon.colcon_core.event_handler.log_command:Invoking command in '/home/rafi/ros2/urdf_ws/src/simple_four_wheels_description': PYTHONPATH=/home/rafi/ros2/urdf_ws/build/simple_four_wheels_description/prefix_override:/usr/lib/python3/dist-packages/colcon_core/task/python/colcon_distutils_commands:/home/rafi/ros2/urdf_ws/install/simple_four_wheels_description/lib/python3.10/site-packages:${PYTHONPATH} /usr/bin/python3 -W ignore:setup.py install is deprecated setup.py egg_info --egg-base ../../build/simple_four_wheels_description build --build-base /home/rafi/ros2/urdf_ws/build/simple_four_wheels_description/build install --record /home/rafi/ros2/urdf_ws/build/simple_four_wheels_description/install.log --install-scripts $base/lib/simple_four_wheels_description --single-version-externally-managed install_data
[17.029s] DEBUG:colcon.colcon_core.event_handler.log_command:Invoked command in '/home/rafi/ros2/urdf_ws/src/binocular_vision_bot' returned '0': PYTHONPATH=/home/rafi/ros2/urdf_ws/build/final_description/prefix_override:/usr/lib/python3/dist-packages/colcon_core/task/python/colcon_distutils_commands:/home/rafi/ros2/urdf_ws/install/final_description/lib/python3.10/site-packages:${PYTHONPATH} /usr/bin/python3 -W ignore:setup.py install is deprecated setup.py egg_info --egg-base ../../build/final_description build --build-base /home/rafi/ros2/urdf_ws/build/final_description/build install --record /home/rafi/ros2/urdf_ws/build/final_description/install.log --install-scripts $base/lib/final_description --single-version-externally-managed install_data
[17.255s] Level 1:colcon.colcon_core.environment:checking '/home/rafi/ros2/urdf_ws/install/final_description' for CMake module files
[17.257s] Level 1:colcon.colcon_core.environment:checking '/home/rafi/ros2/urdf_ws/install/final_description' for CMake config files
[17.263s] Level 1:colcon.colcon_core.environment:checking '/home/rafi/ros2/urdf_ws/install/final_description/lib'
[17.263s] Level 1:colcon.colcon_core.environment:checking '/home/rafi/ros2/urdf_ws/install/final_description/bin'
[17.264s] Level 1:colcon.colcon_core.environment:checking '/home/rafi/ros2/urdf_ws/install/final_description/lib/pkgconfig/final_description.pc'
[17.265s] Level 1:colcon.colcon_core.environment:checking '/home/rafi/ros2/urdf_ws/install/final_description/lib/python3.10/site-packages'
[17.265s] Level 1:colcon.colcon_core.shell:create_environment_hook('final_description', 'pythonpath')
[17.266s] INFO:colcon.colcon_core.shell:Creating environment hook '/home/rafi/ros2/urdf_ws/install/final_description/share/final_description/hook/pythonpath.ps1'
[17.267s] INFO:colcon.colcon_core.shell:Creating environment descriptor '/home/rafi/ros2/urdf_ws/install/final_description/share/final_description/hook/pythonpath.dsv'
[17.268s] INFO:colcon.colcon_core.shell:Creating environment hook '/home/rafi/ros2/urdf_ws/install/final_description/share/final_description/hook/pythonpath.sh'
[17.270s] Level 1:colcon.colcon_core.environment:checking '/home/rafi/ros2/urdf_ws/install/final_description/bin'
[17.271s] Level 1:colcon.colcon_core.environment:create_environment_scripts_only(final_description)
[17.272s] INFO:colcon.colcon_core.shell:Creating package script '/home/rafi/ros2/urdf_ws/install/final_description/share/final_description/package.ps1'
[17.288s] INFO:colcon.colcon_core.shell:Creating package descriptor '/home/rafi/ros2/urdf_ws/install/final_description/share/final_description/package.dsv'
[17.294s] INFO:colcon.colcon_core.shell:Creating package script '/home/rafi/ros2/urdf_ws/install/final_description/share/final_description/package.sh'
[17.298s] INFO:colcon.colcon_core.shell:Creating package script '/home/rafi/ros2/urdf_ws/install/final_description/share/final_description/package.bash'
[17.358s] INFO:colcon.colcon_core.shell:Creating package script '/home/rafi/ros2/urdf_ws/install/final_description/share/final_description/package.zsh'
[17.374s] Level 1:colcon.colcon_core.environment:create_file_with_runtime_dependencies(/home/rafi/ros2/urdf_ws/install/final_description/share/colcon-core/packages/final_description)
[17.380s] Level 1:colcon.colcon_core.environment:checking '/home/rafi/ros2/urdf_ws/install/assembly_refined_description' for CMake module files
[17.383s] DEBUG:colcon.colcon_core.event_handler.log_command:Invoked command in '/home/rafi/ros2/urdf_ws/src/assembly_refined_description' returned '0': PYTHONPATH=/home/rafi/ros2/urdf_ws/build/assembly_refined_description/prefix_override:/usr/lib/python3/dist-packages/colcon_core/task/python/colcon_distutils_commands:/home/rafi/ros2/urdf_ws/install/assembly_refined_description/lib/python3.10/site-packages:${PYTHONPATH} /usr/bin/python3 -W ignore:setup.py install is deprecated setup.py egg_info --egg-base ../../build/assembly_refined_description build --build-base /home/rafi/ros2/urdf_ws/build/assembly_refined_description/build install --record /home/rafi/ros2/urdf_ws/build/assembly_refined_description/install.log --install-scripts $base/lib/assembly_refined_description --single-version-externally-managed install_data
[17.384s] Level 1:colcon.colcon_core.environment:checking '/home/rafi/ros2/urdf_ws/install/assembly_refined_description' for CMake config files
[17.386s] Level 1:colcon.colcon_core.environment:checking '/home/rafi/ros2/urdf_ws/install/assembly_refined_description/lib'
[17.386s] Level 1:colcon.colcon_core.environment:checking '/home/rafi/ros2/urdf_ws/install/assembly_refined_description/bin'
[17.387s] Level 1:colcon.colcon_core.environment:checking '/home/rafi/ros2/urdf_ws/install/assembly_refined_description/lib/pkgconfig/assembly_refined_description.pc'
[17.388s] Level 1:colcon.colcon_core.environment:checking '/home/rafi/ros2/urdf_ws/install/assembly_refined_description/lib/python3.10/site-packages'
[17.388s] Level 1:colcon.colcon_core.shell:create_environment_hook('assembly_refined_description', 'pythonpath')
[17.389s] INFO:colcon.colcon_core.shell:Creating environment hook '/home/rafi/ros2/urdf_ws/install/assembly_refined_description/share/assembly_refined_description/hook/pythonpath.ps1'
[17.391s] INFO:colcon.colcon_core.shell:Creating environment descriptor '/home/rafi/ros2/urdf_ws/install/assembly_refined_description/share/assembly_refined_description/hook/pythonpath.dsv'
[17.392s] INFO:colcon.colcon_core.shell:Creating environment hook '/home/rafi/ros2/urdf_ws/install/assembly_refined_description/share/assembly_refined_description/hook/pythonpath.sh'
[17.394s] Level 1:colcon.colcon_core.environment:checking '/home/rafi/ros2/urdf_ws/install/assembly_refined_description/bin'
[17.395s] Level 1:colcon.colcon_core.environment:create_environment_scripts_only(assembly_refined_description)
[17.396s] INFO:colcon.colcon_core.shell:Creating package script '/home/rafi/ros2/urdf_ws/install/assembly_refined_description/share/assembly_refined_description/package.ps1'
[17.398s] INFO:colcon.colcon_core.shell:Creating package descriptor '/home/rafi/ros2/urdf_ws/install/assembly_refined_description/share/assembly_refined_description/package.dsv'
[17.398s] INFO:colcon.colcon_core.shell:Creating package script '/home/rafi/ros2/urdf_ws/install/assembly_refined_description/share/assembly_refined_description/package.sh'
[17.399s] INFO:colcon.colcon_core.shell:Creating package script '/home/rafi/ros2/urdf_ws/install/assembly_refined_description/share/assembly_refined_description/package.bash'
[17.399s] INFO:colcon.colcon_core.shell:Creating package script '/home/rafi/ros2/urdf_ws/install/assembly_refined_description/share/assembly_refined_description/package.zsh'
[17.399s] Level 1:colcon.colcon_core.environment:create_file_with_runtime_dependencies(/home/rafi/ros2/urdf_ws/install/assembly_refined_description/share/colcon-core/packages/assembly_refined_description)
[17.399s] Level 1:colcon.colcon_core.environment:checking '/home/rafi/ros2/urdf_ws/install/simple_four_wheels_description' for CMake module files
[17.400s] Level 1:colcon.colcon_core.environment:checking '/home/rafi/ros2/urdf_ws/install/simple_four_wheels_description' for CMake config files
[17.419s] DEBUG:colcon.colcon_core.event_handler.log_command:Invoked command in '/home/rafi/ros2/urdf_ws/src/simple_four_wheels_description' returned '0': PYTHONPATH=/home/rafi/ros2/urdf_ws/build/simple_four_wheels_description/prefix_override:/usr/lib/python3/dist-packages/colcon_core/task/python/colcon_distutils_commands:/home/rafi/ros2/urdf_ws/install/simple_four_wheels_description/lib/python3.10/site-packages:${PYTHONPATH} /usr/bin/python3 -W ignore:setup.py install is deprecated setup.py egg_info --egg-base ../../build/simple_four_wheels_description build --build-base /home/rafi/ros2/urdf_ws/build/simple_four_wheels_description/build install --record /home/rafi/ros2/urdf_ws/build/simple_four_wheels_description/install.log --install-scripts $base/lib/simple_four_wheels_description --single-version-externally-managed install_data
[17.419s] Level 1:colcon.colcon_core.environment:checking '/home/rafi/ros2/urdf_ws/install/simple_four_wheels_description/lib'
[17.419s] Level 1:colcon.colcon_core.environment:checking '/home/rafi/ros2/urdf_ws/install/simple_four_wheels_description/bin'
[17.419s] Level 1:colcon.colcon_core.environment:checking '/home/rafi/ros2/urdf_ws/install/simple_four_wheels_description/lib/pkgconfig/simple_four_wheels_description.pc'
[17.419s] Level 1:colcon.colcon_core.environment:checking '/home/rafi/ros2/urdf_ws/install/simple_four_wheels_description/lib/python3.10/site-packages'
[17.419s] Level 1:colcon.colcon_core.shell:create_environment_hook('simple_four_wheels_description', 'pythonpath')
[17.420s] INFO:colcon.colcon_core.shell:Creating environment hook '/home/rafi/ros2/urdf_ws/install/simple_four_wheels_description/share/simple_four_wheels_description/hook/pythonpath.ps1'
[17.439s] INFO:colcon.colcon_core.shell:Creating environment descriptor '/home/rafi/ros2/urdf_ws/install/simple_four_wheels_description/share/simple_four_wheels_description/hook/pythonpath.dsv'
[17.439s] INFO:colcon.colcon_core.shell:Creating environment hook '/home/rafi/ros2/urdf_ws/install/simple_four_wheels_description/share/simple_four_wheels_description/hook/pythonpath.sh'
[17.440s] Level 1:colcon.colcon_core.environment:checking '/home/rafi/ros2/urdf_ws/install/simple_four_wheels_description/bin'
[17.440s] Level 1:colcon.colcon_core.environment:create_environment_scripts_only(simple_four_wheels_description)
[17.440s] INFO:colcon.colcon_core.shell:Creating package script '/home/rafi/ros2/urdf_ws/install/simple_four_wheels_description/share/simple_four_wheels_description/package.ps1'
[17.441s] INFO:colcon.colcon_core.shell:Creating package descriptor '/home/rafi/ros2/urdf_ws/install/simple_four_wheels_description/share/simple_four_wheels_description/package.dsv'
[17.441s] INFO:colcon.colcon_core.shell:Creating package script '/home/rafi/ros2/urdf_ws/install/simple_four_wheels_description/share/simple_four_wheels_description/package.sh'
[17.442s] INFO:colcon.colcon_core.shell:Creating package script '/home/rafi/ros2/urdf_ws/install/simple_four_wheels_description/share/simple_four_wheels_description/package.bash'
[17.455s] INFO:colcon.colcon_core.shell:Creating package script '/home/rafi/ros2/urdf_ws/install/simple_four_wheels_description/share/simple_four_wheels_description/package.zsh'
[17.455s] Level 1:colcon.colcon_core.environment:create_file_with_runtime_dependencies(/home/rafi/ros2/urdf_ws/install/simple_four_wheels_description/share/colcon-core/packages/simple_four_wheels_description)
[17.456s] DEBUG:colcon.colcon_parallel_executor.executor.parallel:closing loop
[17.456s] DEBUG:colcon.colcon_parallel_executor.executor.parallel:loop closed
[17.456s] DEBUG:colcon.colcon_parallel_executor.executor.parallel:run_until_complete finished with '0'
[17.457s] DEBUG:colcon.colcon_core.event_reactor:joining thread
[17.737s] INFO:colcon.colcon_core.plugin_system:Skipping extension 'colcon_notification.desktop_notification.terminal_notifier': Not used on non-Darwin systems
[17.737s] INFO:colcon.colcon_core.plugin_system:Skipping extension 'colcon_notification.desktop_notification.win32': Not used on non-Windows systems
[17.738s] INFO:colcon.colcon_notification.desktop_notification:Sending desktop notification using 'notify2'
[17.878s] DEBUG:colcon.colcon_core.event_reactor:joined thread
[17.878s] INFO:colcon.colcon_core.shell:Creating prefix script '/home/rafi/ros2/urdf_ws/install/local_setup.ps1'
[17.883s] INFO:colcon.colcon_core.shell:Creating prefix util module '/home/rafi/ros2/urdf_ws/install/_local_setup_util_ps1.py'
[17.885s] INFO:colcon.colcon_core.shell:Creating prefix chain script '/home/rafi/ros2/urdf_ws/install/setup.ps1'
[17.899s] INFO:colcon.colcon_core.shell:Creating prefix script '/home/rafi/ros2/urdf_ws/install/local_setup.sh'
[17.900s] INFO:colcon.colcon_core.shell:Creating prefix util module '/home/rafi/ros2/urdf_ws/install/_local_setup_util_sh.py'
[17.901s] INFO:colcon.colcon_core.shell:Creating prefix chain script '/home/rafi/ros2/urdf_ws/install/setup.sh'
[17.903s] INFO:colcon.colcon_core.shell:Creating prefix script '/home/rafi/ros2/urdf_ws/install/local_setup.bash'
[17.904s] INFO:colcon.colcon_core.shell:Creating prefix chain script '/home/rafi/ros2/urdf_ws/install/setup.bash'
[17.905s] INFO:colcon.colcon_core.shell:Creating prefix script '/home/rafi/ros2/urdf_ws/install/local_setup.zsh'
[17.905s] INFO:colcon.colcon_core.shell:Creating prefix chain script '/home/rafi/ros2/urdf_ws/install/setup.zsh'
