/home/rafi/ros2/urdf_ws/install/assembly_refined_description/lib/python3.10/site-packages/assembly_refined_description/__init__.py
/home/rafi/ros2/urdf_ws/install/assembly_refined_description/lib/python3.10/site-packages/assembly_refined_description/openCV_img_processing.py
/home/rafi/ros2/urdf_ws/install/assembly_refined_description/lib/python3.10/site-packages/assembly_refined_description/__pycache__/__init__.cpython-310.pyc
/home/rafi/ros2/urdf_ws/install/assembly_refined_description/lib/python3.10/site-packages/assembly_refined_description/__pycache__/openCV_img_processing.cpython-310.pyc
/home/rafi/ros2/urdf_ws/install/assembly_refined_description/share/ament_index/resource_index/packages/assembly_refined_description
/home/rafi/ros2/urdf_ws/install/assembly_refined_description/share/assembly_refined_description/package.xml
/home/rafi/ros2/urdf_ws/install/assembly_refined_description/share/assembly_refined_description/launch/display.launch.py
/home/rafi/ros2/urdf_ws/install/assembly_refined_description/share/assembly_refined_description/launch/gazebo.launch.py
/home/rafi/ros2/urdf_ws/install/assembly_refined_description/share/assembly_refined_description/urdf/assembly_refined.gazebo
/home/rafi/ros2/urdf_ws/install/assembly_refined_description/share/assembly_refined_description/urdf/assembly_refined.xacro
/home/rafi/ros2/urdf_ws/install/assembly_refined_description/share/assembly_refined_description/urdf/gazebo_control.xacro
/home/rafi/ros2/urdf_ws/install/assembly_refined_description/share/assembly_refined_description/urdf/materials.xacro
/home/rafi/ros2/urdf_ws/install/assembly_refined_description/share/assembly_refined_description/urdf/assembly_refined.trans
/home/rafi/ros2/urdf_ws/install/assembly_refined_description/share/assembly_refined_description/meshes/base_link.stl
/home/rafi/ros2/urdf_ws/install/assembly_refined_description/share/assembly_refined_description/meshes/camera_v2__1__1.stl
/home/rafi/ros2/urdf_ws/install/assembly_refined_description/share/assembly_refined_description/meshes/motor_dummy_v2__1__1.stl
/home/rafi/ros2/urdf_ws/install/assembly_refined_description/share/assembly_refined_description/meshes/wheel_v3_1.stl
/home/rafi/ros2/urdf_ws/install/assembly_refined_description/share/assembly_refined_description/meshes/motor_mount_v3_1.stl
/home/rafi/ros2/urdf_ws/install/assembly_refined_description/share/assembly_refined_description/meshes/wheel_v3__1__1.stl
/home/rafi/ros2/urdf_ws/install/assembly_refined_description/share/assembly_refined_description/meshes/motor_mount_v3__1__1.stl
/home/rafi/ros2/urdf_ws/install/assembly_refined_description/share/assembly_refined_description/meshes/motor_dummy_v2_1.stl
/home/rafi/ros2/urdf_ws/install/assembly_refined_description/share/assembly_refined_description/meshes/camera_v2_1.stl
/home/rafi/ros2/urdf_ws/install/assembly_refined_description/share/assembly_refined_description/meshes/ball_caster_v2_1.stl
/home/rafi/ros2/urdf_ws/install/assembly_refined_description/share/assembly_refined_description/config/display.rviz
/home/rafi/ros2/urdf_ws/install/assembly_refined_description/lib/python3.10/site-packages/assembly_refined_description-0.0.0-py3.10.egg-info/entry_points.txt
/home/rafi/ros2/urdf_ws/install/assembly_refined_description/lib/python3.10/site-packages/assembly_refined_description-0.0.0-py3.10.egg-info/dependency_links.txt
/home/rafi/ros2/urdf_ws/install/assembly_refined_description/lib/python3.10/site-packages/assembly_refined_description-0.0.0-py3.10.egg-info/zip-safe
/home/rafi/ros2/urdf_ws/install/assembly_refined_description/lib/python3.10/site-packages/assembly_refined_description-0.0.0-py3.10.egg-info/requires.txt
/home/rafi/ros2/urdf_ws/install/assembly_refined_description/lib/python3.10/site-packages/assembly_refined_description-0.0.0-py3.10.egg-info/PKG-INFO
/home/rafi/ros2/urdf_ws/install/assembly_refined_description/lib/python3.10/site-packages/assembly_refined_description-0.0.0-py3.10.egg-info/SOURCES.txt
/home/rafi/ros2/urdf_ws/install/assembly_refined_description/lib/python3.10/site-packages/assembly_refined_description-0.0.0-py3.10.egg-info/top_level.txt
/home/rafi/ros2/urdf_ws/install/assembly_refined_description/lib/assembly_refined_description/openCV_img_processing
