/home/rafi/ros2/urdf_ws/install/Final_description/lib/python3.10/site-packages/Final_description/__init__.py
/home/rafi/ros2/urdf_ws/install/Final_description/lib/python3.10/site-packages/Final_description/__pycache__/__init__.cpython-310.pyc
/home/rafi/ros2/urdf_ws/install/Final_description/share/ament_index/resource_index/packages/Final_description
/home/rafi/ros2/urdf_ws/install/Final_description/share/Final_description/package.xml
/home/rafi/ros2/urdf_ws/install/Final_description/share/Final_description/launch/display.launch.py
/home/rafi/ros2/urdf_ws/install/Final_description/share/Final_description/launch/gazebo.launch.py
/home/rafi/ros2/urdf_ws/install/Final_description/share/Final_description/urdf/Final.trans
/home/rafi/ros2/urdf_ws/install/Final_description/share/Final_description/urdf/Final.xacro
/home/rafi/ros2/urdf_ws/install/Final_description/share/Final_description/urdf/Final.gazebo
/home/rafi/ros2/urdf_ws/install/Final_description/share/Final_description/urdf/materials.xacro
/home/rafi/ros2/urdf_ws/install/Final_description/share/Final_description/meshes/pipe_rear_right_1.stl
/home/rafi/ros2/urdf_ws/install/Final_description/share/Final_description/meshes/MG995_servo_v1__2__1.stl
/home/rafi/ros2/urdf_ws/install/Final_description/share/Final_description/meshes/pipe_lower_middle_right_1.stl
/home/rafi/ros2/urdf_ws/install/Final_description/share/Final_description/meshes/base_link.stl
/home/rafi/ros2/urdf_ws/install/Final_description/share/Final_description/meshes/link_servo_pipe_v1__3__1.stl
/home/rafi/ros2/urdf_ws/install/Final_description/share/Final_description/meshes/pipe_upper_middle_right_1.stl
/home/rafi/ros2/urdf_ws/install/Final_description/share/Final_description/meshes/dc_servo_connector_v1__3__1.stl
/home/rafi/ros2/urdf_ws/install/Final_description/share/Final_description/meshes/link_servo_pipe_v1__2__1.stl
/home/rafi/ros2/urdf_ws/install/Final_description/share/Final_description/meshes/wheel_2_1.stl
/home/rafi/ros2/urdf_ws/install/Final_description/share/Final_description/meshes/wheel4_1.stl
/home/rafi/ros2/urdf_ws/install/Final_description/share/Final_description/meshes/link_servo_pipe_left_1_1.stl
/home/rafi/ros2/urdf_ws/install/Final_description/share/Final_description/meshes/pipe_joint_middle_right_1.stl
/home/rafi/ros2/urdf_ws/install/Final_description/share/Final_description/meshes/MG995_servo_v1__1__1.stl
/home/rafi/ros2/urdf_ws/install/Final_description/share/Final_description/meshes/dc_motor_shaft_v1__4__1.stl
/home/rafi/ros2/urdf_ws/install/Final_description/share/Final_description/meshes/pipe_joint_middle_left_1.stl
/home/rafi/ros2/urdf_ws/install/Final_description/share/Final_description/meshes/hex_coupler_dummy_6_1.stl
/home/rafi/ros2/urdf_ws/install/Final_description/share/Final_description/meshes/dc_motor_shaft_v1_1.stl
/home/rafi/ros2/urdf_ws/install/Final_description/share/Final_description/meshes/wheel_1_1.stl
/home/rafi/ros2/urdf_ws/install/Final_description/share/Final_description/meshes/pipe_servo_link_rear_right_1.stl
/home/rafi/ros2/urdf_ws/install/Final_description/share/Final_description/meshes/MG995_servo_bracket_v1__1__1.stl
/home/rafi/ros2/urdf_ws/install/Final_description/share/Final_description/meshes/hex_coupler_dummy_4_1.stl
/home/rafi/ros2/urdf_ws/install/Final_description/share/Final_description/meshes/wheel5_1.stl
/home/rafi/ros2/urdf_ws/install/Final_description/share/Final_description/meshes/pipe_servo_link_right_1.stl
/home/rafi/ros2/urdf_ws/install/Final_description/share/Final_description/meshes/hex_coupler_dummy_5_1.stl
/home/rafi/ros2/urdf_ws/install/Final_description/share/Final_description/meshes/pipe_joint_rear_right_1.stl
/home/rafi/ros2/urdf_ws/install/Final_description/share/Final_description/meshes/pipe_upper_middle_left_1.stl
/home/rafi/ros2/urdf_ws/install/Final_description/share/Final_description/meshes/hex_coupler_dummy_1_1.stl
/home/rafi/ros2/urdf_ws/install/Final_description/share/Final_description/meshes/wheel_3_1.stl
/home/rafi/ros2/urdf_ws/install/Final_description/share/Final_description/meshes/wheel6_1.stl
/home/rafi/ros2/urdf_ws/install/Final_description/share/Final_description/meshes/pipe_joint_rear_1.stl
/home/rafi/ros2/urdf_ws/install/Final_description/share/Final_description/meshes/servo_connector_v2__3__1.stl
/home/rafi/ros2/urdf_ws/install/Final_description/share/Final_description/meshes/dc_motor_mount_1_1.stl
/home/rafi/ros2/urdf_ws/install/Final_description/share/Final_description/meshes/servo_connector_v2_1.stl
/home/rafi/ros2/urdf_ws/install/Final_description/share/Final_description/meshes/MG995_servo_bracket__Mirror__v1__1__1.stl
/home/rafi/ros2/urdf_ws/install/Final_description/share/Final_description/meshes/MG995_servo_bracket__Mirror__v1_1.stl
/home/rafi/ros2/urdf_ws/install/Final_description/share/Final_description/meshes/pipe_servo_link_rear_right__1__1.stl
/home/rafi/ros2/urdf_ws/install/Final_description/share/Final_description/meshes/pipe_lower_middle_left_1.stl
/home/rafi/ros2/urdf_ws/install/Final_description/share/Final_description/meshes/servo_connector_v2__1__1.stl
/home/rafi/ros2/urdf_ws/install/Final_description/share/Final_description/meshes/dc_motor_mount_v7__1__1.stl
/home/rafi/ros2/urdf_ws/install/Final_description/share/Final_description/meshes/pipe_dc_link_left_1.stl
/home/rafi/ros2/urdf_ws/install/Final_description/share/Final_description/meshes/pipe_joint_front_1.stl
/home/rafi/ros2/urdf_ws/install/Final_description/share/Final_description/meshes/dc_motor_shaft_v1__1__1.stl
/home/rafi/ros2/urdf_ws/install/Final_description/share/Final_description/meshes/dc_motor_mount_v7__2__1.stl
/home/rafi/ros2/urdf_ws/install/Final_description/share/Final_description/meshes/dc_motor_shaft_v1__2__1.stl
/home/rafi/ros2/urdf_ws/install/Final_description/share/Final_description/meshes/pipe_dc_link_right_1.stl
/home/rafi/ros2/urdf_ws/install/Final_description/share/Final_description/meshes/dc_servo_connector_v1__1__1.stl
/home/rafi/ros2/urdf_ws/install/Final_description/share/Final_description/meshes/pipe_servo_link_left_1.stl
/home/rafi/ros2/urdf_ws/install/Final_description/share/Final_description/meshes/pipe_front_right_1.stl
/home/rafi/ros2/urdf_ws/install/Final_description/share/Final_description/meshes/pipe_front_left_1.stl
/home/rafi/ros2/urdf_ws/install/Final_description/share/Final_description/meshes/dc_motor_shaft_v1__5__1.stl
/home/rafi/ros2/urdf_ws/install/Final_description/share/Final_description/meshes/dc_motor_mount_v7_1.stl
/home/rafi/ros2/urdf_ws/install/Final_description/share/Final_description/meshes/hex_coupler_dummy_2_1.stl
/home/rafi/ros2/urdf_ws/install/Final_description/share/Final_description/meshes/dc_motor_mount_v7__5__1.stl
/home/rafi/ros2/urdf_ws/install/Final_description/share/Final_description/meshes/servo_connector_v2__2__1.stl
/home/rafi/ros2/urdf_ws/install/Final_description/share/Final_description/meshes/pipe_joint_front_right_1.stl
/home/rafi/ros2/urdf_ws/install/Final_description/share/Final_description/meshes/MG995_servo_v1__3__1.stl
/home/rafi/ros2/urdf_ws/install/Final_description/share/Final_description/meshes/pipe_rear_left_1.stl
/home/rafi/ros2/urdf_ws/install/Final_description/share/Final_description/meshes/link_servo_pipe_v1__1__1.stl
/home/rafi/ros2/urdf_ws/install/Final_description/share/Final_description/meshes/dc_servo_connector_v1__2__1.stl
/home/rafi/ros2/urdf_ws/install/Final_description/share/Final_description/meshes/MG995_servo_v1_1.stl
/home/rafi/ros2/urdf_ws/install/Final_description/share/Final_description/meshes/hex_coupler_dummy_3_1.stl
/home/rafi/ros2/urdf_ws/install/Final_description/share/Final_description/meshes/dc_servo_connector_v1_1.stl
/home/rafi/ros2/urdf_ws/install/Final_description/share/Final_description/meshes/dc_motor_mount_v7__4__1.stl
/home/rafi/ros2/urdf_ws/install/Final_description/share/Final_description/meshes/MG995_servo_bracket_v1_1.stl
/home/rafi/ros2/urdf_ws/install/Final_description/share/Final_description/meshes/dc_motor_shaft_v1__3__1.stl
/home/rafi/ros2/urdf_ws/install/Final_description/share/Final_description/config/display.rviz
/home/rafi/ros2/urdf_ws/install/Final_description/lib/python3.10/site-packages/Final_description-0.0.0-py3.10.egg-info/entry_points.txt
/home/rafi/ros2/urdf_ws/install/Final_description/lib/python3.10/site-packages/Final_description-0.0.0-py3.10.egg-info/dependency_links.txt
/home/rafi/ros2/urdf_ws/install/Final_description/lib/python3.10/site-packages/Final_description-0.0.0-py3.10.egg-info/zip-safe
/home/rafi/ros2/urdf_ws/install/Final_description/lib/python3.10/site-packages/Final_description-0.0.0-py3.10.egg-info/requires.txt
/home/rafi/ros2/urdf_ws/install/Final_description/lib/python3.10/site-packages/Final_description-0.0.0-py3.10.egg-info/PKG-INFO
/home/rafi/ros2/urdf_ws/install/Final_description/lib/python3.10/site-packages/Final_description-0.0.0-py3.10.egg-info/SOURCES.txt
/home/rafi/ros2/urdf_ws/install/Final_description/lib/python3.10/site-packages/Final_description-0.0.0-py3.10.egg-info/top_level.txt
