/home/rafi/ros2/urdf_ws/install/final_description/lib/python3.10/site-packages/final_description/__init__.py
/home/rafi/ros2/urdf_ws/install/final_description/lib/python3.10/site-packages/final_description/__pycache__/__init__.cpython-310.pyc
/home/rafi/ros2/urdf_ws/install/final_description/share/ament_index/resource_index/packages/final_description
/home/rafi/ros2/urdf_ws/install/final_description/share/final_description/package.xml
/home/rafi/ros2/urdf_ws/install/final_description/share/final_description/launch/display.launch.py
/home/rafi/ros2/urdf_ws/install/final_description/share/final_description/launch/gz.launch.py
/home/rafi/ros2/urdf_ws/install/final_description/share/final_description/launch/gazebo.launch.py
/home/rafi/ros2/urdf_ws/install/final_description/share/final_description/urdf/final.trans
/home/rafi/ros2/urdf_ws/install/final_description/share/final_description/urdf/final.xacro
/home/rafi/ros2/urdf_ws/install/final_description/share/final_description/urdf/final.gazebo
/home/rafi/ros2/urdf_ws/install/final_description/share/final_description/urdf/materials.xacro
/home/rafi/ros2/urdf_ws/install/final_description/share/final_description/meshes/base_link.stl
/home/rafi/ros2/urdf_ws/install/final_description/share/final_description/meshes/motor_mount_v1_1.stl
/home/rafi/ros2/urdf_ws/install/final_description/share/final_description/meshes/motor_dummy_v1__1__1.stl
/home/rafi/ros2/urdf_ws/install/final_description/share/final_description/meshes/ball_caster_v1_1.stl
/home/rafi/ros2/urdf_ws/install/final_description/share/final_description/meshes/camera_v1_1.stl
/home/rafi/ros2/urdf_ws/install/final_description/share/final_description/meshes/motor_mount_v1__1__1.stl
/home/rafi/ros2/urdf_ws/install/final_description/share/final_description/meshes/camera_v1__1__1.stl
/home/rafi/ros2/urdf_ws/install/final_description/share/final_description/meshes/motor_dummy_v1_1.stl
/home/rafi/ros2/urdf_ws/install/final_description/share/final_description/meshes/wheel_v2_1.stl
/home/rafi/ros2/urdf_ws/install/final_description/share/final_description/meshes/wheel_v2__1__1.stl
/home/rafi/ros2/urdf_ws/install/final_description/share/final_description/config/display.rviz
/home/rafi/ros2/urdf_ws/install/final_description/lib/python3.10/site-packages/final_description-0.0.0-py3.10.egg-info/entry_points.txt
/home/rafi/ros2/urdf_ws/install/final_description/lib/python3.10/site-packages/final_description-0.0.0-py3.10.egg-info/dependency_links.txt
/home/rafi/ros2/urdf_ws/install/final_description/lib/python3.10/site-packages/final_description-0.0.0-py3.10.egg-info/zip-safe
/home/rafi/ros2/urdf_ws/install/final_description/lib/python3.10/site-packages/final_description-0.0.0-py3.10.egg-info/requires.txt
/home/rafi/ros2/urdf_ws/install/final_description/lib/python3.10/site-packages/final_description-0.0.0-py3.10.egg-info/PKG-INFO
/home/rafi/ros2/urdf_ws/install/final_description/lib/python3.10/site-packages/final_description-0.0.0-py3.10.egg-info/SOURCES.txt
/home/rafi/ros2/urdf_ws/install/final_description/lib/python3.10/site-packages/final_description-0.0.0-py3.10.egg-info/top_level.txt
