running egg_info
creating ../../build/assembly_refined_description/assembly_refined_description.egg-info
writing ../../build/assembly_refined_description/assembly_refined_description.egg-info/PKG-INFO
writing dependency_links to ../../build/assembly_refined_description/assembly_refined_description.egg-info/dependency_links.txt
writing entry points to ../../build/assembly_refined_description/assembly_refined_description.egg-info/entry_points.txt
writing requirements to ../../build/assembly_refined_description/assembly_refined_description.egg-info/requires.txt
writing top-level names to ../../build/assembly_refined_description/assembly_refined_description.egg-info/top_level.txt
writing manifest file '../../build/assembly_refined_description/assembly_refined_description.egg-info/SOURCES.txt'
reading manifest file '../../build/assembly_refined_description/assembly_refined_description.egg-info/SOURCES.txt'
writing manifest file '../../build/assembly_refined_description/assembly_refined_description.egg-info/SOURCES.txt'
running build
running build_py
creating /home/rafi/ros2/urdf_ws/build/assembly_refined_description/build
creating /home/rafi/ros2/urdf_ws/build/assembly_refined_description/build/lib
creating /home/rafi/ros2/urdf_ws/build/assembly_refined_description/build/lib/assembly_refined_description
copying assembly_refined_description/__init__.py -> /home/rafi/ros2/urdf_ws/build/assembly_refined_description/build/lib/assembly_refined_description
running install
running install_lib
creating /home/rafi/ros2/urdf_ws/install/assembly_refined_description/lib/python3.10/site-packages/assembly_refined_description
copying /home/rafi/ros2/urdf_ws/build/assembly_refined_description/build/lib/assembly_refined_description/__init__.py -> /home/rafi/ros2/urdf_ws/install/assembly_refined_description/lib/python3.10/site-packages/assembly_refined_description
byte-compiling /home/rafi/ros2/urdf_ws/install/assembly_refined_description/lib/python3.10/site-packages/assembly_refined_description/__init__.py to __init__.cpython-310.pyc
running install_data
creating /home/rafi/ros2/urdf_ws/install/assembly_refined_description/share/ament_index
creating /home/rafi/ros2/urdf_ws/install/assembly_refined_description/share/ament_index/resource_index
creating /home/rafi/ros2/urdf_ws/install/assembly_refined_description/share/ament_index/resource_index/packages
copying resource/assembly_refined_description -> /home/rafi/ros2/urdf_ws/install/assembly_refined_description/share/ament_index/resource_index/packages
copying package.xml -> /home/rafi/ros2/urdf_ws/install/assembly_refined_description/share/assembly_refined_description
creating /home/rafi/ros2/urdf_ws/install/assembly_refined_description/share/assembly_refined_description/launch
copying launch/display.launch.py -> /home/rafi/ros2/urdf_ws/install/assembly_refined_description/share/assembly_refined_description/launch
copying launch/gazebo.launch.py -> /home/rafi/ros2/urdf_ws/install/assembly_refined_description/share/assembly_refined_description/launch
creating /home/rafi/ros2/urdf_ws/install/assembly_refined_description/share/assembly_refined_description/urdf
copying urdf/assembly_refined.gazebo -> /home/rafi/ros2/urdf_ws/install/assembly_refined_description/share/assembly_refined_description/urdf
copying urdf/assembly_refined.xacro -> /home/rafi/ros2/urdf_ws/install/assembly_refined_description/share/assembly_refined_description/urdf
copying urdf/materials.xacro -> /home/rafi/ros2/urdf_ws/install/assembly_refined_description/share/assembly_refined_description/urdf
copying urdf/assembly_refined.trans -> /home/rafi/ros2/urdf_ws/install/assembly_refined_description/share/assembly_refined_description/urdf
creating /home/rafi/ros2/urdf_ws/install/assembly_refined_description/share/assembly_refined_description/meshes
copying meshes/base_link.stl -> /home/rafi/ros2/urdf_ws/install/assembly_refined_description/share/assembly_refined_description/meshes
copying meshes/camera_v2__1__1.stl -> /home/rafi/ros2/urdf_ws/install/assembly_refined_description/share/assembly_refined_description/meshes
copying meshes/motor_dummy_v2__1__1.stl -> /home/rafi/ros2/urdf_ws/install/assembly_refined_description/share/assembly_refined_description/meshes
copying meshes/wheel_v3_1.stl -> /home/rafi/ros2/urdf_ws/install/assembly_refined_description/share/assembly_refined_description/meshes
copying meshes/motor_mount_v3_1.stl -> /home/rafi/ros2/urdf_ws/install/assembly_refined_description/share/assembly_refined_description/meshes
copying meshes/wheel_v3__1__1.stl -> /home/rafi/ros2/urdf_ws/install/assembly_refined_description/share/assembly_refined_description/meshes
copying meshes/motor_mount_v3__1__1.stl -> /home/rafi/ros2/urdf_ws/install/assembly_refined_description/share/assembly_refined_description/meshes
copying meshes/motor_dummy_v2_1.stl -> /home/rafi/ros2/urdf_ws/install/assembly_refined_description/share/assembly_refined_description/meshes
copying meshes/camera_v2_1.stl -> /home/rafi/ros2/urdf_ws/install/assembly_refined_description/share/assembly_refined_description/meshes
copying meshes/ball_caster_v2_1.stl -> /home/rafi/ros2/urdf_ws/install/assembly_refined_description/share/assembly_refined_description/meshes
creating /home/rafi/ros2/urdf_ws/install/assembly_refined_description/share/assembly_refined_description/config
copying config/display.rviz -> /home/rafi/ros2/urdf_ws/install/assembly_refined_description/share/assembly_refined_description/config
running install_egg_info
Copying ../../build/assembly_refined_description/assembly_refined_description.egg-info to /home/rafi/ros2/urdf_ws/install/assembly_refined_description/lib/python3.10/site-packages/assembly_refined_description-0.0.0-py3.10.egg-info
running install_scripts
writing list of installed files to '/home/rafi/ros2/urdf_ws/build/assembly_refined_description/install.log'
