[4.754s] Invoking command in '/home/rafi/ros2/urdf_ws/src/simple_four_wheels_description': PYTHONPATH=/home/rafi/ros2/urdf_ws/build/simple_four_wheels_description/prefix_override:/usr/lib/python3/dist-packages/colcon_core/task/python/colcon_distutils_commands:/home/rafi/ros2/urdf_ws/install/simple_four_wheels_description/lib/python3.10/site-packages:${PYTHONPATH} /usr/bin/python3 -W ignore:setup.py install is deprecated setup.py egg_info --egg-base ../../build/simple_four_wheels_description build --build-base /home/rafi/ros2/urdf_ws/build/simple_four_wheels_description/build install --record /home/rafi/ros2/urdf_ws/build/simple_four_wheels_description/install.log --install-scripts $base/lib/simple_four_wheels_description --single-version-externally-managed install_data
[5.672s] /usr/lib/python3/dist-packages/setuptools/dist.py:723: UserWarning: Usage of dash-separated 'script-dir' will not be supported in future versions. Please use the underscore name 'script_dir' instead
[5.672s]   warnings.warn(
[5.725s] running egg_info
[5.732s] writing ../../build/simple_four_wheels_description/simple_four_wheels_description.egg-info/PKG-INFO
[5.734s] writing dependency_links to ../../build/simple_four_wheels_description/simple_four_wheels_description.egg-info/dependency_links.txt
[5.735s] writing entry points to ../../build/simple_four_wheels_description/simple_four_wheels_description.egg-info/entry_points.txt
[5.735s] writing requirements to ../../build/simple_four_wheels_description/simple_four_wheels_description.egg-info/requires.txt
[5.735s] writing top-level names to ../../build/simple_four_wheels_description/simple_four_wheels_description.egg-info/top_level.txt
[5.745s] reading manifest file '../../build/simple_four_wheels_description/simple_four_wheels_description.egg-info/SOURCES.txt'
[5.752s] writing manifest file '../../build/simple_four_wheels_description/simple_four_wheels_description.egg-info/SOURCES.txt'
[5.753s] running build
[5.753s] running build_py
[5.754s] running install
[5.755s] running install_lib
[5.764s] running install_data
[5.764s] running install_egg_info
[5.775s] removing '/home/rafi/ros2/urdf_ws/install/simple_four_wheels_description/lib/python3.10/site-packages/simple_four_wheels_description-0.0.0-py3.10.egg-info' (and everything under it)
[5.775s] Copying ../../build/simple_four_wheels_description/simple_four_wheels_description.egg-info to /home/rafi/ros2/urdf_ws/install/simple_four_wheels_description/lib/python3.10/site-packages/simple_four_wheels_description-0.0.0-py3.10.egg-info
[5.777s] running install_scripts
[5.876s] writing list of installed files to '/home/rafi/ros2/urdf_ws/build/simple_four_wheels_description/install.log'
[6.203s] Invoked command in '/home/rafi/ros2/urdf_ws/src/simple_four_wheels_description' returned '0': PYTHONPATH=/home/rafi/ros2/urdf_ws/build/simple_four_wheels_description/prefix_override:/usr/lib/python3/dist-packages/colcon_core/task/python/colcon_distutils_commands:/home/rafi/ros2/urdf_ws/install/simple_four_wheels_description/lib/python3.10/site-packages:${PYTHONPATH} /usr/bin/python3 -W ignore:setup.py install is deprecated setup.py egg_info --egg-base ../../build/simple_four_wheels_description build --build-base /home/rafi/ros2/urdf_ws/build/simple_four_wheels_description/build install --record /home/rafi/ros2/urdf_ws/build/simple_four_wheels_description/install.log --install-scripts $base/lib/simple_four_wheels_description --single-version-externally-managed install_data
