/home/rafi/ros2/urdf_ws/install/simple_four_wheels_description/lib/python3.10/site-packages/simple_four_wheels_description/__init__.py
/home/rafi/ros2/urdf_ws/install/simple_four_wheels_description/lib/python3.10/site-packages/simple_four_wheels_description/__pycache__/__init__.cpython-310.pyc
/home/rafi/ros2/urdf_ws/install/simple_four_wheels_description/share/ament_index/resource_index/packages/simple_four_wheels_description
/home/rafi/ros2/urdf_ws/install/simple_four_wheels_description/share/simple_four_wheels_description/package.xml
/home/rafi/ros2/urdf_ws/install/simple_four_wheels_description/share/simple_four_wheels_description/launch/display.launch.py
/home/rafi/ros2/urdf_ws/install/simple_four_wheels_description/share/simple_four_wheels_description/launch/gazebo.launch.py
/home/rafi/ros2/urdf_ws/install/simple_four_wheels_description/share/simple_four_wheels_description/urdf/simple_four_wheels.trans
/home/rafi/ros2/urdf_ws/install/simple_four_wheels_description/share/simple_four_wheels_description/urdf/simple_four_wheels.gazebo
/home/rafi/ros2/urdf_ws/install/simple_four_wheels_description/share/simple_four_wheels_description/urdf/materials.xacro
/home/rafi/ros2/urdf_ws/install/simple_four_wheels_description/share/simple_four_wheels_description/urdf/simple_four_wheels.xacro
/home/rafi/ros2/urdf_ws/install/simple_four_wheels_description/share/simple_four_wheels_description/meshes/right_wheel_2_1.stl
/home/rafi/ros2/urdf_ws/install/simple_four_wheels_description/share/simple_four_wheels_description/meshes/left_cam_1.stl
/home/rafi/ros2/urdf_ws/install/simple_four_wheels_description/share/simple_four_wheels_description/meshes/base_link.stl
/home/rafi/ros2/urdf_ws/install/simple_four_wheels_description/share/simple_four_wheels_description/meshes/left_wheel_2_1.stl
/home/rafi/ros2/urdf_ws/install/simple_four_wheels_description/share/simple_four_wheels_description/meshes/left_wheel_1_1.stl
/home/rafi/ros2/urdf_ws/install/simple_four_wheels_description/share/simple_four_wheels_description/meshes/right_cam_1.stl
/home/rafi/ros2/urdf_ws/install/simple_four_wheels_description/share/simple_four_wheels_description/meshes/right_wheel_1_1.stl
/home/rafi/ros2/urdf_ws/install/simple_four_wheels_description/share/simple_four_wheels_description/config/display.rviz
/home/rafi/ros2/urdf_ws/install/simple_four_wheels_description/lib/python3.10/site-packages/simple_four_wheels_description-0.0.0-py3.10.egg-info/entry_points.txt
/home/rafi/ros2/urdf_ws/install/simple_four_wheels_description/lib/python3.10/site-packages/simple_four_wheels_description-0.0.0-py3.10.egg-info/dependency_links.txt
/home/rafi/ros2/urdf_ws/install/simple_four_wheels_description/lib/python3.10/site-packages/simple_four_wheels_description-0.0.0-py3.10.egg-info/zip-safe
/home/rafi/ros2/urdf_ws/install/simple_four_wheels_description/lib/python3.10/site-packages/simple_four_wheels_description-0.0.0-py3.10.egg-info/requires.txt
/home/rafi/ros2/urdf_ws/install/simple_four_wheels_description/lib/python3.10/site-packages/simple_four_wheels_description-0.0.0-py3.10.egg-info/PKG-INFO
/home/rafi/ros2/urdf_ws/install/simple_four_wheels_description/lib/python3.10/site-packages/simple_four_wheels_description-0.0.0-py3.10.egg-info/SOURCES.txt
/home/rafi/ros2/urdf_ws/install/simple_four_wheels_description/lib/python3.10/site-packages/simple_four_wheels_description-0.0.0-py3.10.egg-info/top_level.txt
