/usr/lib/python3/dist-packages/setuptools/dist.py:723: UserWarning: Usage of dash-separated 'script-dir' will not be supported in future versions. Please use the underscore name 'script_dir' instead
  warnings.warn(
running egg_info
creating ../../../build/final_description/final_description.egg-info
writing ../../../build/final_description/final_description.egg-info/PKG-INFO
writing dependency_links to ../../../build/final_description/final_description.egg-info/dependency_links.txt
writing entry points to ../../../build/final_description/final_description.egg-info/entry_points.txt
writing requirements to ../../../build/final_description/final_description.egg-info/requires.txt
writing top-level names to ../../../build/final_description/final_description.egg-info/top_level.txt
writing manifest file '../../../build/final_description/final_description.egg-info/SOURCES.txt'
reading manifest file '../../../build/final_description/final_description.egg-info/SOURCES.txt'
writing manifest file '../../../build/final_description/final_description.egg-info/SOURCES.txt'
running build
running build_py
creating /home/rafi/ros2/urdf_ws/build/final_description/build
creating /home/rafi/ros2/urdf_ws/build/final_description/build/lib
creating /home/rafi/ros2/urdf_ws/build/final_description/build/lib/final_description
copying final_description/__init__.py -> /home/rafi/ros2/urdf_ws/build/final_description/build/lib/final_description
running install
running install_lib
creating /home/rafi/ros2/urdf_ws/install/final_description/lib/python3.10/site-packages/final_description
copying /home/rafi/ros2/urdf_ws/build/final_description/build/lib/final_description/__init__.py -> /home/rafi/ros2/urdf_ws/install/final_description/lib/python3.10/site-packages/final_description
byte-compiling /home/rafi/ros2/urdf_ws/install/final_description/lib/python3.10/site-packages/final_description/__init__.py to __init__.cpython-310.pyc
running install_data
creating /home/rafi/ros2/urdf_ws/install/final_description/share/ament_index
creating /home/rafi/ros2/urdf_ws/install/final_description/share/ament_index/resource_index
creating /home/rafi/ros2/urdf_ws/install/final_description/share/ament_index/resource_index/packages
copying resource/final_description -> /home/rafi/ros2/urdf_ws/install/final_description/share/ament_index/resource_index/packages
copying package.xml -> /home/rafi/ros2/urdf_ws/install/final_description/share/final_description
creating /home/rafi/ros2/urdf_ws/install/final_description/share/final_description/launch
copying launch/display.launch.py -> /home/rafi/ros2/urdf_ws/install/final_description/share/final_description/launch
copying launch/gazebo.launch.py -> /home/rafi/ros2/urdf_ws/install/final_description/share/final_description/launch
creating /home/rafi/ros2/urdf_ws/install/final_description/share/final_description/urdf
copying urdf/final.trans -> /home/rafi/ros2/urdf_ws/install/final_description/share/final_description/urdf
copying urdf/final.xacro -> /home/rafi/ros2/urdf_ws/install/final_description/share/final_description/urdf
copying urdf/final.gazebo -> /home/rafi/ros2/urdf_ws/install/final_description/share/final_description/urdf
copying urdf/materials.xacro -> /home/rafi/ros2/urdf_ws/install/final_description/share/final_description/urdf
creating /home/rafi/ros2/urdf_ws/install/final_description/share/final_description/meshes
copying meshes/base_link.stl -> /home/rafi/ros2/urdf_ws/install/final_description/share/final_description/meshes
copying meshes/motor_mount_v1_1.stl -> /home/rafi/ros2/urdf_ws/install/final_description/share/final_description/meshes
copying meshes/motor_dummy_v1__1__1.stl -> /home/rafi/ros2/urdf_ws/install/final_description/share/final_description/meshes
copying meshes/ball_caster_v1_1.stl -> /home/rafi/ros2/urdf_ws/install/final_description/share/final_description/meshes
copying meshes/camera_v1_1.stl -> /home/rafi/ros2/urdf_ws/install/final_description/share/final_description/meshes
copying meshes/motor_mount_v1__1__1.stl -> /home/rafi/ros2/urdf_ws/install/final_description/share/final_description/meshes
copying meshes/camera_v1__1__1.stl -> /home/rafi/ros2/urdf_ws/install/final_description/share/final_description/meshes
copying meshes/motor_dummy_v1_1.stl -> /home/rafi/ros2/urdf_ws/install/final_description/share/final_description/meshes
copying meshes/wheel_v2_1.stl -> /home/rafi/ros2/urdf_ws/install/final_description/share/final_description/meshes
copying meshes/wheel_v2__1__1.stl -> /home/rafi/ros2/urdf_ws/install/final_description/share/final_description/meshes
creating /home/rafi/ros2/urdf_ws/install/final_description/share/final_description/config
copying config/display.rviz -> /home/rafi/ros2/urdf_ws/install/final_description/share/final_description/config
running install_egg_info
Copying ../../../build/final_description/final_description.egg-info to /home/rafi/ros2/urdf_ws/install/final_description/lib/python3.10/site-packages/final_description-0.0.0-py3.10.egg-info
running install_scripts
writing list of installed files to '/home/rafi/ros2/urdf_ws/build/final_description/install.log'
