[4.757s] Invoking command in '/home/rafi/ros2/urdf_ws/src/binocular_vision_bot': PYTHONPATH=/home/rafi/ros2/urdf_ws/build/final_description/prefix_override:/usr/lib/python3/dist-packages/colcon_core/task/python/colcon_distutils_commands:/home/rafi/ros2/urdf_ws/install/final_description/lib/python3.10/site-packages:${PYTHONPATH} /usr/bin/python3 -W ignore:setup.py install is deprecated setup.py egg_info --egg-base ../../build/final_description build --build-base /home/rafi/ros2/urdf_ws/build/final_description/build install --record /home/rafi/ros2/urdf_ws/build/final_description/install.log --install-scripts $base/lib/final_description --single-version-externally-managed install_data
[5.605s] /usr/lib/python3/dist-packages/setuptools/dist.py:723: UserWarning: Usage of dash-separated 'script-dir' will not be supported in future versions. Please use the underscore name 'script_dir' instead
[5.606s]   warnings.warn(
[5.653s] running egg_info
[5.660s] writing ../../build/final_description/final_description.egg-info/PKG-INFO
[5.661s] writing dependency_links to ../../build/final_description/final_description.egg-info/dependency_links.txt
[5.662s] writing entry points to ../../build/final_description/final_description.egg-info/entry_points.txt
[5.662s] writing requirements to ../../build/final_description/final_description.egg-info/requires.txt
[5.662s] writing top-level names to ../../build/final_description/final_description.egg-info/top_level.txt
[5.672s] reading manifest file '../../build/final_description/final_description.egg-info/SOURCES.txt'
[5.678s] writing manifest file '../../build/final_description/final_description.egg-info/SOURCES.txt'
[5.679s] running build
[5.679s] running build_py
[5.680s] running install
[5.681s] running install_lib
[5.687s] running install_data
[5.688s] running install_egg_info
[5.698s] removing '/home/rafi/ros2/urdf_ws/install/final_description/lib/python3.10/site-packages/final_description-0.0.0-py3.10.egg-info' (and everything under it)
[5.698s] Copying ../../build/final_description/final_description.egg-info to /home/rafi/ros2/urdf_ws/install/final_description/lib/python3.10/site-packages/final_description-0.0.0-py3.10.egg-info
[5.700s] running install_scripts
[5.791s] writing list of installed files to '/home/rafi/ros2/urdf_ws/build/final_description/install.log'
[6.100s] Invoked command in '/home/rafi/ros2/urdf_ws/src/binocular_vision_bot' returned '0': PYTHONPATH=/home/rafi/ros2/urdf_ws/build/final_description/prefix_override:/usr/lib/python3/dist-packages/colcon_core/task/python/colcon_distutils_commands:/home/rafi/ros2/urdf_ws/install/final_description/lib/python3.10/site-packages:${PYTHONPATH} /usr/bin/python3 -W ignore:setup.py install is deprecated setup.py egg_info --egg-base ../../build/final_description build --build-base /home/rafi/ros2/urdf_ws/build/final_description/build install --record /home/rafi/ros2/urdf_ws/build/final_description/install.log --install-scripts $base/lib/final_description --single-version-externally-managed install_data
