[2.210s] Invoking command in '/home/rafi/ros2/urdf_ws/src/assembly_refined_description': PYTHONPATH=/home/rafi/ros2/urdf_ws/build/assembly_refined_description/prefix_override:/usr/lib/python3/dist-packages/colcon_core/task/python/colcon_distutils_commands:/home/rafi/ros2/urdf_ws/install/assembly_refined_description/lib/python3.10/site-packages:${PYTHONPATH} /usr/bin/python3 -W ignore:setup.py install is deprecated setup.py egg_info --egg-base ../../build/assembly_refined_description build --build-base /home/rafi/ros2/urdf_ws/build/assembly_refined_description/build install --record /home/rafi/ros2/urdf_ws/build/assembly_refined_description/install.log --install-scripts $base/lib/assembly_refined_description --single-version-externally-managed install_data
[2.450s] /usr/lib/python3/dist-packages/setuptools/dist.py:723: UserWarning: Usage of dash-separated 'script-dir' will not be supported in future versions. Please use the underscore name 'script_dir' instead
[2.450s]   warnings.warn(
[2.459s] running egg_info
[2.460s] writing ../../build/assembly_refined_description/assembly_refined_description.egg-info/PKG-INFO
[2.460s] writing dependency_links to ../../build/assembly_refined_description/assembly_refined_description.egg-info/dependency_links.txt
[2.460s] writing entry points to ../../build/assembly_refined_description/assembly_refined_description.egg-info/entry_points.txt
[2.460s] writing requirements to ../../build/assembly_refined_description/assembly_refined_description.egg-info/requires.txt
[2.460s] writing top-level names to ../../build/assembly_refined_description/assembly_refined_description.egg-info/top_level.txt
[2.463s] reading manifest file '../../build/assembly_refined_description/assembly_refined_description.egg-info/SOURCES.txt'
[2.463s] writing manifest file '../../build/assembly_refined_description/assembly_refined_description.egg-info/SOURCES.txt'
[2.464s] running build
[2.464s] running build_py
[2.464s] copying assembly_refined_description/openCV_img_processing.py -> /home/rafi/ros2/urdf_ws/build/assembly_refined_description/build/lib/assembly_refined_description
[2.464s] running install
[2.464s] running install_lib
[2.465s] copying /home/rafi/ros2/urdf_ws/build/assembly_refined_description/build/lib/assembly_refined_description/openCV_img_processing.py -> /home/rafi/ros2/urdf_ws/install/assembly_refined_description/lib/python3.10/site-packages/assembly_refined_description
[2.466s] byte-compiling /home/rafi/ros2/urdf_ws/install/assembly_refined_description/lib/python3.10/site-packages/assembly_refined_description/openCV_img_processing.py to openCV_img_processing.cpython-310.pyc
[2.466s] running install_data
[2.467s] running install_egg_info
[2.468s] removing '/home/rafi/ros2/urdf_ws/install/assembly_refined_description/lib/python3.10/site-packages/assembly_refined_description-0.0.0-py3.10.egg-info' (and everything under it)
[2.469s] Copying ../../build/assembly_refined_description/assembly_refined_description.egg-info to /home/rafi/ros2/urdf_ws/install/assembly_refined_description/lib/python3.10/site-packages/assembly_refined_description-0.0.0-py3.10.egg-info
[2.469s] running install_scripts
[2.491s] Installing openCV_img_processing script to /home/rafi/ros2/urdf_ws/install/assembly_refined_description/lib/assembly_refined_description
[2.491s] writing list of installed files to '/home/rafi/ros2/urdf_ws/build/assembly_refined_description/install.log'
[2.544s] Invoked command in '/home/rafi/ros2/urdf_ws/src/assembly_refined_description' returned '0': PYTHONPATH=/home/rafi/ros2/urdf_ws/build/assembly_refined_description/prefix_override:/usr/lib/python3/dist-packages/colcon_core/task/python/colcon_distutils_commands:/home/rafi/ros2/urdf_ws/install/assembly_refined_description/lib/python3.10/site-packages:${PYTHONPATH} /usr/bin/python3 -W ignore:setup.py install is deprecated setup.py egg_info --egg-base ../../build/assembly_refined_description build --build-base /home/rafi/ros2/urdf_ws/build/assembly_refined_description/build install --record /home/rafi/ros2/urdf_ws/build/assembly_refined_description/install.log --install-scripts $base/lib/assembly_refined_description --single-version-externally-managed install_data
