running egg_info
writing ../../build/Final_description/Final_description.egg-info/PKG-INFO
writing dependency_links to ../../build/Final_description/Final_description.egg-info/dependency_links.txt
writing entry points to ../../build/Final_description/Final_description.egg-info/entry_points.txt
writing requirements to ../../build/Final_description/Final_description.egg-info/requires.txt
writing top-level names to ../../build/Final_description/Final_description.egg-info/top_level.txt
reading manifest file '../../build/Final_description/Final_description.egg-info/SOURCES.txt'
writing manifest file '../../build/Final_description/Final_description.egg-info/SOURCES.txt'
running build
running build_py
copying Final_description/__init__.py -> /home/rafi/ros2/urdf_ws/build/Final_description/build/lib/Final_description
running install
running install_lib
copying /home/rafi/ros2/urdf_ws/build/Final_description/build/lib/Final_description/__init__.py -> /home/rafi/ros2/urdf_ws/install/Final_description/lib/python3.10/site-packages/Final_description
running install_data
copying resource/Final_description -> /home/rafi/ros2/urdf_ws/install/Final_description/share/ament_index/resource_index/packages
copying package.xml -> /home/rafi/ros2/urdf_ws/install/Final_description/share/Final_description
copying launch/display.launch.py -> /home/rafi/ros2/urdf_ws/install/Final_description/share/Final_description/launch
copying urdf/Final.trans -> /home/rafi/ros2/urdf_ws/install/Final_description/share/Final_description/urdf
copying urdf/Final.xacro -> /home/rafi/ros2/urdf_ws/install/Final_description/share/Final_description/urdf
copying urdf/Final.gazebo -> /home/rafi/ros2/urdf_ws/install/Final_description/share/Final_description/urdf
copying urdf/materials.xacro -> /home/rafi/ros2/urdf_ws/install/Final_description/share/Final_description/urdf
copying meshes/pipe_rear_right_1.stl -> /home/rafi/ros2/urdf_ws/install/Final_description/share/Final_description/meshes
copying meshes/MG995_servo_v1__2__1.stl -> /home/rafi/ros2/urdf_ws/install/Final_description/share/Final_description/meshes
copying meshes/pipe_lower_middle_right_1.stl -> /home/rafi/ros2/urdf_ws/install/Final_description/share/Final_description/meshes
copying meshes/base_link.stl -> /home/rafi/ros2/urdf_ws/install/Final_description/share/Final_description/meshes
copying meshes/link_servo_pipe_v1__3__1.stl -> /home/rafi/ros2/urdf_ws/install/Final_description/share/Final_description/meshes
copying meshes/pipe_upper_middle_right_1.stl -> /home/rafi/ros2/urdf_ws/install/Final_description/share/Final_description/meshes
copying meshes/dc_servo_connector_v1__3__1.stl -> /home/rafi/ros2/urdf_ws/install/Final_description/share/Final_description/meshes
copying meshes/link_servo_pipe_v1__2__1.stl -> /home/rafi/ros2/urdf_ws/install/Final_description/share/Final_description/meshes
copying meshes/wheel_2_1.stl -> /home/rafi/ros2/urdf_ws/install/Final_description/share/Final_description/meshes
copying meshes/wheel4_1.stl -> /home/rafi/ros2/urdf_ws/install/Final_description/share/Final_description/meshes
copying meshes/link_servo_pipe_left_1_1.stl -> /home/rafi/ros2/urdf_ws/install/Final_description/share/Final_description/meshes
copying meshes/pipe_joint_middle_right_1.stl -> /home/rafi/ros2/urdf_ws/install/Final_description/share/Final_description/meshes
copying meshes/MG995_servo_v1__1__1.stl -> /home/rafi/ros2/urdf_ws/install/Final_description/share/Final_description/meshes
copying meshes/dc_motor_shaft_v1__4__1.stl -> /home/rafi/ros2/urdf_ws/install/Final_description/share/Final_description/meshes
copying meshes/pipe_joint_middle_left_1.stl -> /home/rafi/ros2/urdf_ws/install/Final_description/share/Final_description/meshes
copying meshes/hex_coupler_dummy_6_1.stl -> /home/rafi/ros2/urdf_ws/install/Final_description/share/Final_description/meshes
copying meshes/dc_motor_shaft_v1_1.stl -> /home/rafi/ros2/urdf_ws/install/Final_description/share/Final_description/meshes
copying meshes/wheel_1_1.stl -> /home/rafi/ros2/urdf_ws/install/Final_description/share/Final_description/meshes
copying meshes/pipe_servo_link_rear_right_1.stl -> /home/rafi/ros2/urdf_ws/install/Final_description/share/Final_description/meshes
copying meshes/MG995_servo_bracket_v1__1__1.stl -> /home/rafi/ros2/urdf_ws/install/Final_description/share/Final_description/meshes
copying meshes/hex_coupler_dummy_4_1.stl -> /home/rafi/ros2/urdf_ws/install/Final_description/share/Final_description/meshes
copying meshes/wheel5_1.stl -> /home/rafi/ros2/urdf_ws/install/Final_description/share/Final_description/meshes
copying meshes/pipe_servo_link_right_1.stl -> /home/rafi/ros2/urdf_ws/install/Final_description/share/Final_description/meshes
copying meshes/hex_coupler_dummy_5_1.stl -> /home/rafi/ros2/urdf_ws/install/Final_description/share/Final_description/meshes
copying meshes/pipe_joint_rear_right_1.stl -> /home/rafi/ros2/urdf_ws/install/Final_description/share/Final_description/meshes
copying meshes/pipe_upper_middle_left_1.stl -> /home/rafi/ros2/urdf_ws/install/Final_description/share/Final_description/meshes
copying meshes/hex_coupler_dummy_1_1.stl -> /home/rafi/ros2/urdf_ws/install/Final_description/share/Final_description/meshes
copying meshes/wheel_3_1.stl -> /home/rafi/ros2/urdf_ws/install/Final_description/share/Final_description/meshes
copying meshes/wheel6_1.stl -> /home/rafi/ros2/urdf_ws/install/Final_description/share/Final_description/meshes
copying meshes/pipe_joint_rear_1.stl -> /home/rafi/ros2/urdf_ws/install/Final_description/share/Final_description/meshes
copying meshes/servo_connector_v2__3__1.stl -> /home/rafi/ros2/urdf_ws/install/Final_description/share/Final_description/meshes
copying meshes/dc_motor_mount_1_1.stl -> /home/rafi/ros2/urdf_ws/install/Final_description/share/Final_description/meshes
copying meshes/servo_connector_v2_1.stl -> /home/rafi/ros2/urdf_ws/install/Final_description/share/Final_description/meshes
copying meshes/MG995_servo_bracket__Mirror__v1__1__1.stl -> /home/rafi/ros2/urdf_ws/install/Final_description/share/Final_description/meshes
copying meshes/MG995_servo_bracket__Mirror__v1_1.stl -> /home/rafi/ros2/urdf_ws/install/Final_description/share/Final_description/meshes
copying meshes/pipe_servo_link_rear_right__1__1.stl -> /home/rafi/ros2/urdf_ws/install/Final_description/share/Final_description/meshes
copying meshes/pipe_lower_middle_left_1.stl -> /home/rafi/ros2/urdf_ws/install/Final_description/share/Final_description/meshes
copying meshes/servo_connector_v2__1__1.stl -> /home/rafi/ros2/urdf_ws/install/Final_description/share/Final_description/meshes
copying meshes/dc_motor_mount_v7__1__1.stl -> /home/rafi/ros2/urdf_ws/install/Final_description/share/Final_description/meshes
copying meshes/pipe_dc_link_left_1.stl -> /home/rafi/ros2/urdf_ws/install/Final_description/share/Final_description/meshes
copying meshes/pipe_joint_front_1.stl -> /home/rafi/ros2/urdf_ws/install/Final_description/share/Final_description/meshes
copying meshes/dc_motor_shaft_v1__1__1.stl -> /home/rafi/ros2/urdf_ws/install/Final_description/share/Final_description/meshes
copying meshes/dc_motor_mount_v7__2__1.stl -> /home/rafi/ros2/urdf_ws/install/Final_description/share/Final_description/meshes
copying meshes/dc_motor_shaft_v1__2__1.stl -> /home/rafi/ros2/urdf_ws/install/Final_description/share/Final_description/meshes
copying meshes/pipe_dc_link_right_1.stl -> /home/rafi/ros2/urdf_ws/install/Final_description/share/Final_description/meshes
copying meshes/dc_servo_connector_v1__1__1.stl -> /home/rafi/ros2/urdf_ws/install/Final_description/share/Final_description/meshes
copying meshes/pipe_servo_link_left_1.stl -> /home/rafi/ros2/urdf_ws/install/Final_description/share/Final_description/meshes
copying meshes/pipe_front_right_1.stl -> /home/rafi/ros2/urdf_ws/install/Final_description/share/Final_description/meshes
copying meshes/pipe_front_left_1.stl -> /home/rafi/ros2/urdf_ws/install/Final_description/share/Final_description/meshes
copying meshes/dc_motor_shaft_v1__5__1.stl -> /home/rafi/ros2/urdf_ws/install/Final_description/share/Final_description/meshes
copying meshes/dc_motor_mount_v7_1.stl -> /home/rafi/ros2/urdf_ws/install/Final_description/share/Final_description/meshes
copying meshes/hex_coupler_dummy_2_1.stl -> /home/rafi/ros2/urdf_ws/install/Final_description/share/Final_description/meshes
copying meshes/dc_motor_mount_v7__5__1.stl -> /home/rafi/ros2/urdf_ws/install/Final_description/share/Final_description/meshes
copying meshes/servo_connector_v2__2__1.stl -> /home/rafi/ros2/urdf_ws/install/Final_description/share/Final_description/meshes
copying meshes/pipe_joint_front_right_1.stl -> /home/rafi/ros2/urdf_ws/install/Final_description/share/Final_description/meshes
copying meshes/MG995_servo_v1__3__1.stl -> /home/rafi/ros2/urdf_ws/install/Final_description/share/Final_description/meshes
copying meshes/pipe_rear_left_1.stl -> /home/rafi/ros2/urdf_ws/install/Final_description/share/Final_description/meshes
copying meshes/link_servo_pipe_v1__1__1.stl -> /home/rafi/ros2/urdf_ws/install/Final_description/share/Final_description/meshes
copying meshes/dc_servo_connector_v1__2__1.stl -> /home/rafi/ros2/urdf_ws/install/Final_description/share/Final_description/meshes
copying meshes/MG995_servo_v1_1.stl -> /home/rafi/ros2/urdf_ws/install/Final_description/share/Final_description/meshes
copying meshes/hex_coupler_dummy_3_1.stl -> /home/rafi/ros2/urdf_ws/install/Final_description/share/Final_description/meshes
copying meshes/dc_servo_connector_v1_1.stl -> /home/rafi/ros2/urdf_ws/install/Final_description/share/Final_description/meshes
copying meshes/dc_motor_mount_v7__4__1.stl -> /home/rafi/ros2/urdf_ws/install/Final_description/share/Final_description/meshes
copying meshes/MG995_servo_bracket_v1_1.stl -> /home/rafi/ros2/urdf_ws/install/Final_description/share/Final_description/meshes
copying meshes/dc_motor_shaft_v1__3__1.stl -> /home/rafi/ros2/urdf_ws/install/Final_description/share/Final_description/meshes
running install_egg_info
removing '/home/rafi/ros2/urdf_ws/install/Final_description/lib/python3.10/site-packages/Final_description-0.0.0-py3.10.egg-info' (and everything under it)
Copying ../../build/Final_description/Final_description.egg-info to /home/rafi/ros2/urdf_ws/install/Final_description/lib/python3.10/site-packages/Final_description-0.0.0-py3.10.egg-info
running install_scripts
writing list of installed files to '/home/rafi/ros2/urdf_ws/build/Final_description/install.log'
