[6.858s] Invoking command in '/home/rafi/ros2/urdf_ws/src/binocular_vision_bot': PYTHONPATH=/home/rafi/ros2/urdf_ws/build/final_description/prefix_override:/usr/lib/python3/dist-packages/colcon_core/task/python/colcon_distutils_commands:/home/rafi/ros2/urdf_ws/install/final_description/lib/python3.10/site-packages:${PYTHONPATH} /usr/bin/python3 -W ignore:setup.py install is deprecated setup.py egg_info --egg-base ../../build/final_description build --build-base /home/rafi/ros2/urdf_ws/build/final_description/build install --record /home/rafi/ros2/urdf_ws/build/final_description/install.log --install-scripts $base/lib/final_description --single-version-externally-managed install_data
[8.046s] /usr/lib/python3/dist-packages/setuptools/dist.py:723: UserWarning: Usage of dash-separated 'script-dir' will not be supported in future versions. Please use the underscore name 'script_dir' instead
[8.046s]   warnings.warn(
[8.107s] running egg_info
[8.114s] writing ../../build/final_description/final_description.egg-info/PKG-INFO
[8.116s] writing dependency_links to ../../build/final_description/final_description.egg-info/dependency_links.txt
[8.117s] writing entry points to ../../build/final_description/final_description.egg-info/entry_points.txt
[8.117s] writing requirements to ../../build/final_description/final_description.egg-info/requires.txt
[8.117s] writing top-level names to ../../build/final_description/final_description.egg-info/top_level.txt
[8.130s] reading manifest file '../../build/final_description/final_description.egg-info/SOURCES.txt'
[8.149s] writing manifest file '../../build/final_description/final_description.egg-info/SOURCES.txt'
[8.149s] running build
[8.150s] running build_py
[8.150s] running install
[8.152s] running install_lib
[8.157s] running install_data
[8.159s] running install_egg_info
[8.171s] removing '/home/rafi/ros2/urdf_ws/install/final_description/lib/python3.10/site-packages/final_description-0.0.0-py3.10.egg-info' (and everything under it)
[8.174s] Copying ../../build/final_description/final_description.egg-info to /home/rafi/ros2/urdf_ws/install/final_description/lib/python3.10/site-packages/final_description-0.0.0-py3.10.egg-info
[8.195s] running install_scripts
[8.329s] writing list of installed files to '/home/rafi/ros2/urdf_ws/build/final_description/install.log'
[8.689s] Invoked command in '/home/rafi/ros2/urdf_ws/src/binocular_vision_bot' returned '0': PYTHONPATH=/home/rafi/ros2/urdf_ws/build/final_description/prefix_override:/usr/lib/python3/dist-packages/colcon_core/task/python/colcon_distutils_commands:/home/rafi/ros2/urdf_ws/install/final_description/lib/python3.10/site-packages:${PYTHONPATH} /usr/bin/python3 -W ignore:setup.py install is deprecated setup.py egg_info --egg-base ../../build/final_description build --build-base /home/rafi/ros2/urdf_ws/build/final_description/build install --record /home/rafi/ros2/urdf_ws/build/final_description/install.log --install-scripts $base/lib/final_description --single-version-externally-managed install_data
