/usr/lib/python3/dist-packages/setuptools/dist.py:723: UserWarning: Usage of dash-separated 'script-dir' will not be supported in future versions. Please use the underscore name 'script_dir' instead
  warnings.warn(
running egg_info
creating ../../build/Final_description/Final_description.egg-info
writing ../../build/Final_description/Final_description.egg-info/PKG-INFO
writing dependency_links to ../../build/Final_description/Final_description.egg-info/dependency_links.txt
writing entry points to ../../build/Final_description/Final_description.egg-info/entry_points.txt
writing requirements to ../../build/Final_description/Final_description.egg-info/requires.txt
writing top-level names to ../../build/Final_description/Final_description.egg-info/top_level.txt
writing manifest file '../../build/Final_description/Final_description.egg-info/SOURCES.txt'
reading manifest file '../../build/Final_description/Final_description.egg-info/SOURCES.txt'
writing manifest file '../../build/Final_description/Final_description.egg-info/SOURCES.txt'
running build
running build_py
creating /home/rafi/ros2/urdf_ws/build/Final_description/build
creating /home/rafi/ros2/urdf_ws/build/Final_description/build/lib
creating /home/rafi/ros2/urdf_ws/build/Final_description/build/lib/Final_description
copying Final_description/__init__.py -> /home/rafi/ros2/urdf_ws/build/Final_description/build/lib/Final_description
running install
running install_lib
creating /home/rafi/ros2/urdf_ws/install/Final_description/lib/python3.10/site-packages/Final_description
copying /home/rafi/ros2/urdf_ws/build/Final_description/build/lib/Final_description/__init__.py -> /home/rafi/ros2/urdf_ws/install/Final_description/lib/python3.10/site-packages/Final_description
byte-compiling /home/rafi/ros2/urdf_ws/install/Final_description/lib/python3.10/site-packages/Final_description/__init__.py to __init__.cpython-310.pyc
running install_data
creating /home/rafi/ros2/urdf_ws/install/Final_description/share/ament_index
creating /home/rafi/ros2/urdf_ws/install/Final_description/share/ament_index/resource_index
creating /home/rafi/ros2/urdf_ws/install/Final_description/share/ament_index/resource_index/packages
copying resource/Final_description -> /home/rafi/ros2/urdf_ws/install/Final_description/share/ament_index/resource_index/packages
copying package.xml -> /home/rafi/ros2/urdf_ws/install/Final_description/share/Final_description
creating /home/rafi/ros2/urdf_ws/install/Final_description/share/Final_description/launch
copying launch/display.launch.py -> /home/rafi/ros2/urdf_ws/install/Final_description/share/Final_description/launch
copying launch/gazebo.launch.py -> /home/rafi/ros2/urdf_ws/install/Final_description/share/Final_description/launch
creating /home/rafi/ros2/urdf_ws/install/Final_description/share/Final_description/urdf
copying urdf/Final.trans -> /home/rafi/ros2/urdf_ws/install/Final_description/share/Final_description/urdf
copying urdf/Final.xacro -> /home/rafi/ros2/urdf_ws/install/Final_description/share/Final_description/urdf
copying urdf/Final.gazebo -> /home/rafi/ros2/urdf_ws/install/Final_description/share/Final_description/urdf
copying urdf/materials.xacro -> /home/rafi/ros2/urdf_ws/install/Final_description/share/Final_description/urdf
creating /home/rafi/ros2/urdf_ws/install/Final_description/share/Final_description/meshes
creating /home/rafi/ros2/urdf_ws/install/Final_description/share/Final_description/config
copying config/display.rviz -> /home/rafi/ros2/urdf_ws/install/Final_description/share/Final_description/config
running install_egg_info
Copying ../../build/Final_description/Final_description.egg-info to /home/rafi/ros2/urdf_ws/install/Final_description/lib/python3.10/site-packages/Final_description-0.0.0-py3.10.egg-info
running install_scripts
writing list of installed files to '/home/rafi/ros2/urdf_ws/build/Final_description/install.log'
