[2.141s] Invoking command in '/home/rafi/ros2/urdf_ws/src/binocular_vision_bot': PYTHONPATH=/home/rafi/ros2/urdf_ws/build/final_description/prefix_override:/usr/lib/python3/dist-packages/colcon_core/task/python/colcon_distutils_commands:/home/rafi/ros2/urdf_ws/install/final_description/lib/python3.10/site-packages:${PYTHONPATH} /usr/bin/python3 -W ignore:setup.py install is deprecated setup.py egg_info --egg-base ../../build/final_description build --build-base /home/rafi/ros2/urdf_ws/build/final_description/build install --record /home/rafi/ros2/urdf_ws/build/final_description/install.log --install-scripts $base/lib/final_description --single-version-externally-managed install_data
[2.445s] /usr/lib/python3/dist-packages/setuptools/dist.py:723: UserWarning: Usage of dash-separated 'script-dir' will not be supported in future versions. Please use the underscore name 'script_dir' instead
[2.445s]   warnings.warn(
[2.453s] running egg_info
[2.455s] writing ../../build/final_description/final_description.egg-info/PKG-INFO
[2.455s] writing dependency_links to ../../build/final_description/final_description.egg-info/dependency_links.txt
[2.455s] writing entry points to ../../build/final_description/final_description.egg-info/entry_points.txt
[2.455s] writing requirements to ../../build/final_description/final_description.egg-info/requires.txt
[2.455s] writing top-level names to ../../build/final_description/final_description.egg-info/top_level.txt
[2.460s] reading manifest file '../../build/final_description/final_description.egg-info/SOURCES.txt'
[2.476s] writing manifest file '../../build/final_description/final_description.egg-info/SOURCES.txt'
[2.477s] running build
[2.477s] running build_py
[2.477s] running install
[2.477s] running install_lib
[2.478s] running install_data
[2.479s] running install_egg_info
[2.480s] removing '/home/rafi/ros2/urdf_ws/install/final_description/lib/python3.10/site-packages/final_description-0.0.0-py3.10.egg-info' (and everything under it)
[2.480s] Copying ../../build/final_description/final_description.egg-info to /home/rafi/ros2/urdf_ws/install/final_description/lib/python3.10/site-packages/final_description-0.0.0-py3.10.egg-info
[2.505s] running install_scripts
[2.616s] writing list of installed files to '/home/rafi/ros2/urdf_ws/build/final_description/install.log'
[2.658s] Invoked command in '/home/rafi/ros2/urdf_ws/src/binocular_vision_bot' returned '0': PYTHONPATH=/home/rafi/ros2/urdf_ws/build/final_description/prefix_override:/usr/lib/python3/dist-packages/colcon_core/task/python/colcon_distutils_commands:/home/rafi/ros2/urdf_ws/install/final_description/lib/python3.10/site-packages:${PYTHONPATH} /usr/bin/python3 -W ignore:setup.py install is deprecated setup.py egg_info --egg-base ../../build/final_description build --build-base /home/rafi/ros2/urdf_ws/build/final_description/build install --record /home/rafi/ros2/urdf_ws/build/final_description/install.log --install-scripts $base/lib/final_description --single-version-externally-managed install_data
