/usr/lib/python3/dist-packages/setuptools/dist.py:723: UserWarning: Usage of dash-separated 'script-dir' will not be supported in future versions. Please use the underscore name 'script_dir' instead
  warnings.warn(
running egg_info
creating ../../build/simple_four_wheels_description/simple_four_wheels_description.egg-info
writing ../../build/simple_four_wheels_description/simple_four_wheels_description.egg-info/PKG-INFO
writing dependency_links to ../../build/simple_four_wheels_description/simple_four_wheels_description.egg-info/dependency_links.txt
writing entry points to ../../build/simple_four_wheels_description/simple_four_wheels_description.egg-info/entry_points.txt
writing requirements to ../../build/simple_four_wheels_description/simple_four_wheels_description.egg-info/requires.txt
writing top-level names to ../../build/simple_four_wheels_description/simple_four_wheels_description.egg-info/top_level.txt
writing manifest file '../../build/simple_four_wheels_description/simple_four_wheels_description.egg-info/SOURCES.txt'
reading manifest file '../../build/simple_four_wheels_description/simple_four_wheels_description.egg-info/SOURCES.txt'
writing manifest file '../../build/simple_four_wheels_description/simple_four_wheels_description.egg-info/SOURCES.txt'
running build
running build_py
creating /home/rafi/ros2/urdf_ws/build/simple_four_wheels_description/build
creating /home/rafi/ros2/urdf_ws/build/simple_four_wheels_description/build/lib
creating /home/rafi/ros2/urdf_ws/build/simple_four_wheels_description/build/lib/simple_four_wheels_description
copying simple_four_wheels_description/__init__.py -> /home/rafi/ros2/urdf_ws/build/simple_four_wheels_description/build/lib/simple_four_wheels_description
running install
running install_lib
creating /home/rafi/ros2/urdf_ws/install/simple_four_wheels_description/lib/python3.10/site-packages/simple_four_wheels_description
copying /home/rafi/ros2/urdf_ws/build/simple_four_wheels_description/build/lib/simple_four_wheels_description/__init__.py -> /home/rafi/ros2/urdf_ws/install/simple_four_wheels_description/lib/python3.10/site-packages/simple_four_wheels_description
byte-compiling /home/rafi/ros2/urdf_ws/install/simple_four_wheels_description/lib/python3.10/site-packages/simple_four_wheels_description/__init__.py to __init__.cpython-310.pyc
running install_data
creating /home/rafi/ros2/urdf_ws/install/simple_four_wheels_description/share/ament_index
creating /home/rafi/ros2/urdf_ws/install/simple_four_wheels_description/share/ament_index/resource_index
creating /home/rafi/ros2/urdf_ws/install/simple_four_wheels_description/share/ament_index/resource_index/packages
copying resource/simple_four_wheels_description -> /home/rafi/ros2/urdf_ws/install/simple_four_wheels_description/share/ament_index/resource_index/packages
copying package.xml -> /home/rafi/ros2/urdf_ws/install/simple_four_wheels_description/share/simple_four_wheels_description
creating /home/rafi/ros2/urdf_ws/install/simple_four_wheels_description/share/simple_four_wheels_description/launch
copying launch/display.launch.py -> /home/rafi/ros2/urdf_ws/install/simple_four_wheels_description/share/simple_four_wheels_description/launch
copying launch/gazebo.launch.py -> /home/rafi/ros2/urdf_ws/install/simple_four_wheels_description/share/simple_four_wheels_description/launch
creating /home/rafi/ros2/urdf_ws/install/simple_four_wheels_description/share/simple_four_wheels_description/urdf
copying urdf/simple_four_wheels.trans -> /home/rafi/ros2/urdf_ws/install/simple_four_wheels_description/share/simple_four_wheels_description/urdf
copying urdf/simple_four_wheels.gazebo -> /home/rafi/ros2/urdf_ws/install/simple_four_wheels_description/share/simple_four_wheels_description/urdf
copying urdf/materials.xacro -> /home/rafi/ros2/urdf_ws/install/simple_four_wheels_description/share/simple_four_wheels_description/urdf
copying urdf/simple_four_wheels.xacro -> /home/rafi/ros2/urdf_ws/install/simple_four_wheels_description/share/simple_four_wheels_description/urdf
creating /home/rafi/ros2/urdf_ws/install/simple_four_wheels_description/share/simple_four_wheels_description/meshes
copying meshes/base_link.stl -> /home/rafi/ros2/urdf_ws/install/simple_four_wheels_description/share/simple_four_wheels_description/meshes
copying meshes/wheel4_1.stl -> /home/rafi/ros2/urdf_ws/install/simple_four_wheels_description/share/simple_four_wheels_description/meshes
copying meshes/whell1_1.stl -> /home/rafi/ros2/urdf_ws/install/simple_four_wheels_description/share/simple_four_wheels_description/meshes
copying meshes/cam2_1.stl -> /home/rafi/ros2/urdf_ws/install/simple_four_wheels_description/share/simple_four_wheels_description/meshes
copying meshes/wheel2_1.stl -> /home/rafi/ros2/urdf_ws/install/simple_four_wheels_description/share/simple_four_wheels_description/meshes
copying meshes/wheel3_1.stl -> /home/rafi/ros2/urdf_ws/install/simple_four_wheels_description/share/simple_four_wheels_description/meshes
copying meshes/cam1_1.stl -> /home/rafi/ros2/urdf_ws/install/simple_four_wheels_description/share/simple_four_wheels_description/meshes
creating /home/rafi/ros2/urdf_ws/install/simple_four_wheels_description/share/simple_four_wheels_description/config
copying config/display.rviz -> /home/rafi/ros2/urdf_ws/install/simple_four_wheels_description/share/simple_four_wheels_description/config
running install_egg_info
Copying ../../build/simple_four_wheels_description/simple_four_wheels_description.egg-info to /home/rafi/ros2/urdf_ws/install/simple_four_wheels_description/lib/python3.10/site-packages/simple_four_wheels_description-0.0.0-py3.10.egg-info
running install_scripts
writing list of installed files to '/home/rafi/ros2/urdf_ws/build/simple_four_wheels_description/install.log'
