[0.324s] DEBUG:colcon:Command line arguments: ['/usr/bin/colcon', 'build']
[0.324s] DEBUG:colcon:Parsed command line arguments: Namespace(log_base=None, log_level=None, verb_name='build', build_base='build', install_base='install', merge_install=False, symlink_install=False, test_result_base=None, continue_on_error=False, executor='parallel', parallel_workers=12, event_handlers=None, ignore_user_meta=False, metas=['./colcon.meta'], base_paths=['.'], packages_ignore=None, packages_ignore_regex=None, paths=None, packages_up_to=None, packages_up_to_regex=None, packages_above=None, packages_above_and_dependencies=None, packages_above_depth=None, packages_select_by_dep=None, packages_skip_by_dep=None, packages_skip_up_to=None, packages_select_build_failed=False, packages_skip_build_finished=False, packages_select_test_failures=False, packages_skip_test_passed=False, packages_select=None, packages_skip=None, packages_select_regex=None, packages_skip_regex=None, packages_start=None, packages_end=None, allow_overriding=[], cmake_args=None, cmake_target=None, cmake_target_skip_unavailable=False, cmake_clean_cache=False, cmake_clean_first=False, cmake_force_configure=False, ament_cmake_args=None, catkin_cmake_args=None, catkin_skip_building_tests=False, verb_parser=<colcon_defaults.argument_parser.defaults.DefaultArgumentsDecorator object at 0x7ac7b95b2aa0>, verb_extension=<colcon_core.verb.build.BuildVerb object at 0x7ac7b9697c70>, main=<bound method BuildVerb.main of <colcon_core.verb.build.BuildVerb object at 0x7ac7b9697c70>>)
[0.598s] Level 1:colcon.colcon_core.package_discovery:discover_packages(colcon_meta) check parameters
[0.598s] Level 1:colcon.colcon_core.package_discovery:discover_packages(recursive) check parameters
[0.598s] Level 1:colcon.colcon_core.package_discovery:discover_packages(ignore) check parameters
[0.598s] Level 1:colcon.colcon_core.package_discovery:discover_packages(path) check parameters
[0.598s] Level 1:colcon.colcon_core.package_discovery:discover_packages(colcon_meta) discover
[0.598s] Level 1:colcon.colcon_core.package_discovery:discover_packages(recursive) discover
[0.598s] INFO:colcon.colcon_core.package_discovery:Crawling recursively for packages in '/home/rafi/ros2/urdf_ws'
[0.598s] Level 1:colcon.colcon_core.package_identification:_identify(.) by extensions ['ignore', 'ignore_ament_install']
[0.598s] Level 1:colcon.colcon_core.package_identification:_identify(.) by extension 'ignore'
[0.598s] Level 1:colcon.colcon_core.package_identification:_identify(.) by extension 'ignore_ament_install'
[0.598s] Level 1:colcon.colcon_core.package_identification:_identify(.) by extensions ['colcon_pkg']
[0.598s] Level 1:colcon.colcon_core.package_identification:_identify(.) by extension 'colcon_pkg'
[0.598s] Level 1:colcon.colcon_core.package_identification:_identify(.) by extensions ['colcon_meta']
[0.598s] Level 1:colcon.colcon_core.package_identification:_identify(.) by extension 'colcon_meta'
[0.598s] Level 1:colcon.colcon_core.package_identification:_identify(.) by extensions ['ros']
[0.598s] Level 1:colcon.colcon_core.package_identification:_identify(.) by extension 'ros'
[0.626s] Level 1:colcon.colcon_core.package_identification:_identify(.) by extensions ['cmake', 'python']
[0.626s] Level 1:colcon.colcon_core.package_identification:_identify(.) by extension 'cmake'
[0.626s] Level 1:colcon.colcon_core.package_identification:_identify(.) by extension 'python'
[0.626s] Level 1:colcon.colcon_core.package_identification:_identify(.) by extensions ['python_setup_py']
[0.626s] Level 1:colcon.colcon_core.package_identification:_identify(.) by extension 'python_setup_py'
[0.626s] Level 1:colcon.colcon_core.package_identification:_identify(build) by extensions ['ignore', 'ignore_ament_install']
[0.626s] Level 1:colcon.colcon_core.package_identification:_identify(build) by extension 'ignore'
[0.626s] Level 1:colcon.colcon_core.package_identification:_identify(build) ignored
[0.626s] Level 1:colcon.colcon_core.package_identification:_identify(install) by extensions ['ignore', 'ignore_ament_install']
[0.627s] Level 1:colcon.colcon_core.package_identification:_identify(install) by extension 'ignore'
[0.627s] Level 1:colcon.colcon_core.package_identification:_identify(install) ignored
[0.627s] Level 1:colcon.colcon_core.package_identification:_identify(log) by extensions ['ignore', 'ignore_ament_install']
[0.627s] Level 1:colcon.colcon_core.package_identification:_identify(log) by extension 'ignore'
[0.627s] Level 1:colcon.colcon_core.package_identification:_identify(log) ignored
[0.627s] Level 1:colcon.colcon_core.package_identification:_identify(src) by extensions ['ignore', 'ignore_ament_install']
[0.627s] Level 1:colcon.colcon_core.package_identification:_identify(src) by extension 'ignore'
[0.627s] Level 1:colcon.colcon_core.package_identification:_identify(src) by extension 'ignore_ament_install'
[0.627s] Level 1:colcon.colcon_core.package_identification:_identify(src) by extensions ['colcon_pkg']
[0.627s] Level 1:colcon.colcon_core.package_identification:_identify(src) by extension 'colcon_pkg'
[0.627s] Level 1:colcon.colcon_core.package_identification:_identify(src) by extensions ['colcon_meta']
[0.627s] Level 1:colcon.colcon_core.package_identification:_identify(src) by extension 'colcon_meta'
[0.627s] Level 1:colcon.colcon_core.package_identification:_identify(src) by extensions ['ros']
[0.627s] Level 1:colcon.colcon_core.package_identification:_identify(src) by extension 'ros'
[0.627s] Level 1:colcon.colcon_core.package_identification:_identify(src) by extensions ['cmake', 'python']
[0.627s] Level 1:colcon.colcon_core.package_identification:_identify(src) by extension 'cmake'
[0.628s] Level 1:colcon.colcon_core.package_identification:_identify(src) by extension 'python'
[0.628s] Level 1:colcon.colcon_core.package_identification:_identify(src) by extensions ['python_setup_py']
[0.628s] Level 1:colcon.colcon_core.package_identification:_identify(src) by extension 'python_setup_py'
[0.628s] Level 1:colcon.colcon_core.package_identification:_identify(src/assembly_refined_description) by extensions ['ignore', 'ignore_ament_install']
[0.628s] Level 1:colcon.colcon_core.package_identification:_identify(src/assembly_refined_description) by extension 'ignore'
[0.628s] Level 1:colcon.colcon_core.package_identification:_identify(src/assembly_refined_description) by extension 'ignore_ament_install'
[0.628s] Level 1:colcon.colcon_core.package_identification:_identify(src/assembly_refined_description) by extensions ['colcon_pkg']
[0.628s] Level 1:colcon.colcon_core.package_identification:_identify(src/assembly_refined_description) by extension 'colcon_pkg'
[0.628s] Level 1:colcon.colcon_core.package_identification:_identify(src/assembly_refined_description) by extensions ['colcon_meta']
[0.628s] Level 1:colcon.colcon_core.package_identification:_identify(src/assembly_refined_description) by extension 'colcon_meta'
[0.628s] Level 1:colcon.colcon_core.package_identification:_identify(src/assembly_refined_description) by extensions ['ros']
[0.628s] Level 1:colcon.colcon_core.package_identification:_identify(src/assembly_refined_description) by extension 'ros'
[0.651s] DEBUG:colcon.colcon_core.package_identification:Package 'src/assembly_refined_description' with type 'ros.ament_python' and name 'assembly_refined_description'
[0.652s] Level 1:colcon.colcon_core.package_identification:_identify(src/binocular_vision_bot) by extensions ['ignore', 'ignore_ament_install']
[0.652s] Level 1:colcon.colcon_core.package_identification:_identify(src/binocular_vision_bot) by extension 'ignore'
[0.652s] Level 1:colcon.colcon_core.package_identification:_identify(src/binocular_vision_bot) by extension 'ignore_ament_install'
[0.652s] Level 1:colcon.colcon_core.package_identification:_identify(src/binocular_vision_bot) by extensions ['colcon_pkg']
[0.652s] Level 1:colcon.colcon_core.package_identification:_identify(src/binocular_vision_bot) by extension 'colcon_pkg'
[0.652s] Level 1:colcon.colcon_core.package_identification:_identify(src/binocular_vision_bot) by extensions ['colcon_meta']
[0.652s] Level 1:colcon.colcon_core.package_identification:_identify(src/binocular_vision_bot) by extension 'colcon_meta'
[0.652s] Level 1:colcon.colcon_core.package_identification:_identify(src/binocular_vision_bot) by extensions ['ros']
[0.652s] Level 1:colcon.colcon_core.package_identification:_identify(src/binocular_vision_bot) by extension 'ros'
[0.653s] DEBUG:colcon.colcon_core.package_identification:Package 'src/binocular_vision_bot' with type 'ros.ament_python' and name 'final_description'
[0.653s] Level 1:colcon.colcon_core.package_identification:_identify(src/simple_four_wheels_description) by extensions ['ignore', 'ignore_ament_install']
[0.653s] Level 1:colcon.colcon_core.package_identification:_identify(src/simple_four_wheels_description) by extension 'ignore'
[0.653s] Level 1:colcon.colcon_core.package_identification:_identify(src/simple_four_wheels_description) by extension 'ignore_ament_install'
[0.654s] Level 1:colcon.colcon_core.package_identification:_identify(src/simple_four_wheels_description) by extensions ['colcon_pkg']
[0.654s] Level 1:colcon.colcon_core.package_identification:_identify(src/simple_four_wheels_description) by extension 'colcon_pkg'
[0.654s] Level 1:colcon.colcon_core.package_identification:_identify(src/simple_four_wheels_description) by extensions ['colcon_meta']
[0.654s] Level 1:colcon.colcon_core.package_identification:_identify(src/simple_four_wheels_description) by extension 'colcon_meta'
[0.654s] Level 1:colcon.colcon_core.package_identification:_identify(src/simple_four_wheels_description) by extensions ['ros']
[0.654s] Level 1:colcon.colcon_core.package_identification:_identify(src/simple_four_wheels_description) by extension 'ros'
[0.655s] DEBUG:colcon.colcon_core.package_identification:Package 'src/simple_four_wheels_description' with type 'ros.ament_python' and name 'simple_four_wheels_description'
[0.655s] Level 1:colcon.colcon_core.package_discovery:discover_packages(recursive) using defaults
[0.655s] Level 1:colcon.colcon_core.package_discovery:discover_packages(ignore) discover
[0.655s] Level 1:colcon.colcon_core.package_discovery:discover_packages(ignore) using defaults
[0.655s] Level 1:colcon.colcon_core.package_discovery:discover_packages(path) discover
[0.655s] Level 1:colcon.colcon_core.package_discovery:discover_packages(path) using defaults
[0.705s] Level 1:colcon.colcon_core.package_discovery:discover_packages(prefix_path) check parameters
[0.705s] Level 1:colcon.colcon_core.package_discovery:discover_packages(prefix_path) discover
[0.707s] DEBUG:colcon.colcon_installed_package_information.package_discovery:Found 4 installed packages in /home/rafi/ros2/urdf_ws/install
[0.737s] DEBUG:colcon.colcon_installed_package_information.package_discovery:Found 328 installed packages in /opt/ros/humble
[0.739s] Level 1:colcon.colcon_core.package_discovery:discover_packages(prefix_path) using defaults
[3.293s] Level 5:colcon.colcon_core.verb:set package 'assembly_refined_description' build argument 'cmake_args' from command line to 'None'
[3.293s] Level 5:colcon.colcon_core.verb:set package 'assembly_refined_description' build argument 'cmake_target' from command line to 'None'
[3.293s] Level 5:colcon.colcon_core.verb:set package 'assembly_refined_description' build argument 'cmake_target_skip_unavailable' from command line to 'False'
[3.293s] Level 5:colcon.colcon_core.verb:set package 'assembly_refined_description' build argument 'cmake_clean_cache' from command line to 'False'
[3.293s] Level 5:colcon.colcon_core.verb:set package 'assembly_refined_description' build argument 'cmake_clean_first' from command line to 'False'
[3.293s] Level 5:colcon.colcon_core.verb:set package 'assembly_refined_description' build argument 'cmake_force_configure' from command line to 'False'
[3.293s] Level 5:colcon.colcon_core.verb:set package 'assembly_refined_description' build argument 'ament_cmake_args' from command line to 'None'
[3.293s] Level 5:colcon.colcon_core.verb:set package 'assembly_refined_description' build argument 'catkin_cmake_args' from command line to 'None'
[3.293s] Level 5:colcon.colcon_core.verb:set package 'assembly_refined_description' build argument 'catkin_skip_building_tests' from command line to 'False'
[3.293s] DEBUG:colcon.colcon_core.verb:Building package 'assembly_refined_description' with the following arguments: {'ament_cmake_args': None, 'build_base': '/home/rafi/ros2/urdf_ws/build/assembly_refined_description', 'catkin_cmake_args': None, 'catkin_skip_building_tests': False, 'cmake_args': None, 'cmake_clean_cache': False, 'cmake_clean_first': False, 'cmake_force_configure': False, 'cmake_target': None, 'cmake_target_skip_unavailable': False, 'install_base': '/home/rafi/ros2/urdf_ws/install/assembly_refined_description', 'merge_install': False, 'path': '/home/rafi/ros2/urdf_ws/src/assembly_refined_description', 'symlink_install': False, 'test_result_base': None}
[3.296s] Level 5:colcon.colcon_core.verb:set package 'final_description' build argument 'cmake_args' from command line to 'None'
[3.296s] Level 5:colcon.colcon_core.verb:set package 'final_description' build argument 'cmake_target' from command line to 'None'
[3.296s] Level 5:colcon.colcon_core.verb:set package 'final_description' build argument 'cmake_target_skip_unavailable' from command line to 'False'
[3.296s] Level 5:colcon.colcon_core.verb:set package 'final_description' build argument 'cmake_clean_cache' from command line to 'False'
[3.296s] Level 5:colcon.colcon_core.verb:set package 'final_description' build argument 'cmake_clean_first' from command line to 'False'
[3.296s] Level 5:colcon.colcon_core.verb:set package 'final_description' build argument 'cmake_force_configure' from command line to 'False'
[3.296s] Level 5:colcon.colcon_core.verb:set package 'final_description' build argument 'ament_cmake_args' from command line to 'None'
[3.296s] Level 5:colcon.colcon_core.verb:set package 'final_description' build argument 'catkin_cmake_args' from command line to 'None'
[3.296s] Level 5:colcon.colcon_core.verb:set package 'final_description' build argument 'catkin_skip_building_tests' from command line to 'False'
[3.296s] DEBUG:colcon.colcon_core.verb:Building package 'final_description' with the following arguments: {'ament_cmake_args': None, 'build_base': '/home/rafi/ros2/urdf_ws/build/final_description', 'catkin_cmake_args': None, 'catkin_skip_building_tests': False, 'cmake_args': None, 'cmake_clean_cache': False, 'cmake_clean_first': False, 'cmake_force_configure': False, 'cmake_target': None, 'cmake_target_skip_unavailable': False, 'install_base': '/home/rafi/ros2/urdf_ws/install/final_description', 'merge_install': False, 'path': '/home/rafi/ros2/urdf_ws/src/binocular_vision_bot', 'symlink_install': False, 'test_result_base': None}
[3.297s] Level 5:colcon.colcon_core.verb:set package 'simple_four_wheels_description' build argument 'cmake_args' from command line to 'None'
[3.297s] Level 5:colcon.colcon_core.verb:set package 'simple_four_wheels_description' build argument 'cmake_target' from command line to 'None'
[3.297s] Level 5:colcon.colcon_core.verb:set package 'simple_four_wheels_description' build argument 'cmake_target_skip_unavailable' from command line to 'False'
[3.297s] Level 5:colcon.colcon_core.verb:set package 'simple_four_wheels_description' build argument 'cmake_clean_cache' from command line to 'False'
[3.297s] Level 5:colcon.colcon_core.verb:set package 'simple_four_wheels_description' build argument 'cmake_clean_first' from command line to 'False'
[3.297s] Level 5:colcon.colcon_core.verb:set package 'simple_four_wheels_description' build argument 'cmake_force_configure' from command line to 'False'
[3.297s] Level 5:colcon.colcon_core.verb:set package 'simple_four_wheels_description' build argument 'ament_cmake_args' from command line to 'None'
[3.297s] Level 5:colcon.colcon_core.verb:set package 'simple_four_wheels_description' build argument 'catkin_cmake_args' from command line to 'None'
[3.297s] Level 5:colcon.colcon_core.verb:set package 'simple_four_wheels_description' build argument 'catkin_skip_building_tests' from command line to 'False'
[3.297s] DEBUG:colcon.colcon_core.verb:Building package 'simple_four_wheels_description' with the following arguments: {'ament_cmake_args': None, 'build_base': '/home/rafi/ros2/urdf_ws/build/simple_four_wheels_description', 'catkin_cmake_args': None, 'catkin_skip_building_tests': False, 'cmake_args': None, 'cmake_clean_cache': False, 'cmake_clean_first': False, 'cmake_force_configure': False, 'cmake_target': None, 'cmake_target_skip_unavailable': False, 'install_base': '/home/rafi/ros2/urdf_ws/install/simple_four_wheels_description', 'merge_install': False, 'path': '/home/rafi/ros2/urdf_ws/src/simple_four_wheels_description', 'symlink_install': False, 'test_result_base': None}
[3.297s] INFO:colcon.colcon_core.executor:Executing jobs using 'parallel' executor
[3.298s] DEBUG:colcon.colcon_parallel_executor.executor.parallel:run_until_complete
[3.298s] INFO:colcon.colcon_ros.task.ament_python.build:Building ROS package in '/home/rafi/ros2/urdf_ws/src/assembly_refined_description' with build type 'ament_python'
[3.298s] Level 1:colcon.colcon_core.shell:create_environment_hook('assembly_refined_description', 'ament_prefix_path')
[3.301s] INFO:colcon.colcon_core.plugin_system:Skipping extension 'colcon_core.shell.bat': Not used on non-Windows systems
[3.301s] INFO:colcon.colcon_core.shell:Creating environment hook '/home/rafi/ros2/urdf_ws/install/assembly_refined_description/share/assembly_refined_description/hook/ament_prefix_path.ps1'
[3.302s] INFO:colcon.colcon_core.shell:Creating environment descriptor '/home/rafi/ros2/urdf_ws/install/assembly_refined_description/share/assembly_refined_description/hook/ament_prefix_path.dsv'
[3.303s] INFO:colcon.colcon_core.shell:Creating environment hook '/home/rafi/ros2/urdf_ws/install/assembly_refined_description/share/assembly_refined_description/hook/ament_prefix_path.sh'
[3.304s] INFO:colcon.colcon_core.shell:Skip shell extension 'powershell' for command environment: Not usable outside of PowerShell
[3.304s] DEBUG:colcon.colcon_core.shell:Skip shell extension 'dsv' for command environment
[3.307s] INFO:colcon.colcon_ros.task.ament_python.build:Building ROS package in '/home/rafi/ros2/urdf_ws/src/binocular_vision_bot' with build type 'ament_python'
[3.308s] Level 1:colcon.colcon_core.shell:create_environment_hook('final_description', 'ament_prefix_path')
[3.308s] INFO:colcon.colcon_core.shell:Creating environment hook '/home/rafi/ros2/urdf_ws/install/final_description/share/final_description/hook/ament_prefix_path.ps1'
[3.309s] INFO:colcon.colcon_core.shell:Creating environment descriptor '/home/rafi/ros2/urdf_ws/install/final_description/share/final_description/hook/ament_prefix_path.dsv'
[3.313s] INFO:colcon.colcon_core.shell:Creating environment hook '/home/rafi/ros2/urdf_ws/install/final_description/share/final_description/hook/ament_prefix_path.sh'
[3.314s] INFO:colcon.colcon_core.shell:Skip shell extension 'powershell' for command environment: Not usable outside of PowerShell
[3.314s] DEBUG:colcon.colcon_core.shell:Skip shell extension 'dsv' for command environment
[3.317s] INFO:colcon.colcon_ros.task.ament_python.build:Building ROS package in '/home/rafi/ros2/urdf_ws/src/simple_four_wheels_description' with build type 'ament_python'
[3.317s] Level 1:colcon.colcon_core.shell:create_environment_hook('simple_four_wheels_description', 'ament_prefix_path')
[3.317s] INFO:colcon.colcon_core.shell:Creating environment hook '/home/rafi/ros2/urdf_ws/install/simple_four_wheels_description/share/simple_four_wheels_description/hook/ament_prefix_path.ps1'
[3.318s] INFO:colcon.colcon_core.shell:Creating environment descriptor '/home/rafi/ros2/urdf_ws/install/simple_four_wheels_description/share/simple_four_wheels_description/hook/ament_prefix_path.dsv'
[3.318s] INFO:colcon.colcon_core.shell:Creating environment hook '/home/rafi/ros2/urdf_ws/install/simple_four_wheels_description/share/simple_four_wheels_description/hook/ament_prefix_path.sh'
[3.324s] INFO:colcon.colcon_core.shell:Skip shell extension 'powershell' for command environment: Not usable outside of PowerShell
[3.325s] DEBUG:colcon.colcon_core.shell:Skip shell extension 'dsv' for command environment
[3.759s] INFO:colcon.colcon_core.task.python.build:Building Python package in '/home/rafi/ros2/urdf_ws/src/assembly_refined_description'
[3.760s] INFO:colcon.colcon_core.shell:Skip shell extension 'powershell' for command environment: Not usable outside of PowerShell
[3.760s] DEBUG:colcon.colcon_core.shell:Skip shell extension 'dsv' for command environment
[4.134s] INFO:colcon.colcon_core.task.python.build:Building Python package in '/home/rafi/ros2/urdf_ws/src/binocular_vision_bot'
[4.134s] INFO:colcon.colcon_core.shell:Skip shell extension 'powershell' for command environment: Not usable outside of PowerShell
[4.135s] DEBUG:colcon.colcon_core.shell:Skip shell extension 'dsv' for command environment
[4.423s] INFO:colcon.colcon_core.task.python.build:Building Python package in '/home/rafi/ros2/urdf_ws/src/simple_four_wheels_description'
[4.423s] INFO:colcon.colcon_core.shell:Skip shell extension 'powershell' for command environment: Not usable outside of PowerShell
[4.423s] DEBUG:colcon.colcon_core.shell:Skip shell extension 'dsv' for command environment
[4.889s] DEBUG:colcon.colcon_core.event_handler.log_command:Invoking command in '/home/rafi/ros2/urdf_ws/src/assembly_refined_description': PYTHONPATH=/home/rafi/ros2/urdf_ws/build/assembly_refined_description/prefix_override:/usr/lib/python3/dist-packages/colcon_core/task/python/colcon_distutils_commands:/home/rafi/ros2/urdf_ws/install/assembly_refined_description/lib/python3.10/site-packages:${PYTHONPATH} /usr/bin/python3 -W ignore:setup.py install is deprecated setup.py egg_info --egg-base ../../build/assembly_refined_description build --build-base /home/rafi/ros2/urdf_ws/build/assembly_refined_description/build install --record /home/rafi/ros2/urdf_ws/build/assembly_refined_description/install.log --install-scripts $base/lib/assembly_refined_description --single-version-externally-managed install_data
[4.900s] DEBUG:colcon.colcon_core.event_handler.log_command:Invoking command in '/home/rafi/ros2/urdf_ws/src/binocular_vision_bot': PYTHONPATH=/home/rafi/ros2/urdf_ws/build/final_description/prefix_override:/usr/lib/python3/dist-packages/colcon_core/task/python/colcon_distutils_commands:/home/rafi/ros2/urdf_ws/install/final_description/lib/python3.10/site-packages:${PYTHONPATH} /usr/bin/python3 -W ignore:setup.py install is deprecated setup.py egg_info --egg-base ../../build/final_description build --build-base /home/rafi/ros2/urdf_ws/build/final_description/build install --record /home/rafi/ros2/urdf_ws/build/final_description/install.log --install-scripts $base/lib/final_description --single-version-externally-managed install_data
[4.924s] DEBUG:colcon.colcon_core.event_handler.log_command:Invoking command in '/home/rafi/ros2/urdf_ws/src/simple_four_wheels_description': PYTHONPATH=/home/rafi/ros2/urdf_ws/build/simple_four_wheels_description/prefix_override:/usr/lib/python3/dist-packages/colcon_core/task/python/colcon_distutils_commands:/home/rafi/ros2/urdf_ws/install/simple_four_wheels_description/lib/python3.10/site-packages:${PYTHONPATH} /usr/bin/python3 -W ignore:setup.py install is deprecated setup.py egg_info --egg-base ../../build/simple_four_wheels_description build --build-base /home/rafi/ros2/urdf_ws/build/simple_four_wheels_description/build install --record /home/rafi/ros2/urdf_ws/build/simple_four_wheels_description/install.log --install-scripts $base/lib/simple_four_wheels_description --single-version-externally-managed install_data
[5.246s] DEBUG:colcon.colcon_core.event_handler.log_command:Invoked command in '/home/rafi/ros2/urdf_ws/src/assembly_refined_description' returned '0': PYTHONPATH=/home/rafi/ros2/urdf_ws/build/assembly_refined_description/prefix_override:/usr/lib/python3/dist-packages/colcon_core/task/python/colcon_distutils_commands:/home/rafi/ros2/urdf_ws/install/assembly_refined_description/lib/python3.10/site-packages:${PYTHONPATH} /usr/bin/python3 -W ignore:setup.py install is deprecated setup.py egg_info --egg-base ../../build/assembly_refined_description build --build-base /home/rafi/ros2/urdf_ws/build/assembly_refined_description/build install --record /home/rafi/ros2/urdf_ws/build/assembly_refined_description/install.log --install-scripts $base/lib/assembly_refined_description --single-version-externally-managed install_data
[5.250s] Level 1:colcon.colcon_core.environment:checking '/home/rafi/ros2/urdf_ws/install/assembly_refined_description' for CMake module files
[5.250s] Level 1:colcon.colcon_core.environment:checking '/home/rafi/ros2/urdf_ws/install/assembly_refined_description' for CMake config files
[5.252s] Level 1:colcon.colcon_core.environment:checking '/home/rafi/ros2/urdf_ws/install/assembly_refined_description/lib'
[5.252s] Level 1:colcon.colcon_core.environment:checking '/home/rafi/ros2/urdf_ws/install/assembly_refined_description/bin'
[5.252s] Level 1:colcon.colcon_core.environment:checking '/home/rafi/ros2/urdf_ws/install/assembly_refined_description/lib/pkgconfig/assembly_refined_description.pc'
[5.253s] Level 1:colcon.colcon_core.environment:checking '/home/rafi/ros2/urdf_ws/install/assembly_refined_description/lib/python3.10/site-packages'
[5.253s] Level 1:colcon.colcon_core.shell:create_environment_hook('assembly_refined_description', 'pythonpath')
[5.253s] INFO:colcon.colcon_core.shell:Creating environment hook '/home/rafi/ros2/urdf_ws/install/assembly_refined_description/share/assembly_refined_description/hook/pythonpath.ps1'
[5.254s] INFO:colcon.colcon_core.shell:Creating environment descriptor '/home/rafi/ros2/urdf_ws/install/assembly_refined_description/share/assembly_refined_description/hook/pythonpath.dsv'
[5.255s] INFO:colcon.colcon_core.shell:Creating environment hook '/home/rafi/ros2/urdf_ws/install/assembly_refined_description/share/assembly_refined_description/hook/pythonpath.sh'
[5.255s] Level 1:colcon.colcon_core.environment:checking '/home/rafi/ros2/urdf_ws/install/assembly_refined_description/bin'
[5.255s] Level 1:colcon.colcon_core.environment:create_environment_scripts_only(assembly_refined_description)
[5.256s] INFO:colcon.colcon_core.shell:Creating package script '/home/rafi/ros2/urdf_ws/install/assembly_refined_description/share/assembly_refined_description/package.ps1'
[5.257s] INFO:colcon.colcon_core.shell:Creating package descriptor '/home/rafi/ros2/urdf_ws/install/assembly_refined_description/share/assembly_refined_description/package.dsv'
[5.258s] INFO:colcon.colcon_core.shell:Creating package script '/home/rafi/ros2/urdf_ws/install/assembly_refined_description/share/assembly_refined_description/package.sh'
[5.259s] INFO:colcon.colcon_core.shell:Creating package script '/home/rafi/ros2/urdf_ws/install/assembly_refined_description/share/assembly_refined_description/package.bash'
[5.260s] INFO:colcon.colcon_core.shell:Creating package script '/home/rafi/ros2/urdf_ws/install/assembly_refined_description/share/assembly_refined_description/package.zsh'
[5.261s] Level 1:colcon.colcon_core.environment:create_file_with_runtime_dependencies(/home/rafi/ros2/urdf_ws/install/assembly_refined_description/share/colcon-core/packages/assembly_refined_description)
[5.296s] Level 1:colcon.colcon_core.environment:checking '/home/rafi/ros2/urdf_ws/install/simple_four_wheels_description' for CMake module files
[5.297s] DEBUG:colcon.colcon_core.event_handler.log_command:Invoked command in '/home/rafi/ros2/urdf_ws/src/simple_four_wheels_description' returned '0': PYTHONPATH=/home/rafi/ros2/urdf_ws/build/simple_four_wheels_description/prefix_override:/usr/lib/python3/dist-packages/colcon_core/task/python/colcon_distutils_commands:/home/rafi/ros2/urdf_ws/install/simple_four_wheels_description/lib/python3.10/site-packages:${PYTHONPATH} /usr/bin/python3 -W ignore:setup.py install is deprecated setup.py egg_info --egg-base ../../build/simple_four_wheels_description build --build-base /home/rafi/ros2/urdf_ws/build/simple_four_wheels_description/build install --record /home/rafi/ros2/urdf_ws/build/simple_four_wheels_description/install.log --install-scripts $base/lib/simple_four_wheels_description --single-version-externally-managed install_data
[5.297s] Level 1:colcon.colcon_core.environment:checking '/home/rafi/ros2/urdf_ws/install/simple_four_wheels_description' for CMake config files
[5.298s] Level 1:colcon.colcon_core.environment:checking '/home/rafi/ros2/urdf_ws/install/simple_four_wheels_description/lib'
[5.298s] Level 1:colcon.colcon_core.environment:checking '/home/rafi/ros2/urdf_ws/install/simple_four_wheels_description/bin'
[5.298s] Level 1:colcon.colcon_core.environment:checking '/home/rafi/ros2/urdf_ws/install/simple_four_wheels_description/lib/pkgconfig/simple_four_wheels_description.pc'
[5.298s] Level 1:colcon.colcon_core.environment:checking '/home/rafi/ros2/urdf_ws/install/simple_four_wheels_description/lib/python3.10/site-packages'
[5.298s] Level 1:colcon.colcon_core.shell:create_environment_hook('simple_four_wheels_description', 'pythonpath')
[5.299s] INFO:colcon.colcon_core.shell:Creating environment hook '/home/rafi/ros2/urdf_ws/install/simple_four_wheels_description/share/simple_four_wheels_description/hook/pythonpath.ps1'
[5.299s] INFO:colcon.colcon_core.shell:Creating environment descriptor '/home/rafi/ros2/urdf_ws/install/simple_four_wheels_description/share/simple_four_wheels_description/hook/pythonpath.dsv'
[5.299s] INFO:colcon.colcon_core.shell:Creating environment hook '/home/rafi/ros2/urdf_ws/install/simple_four_wheels_description/share/simple_four_wheels_description/hook/pythonpath.sh'
[5.300s] Level 1:colcon.colcon_core.environment:checking '/home/rafi/ros2/urdf_ws/install/simple_four_wheels_description/bin'
[5.300s] Level 1:colcon.colcon_core.environment:create_environment_scripts_only(simple_four_wheels_description)
[5.300s] INFO:colcon.colcon_core.shell:Creating package script '/home/rafi/ros2/urdf_ws/install/simple_four_wheels_description/share/simple_four_wheels_description/package.ps1'
[5.301s] INFO:colcon.colcon_core.shell:Creating package descriptor '/home/rafi/ros2/urdf_ws/install/simple_four_wheels_description/share/simple_four_wheels_description/package.dsv'
[5.301s] INFO:colcon.colcon_core.shell:Creating package script '/home/rafi/ros2/urdf_ws/install/simple_four_wheels_description/share/simple_four_wheels_description/package.sh'
[5.301s] INFO:colcon.colcon_core.shell:Creating package script '/home/rafi/ros2/urdf_ws/install/simple_four_wheels_description/share/simple_four_wheels_description/package.bash'
[5.302s] INFO:colcon.colcon_core.shell:Creating package script '/home/rafi/ros2/urdf_ws/install/simple_four_wheels_description/share/simple_four_wheels_description/package.zsh'
[5.302s] Level 1:colcon.colcon_core.environment:create_file_with_runtime_dependencies(/home/rafi/ros2/urdf_ws/install/simple_four_wheels_description/share/colcon-core/packages/simple_four_wheels_description)
[5.303s] Level 1:colcon.colcon_core.environment:checking '/home/rafi/ros2/urdf_ws/install/final_description' for CMake module files
[5.304s] Level 1:colcon.colcon_core.environment:checking '/home/rafi/ros2/urdf_ws/install/final_description' for CMake config files
[5.304s] DEBUG:colcon.colcon_core.event_handler.log_command:Invoked command in '/home/rafi/ros2/urdf_ws/src/binocular_vision_bot' returned '0': PYTHONPATH=/home/rafi/ros2/urdf_ws/build/final_description/prefix_override:/usr/lib/python3/dist-packages/colcon_core/task/python/colcon_distutils_commands:/home/rafi/ros2/urdf_ws/install/final_description/lib/python3.10/site-packages:${PYTHONPATH} /usr/bin/python3 -W ignore:setup.py install is deprecated setup.py egg_info --egg-base ../../build/final_description build --build-base /home/rafi/ros2/urdf_ws/build/final_description/build install --record /home/rafi/ros2/urdf_ws/build/final_description/install.log --install-scripts $base/lib/final_description --single-version-externally-managed install_data
[5.305s] Level 1:colcon.colcon_core.environment:checking '/home/rafi/ros2/urdf_ws/install/final_description/lib'
[5.305s] Level 1:colcon.colcon_core.environment:checking '/home/rafi/ros2/urdf_ws/install/final_description/bin'
[5.305s] Level 1:colcon.colcon_core.environment:checking '/home/rafi/ros2/urdf_ws/install/final_description/lib/pkgconfig/final_description.pc'
[5.305s] Level 1:colcon.colcon_core.environment:checking '/home/rafi/ros2/urdf_ws/install/final_description/lib/python3.10/site-packages'
[5.305s] Level 1:colcon.colcon_core.shell:create_environment_hook('final_description', 'pythonpath')
[5.306s] INFO:colcon.colcon_core.shell:Creating environment hook '/home/rafi/ros2/urdf_ws/install/final_description/share/final_description/hook/pythonpath.ps1'
[5.306s] INFO:colcon.colcon_core.shell:Creating environment descriptor '/home/rafi/ros2/urdf_ws/install/final_description/share/final_description/hook/pythonpath.dsv'
[5.307s] INFO:colcon.colcon_core.shell:Creating environment hook '/home/rafi/ros2/urdf_ws/install/final_description/share/final_description/hook/pythonpath.sh'
[5.308s] Level 1:colcon.colcon_core.environment:checking '/home/rafi/ros2/urdf_ws/install/final_description/bin'
[5.308s] Level 1:colcon.colcon_core.environment:create_environment_scripts_only(final_description)
[5.308s] INFO:colcon.colcon_core.shell:Creating package script '/home/rafi/ros2/urdf_ws/install/final_description/share/final_description/package.ps1'
[5.308s] INFO:colcon.colcon_core.shell:Creating package descriptor '/home/rafi/ros2/urdf_ws/install/final_description/share/final_description/package.dsv'
[5.309s] INFO:colcon.colcon_core.shell:Creating package script '/home/rafi/ros2/urdf_ws/install/final_description/share/final_description/package.sh'
[5.309s] INFO:colcon.colcon_core.shell:Creating package script '/home/rafi/ros2/urdf_ws/install/final_description/share/final_description/package.bash'
[5.310s] INFO:colcon.colcon_core.shell:Creating package script '/home/rafi/ros2/urdf_ws/install/final_description/share/final_description/package.zsh'
[5.310s] Level 1:colcon.colcon_core.environment:create_file_with_runtime_dependencies(/home/rafi/ros2/urdf_ws/install/final_description/share/colcon-core/packages/final_description)
[5.310s] DEBUG:colcon.colcon_parallel_executor.executor.parallel:closing loop
[5.310s] DEBUG:colcon.colcon_parallel_executor.executor.parallel:loop closed
[5.311s] DEBUG:colcon.colcon_parallel_executor.executor.parallel:run_until_complete finished with '0'
[5.311s] DEBUG:colcon.colcon_core.event_reactor:joining thread
[5.385s] INFO:colcon.colcon_core.plugin_system:Skipping extension 'colcon_notification.desktop_notification.terminal_notifier': Not used on non-Darwin systems
[5.385s] INFO:colcon.colcon_core.plugin_system:Skipping extension 'colcon_notification.desktop_notification.win32': Not used on non-Windows systems
[5.385s] INFO:colcon.colcon_notification.desktop_notification:Sending desktop notification using 'notify2'
[5.402s] DEBUG:colcon.colcon_core.event_reactor:joined thread
[5.403s] INFO:colcon.colcon_core.shell:Creating prefix script '/home/rafi/ros2/urdf_ws/install/local_setup.ps1'
[5.404s] INFO:colcon.colcon_core.shell:Creating prefix util module '/home/rafi/ros2/urdf_ws/install/_local_setup_util_ps1.py'
[5.405s] INFO:colcon.colcon_core.shell:Creating prefix chain script '/home/rafi/ros2/urdf_ws/install/setup.ps1'
[5.406s] INFO:colcon.colcon_core.shell:Creating prefix script '/home/rafi/ros2/urdf_ws/install/local_setup.sh'
[5.407s] INFO:colcon.colcon_core.shell:Creating prefix util module '/home/rafi/ros2/urdf_ws/install/_local_setup_util_sh.py'
[5.407s] INFO:colcon.colcon_core.shell:Creating prefix chain script '/home/rafi/ros2/urdf_ws/install/setup.sh'
[5.408s] INFO:colcon.colcon_core.shell:Creating prefix script '/home/rafi/ros2/urdf_ws/install/local_setup.bash'
[5.408s] INFO:colcon.colcon_core.shell:Creating prefix chain script '/home/rafi/ros2/urdf_ws/install/setup.bash'
[5.409s] INFO:colcon.colcon_core.shell:Creating prefix script '/home/rafi/ros2/urdf_ws/install/local_setup.zsh'
[5.410s] INFO:colcon.colcon_core.shell:Creating prefix chain script '/home/rafi/ros2/urdf_ws/install/setup.zsh'
