[1.021s] Invoking command in '/home/rafi/ros2/urdf_ws/src/simple_four_wheels_description': PYTHONPATH=/home/rafi/ros2/urdf_ws/build/simple_four_wheels_description/prefix_override:/home/rafi/ros2/urdf_ws/install/simple_four_wheels_description/lib/python3.10/site-packages:${PYTHONPATH} /usr/bin/python3 -W ignore:setup.py install is deprecated setup.py egg_info --egg-base ../../build/simple_four_wheels_description build --build-base /home/rafi/ros2/urdf_ws/build/simple_four_wheels_description/build install --record /home/rafi/ros2/urdf_ws/build/simple_four_wheels_description/install.log --install-scripts $base/lib/simple_four_wheels_description --single-version-externally-managed install_data
[1.200s] /usr/lib/python3/dist-packages/setuptools/dist.py:723: UserWarning: Usage of dash-separated 'script-dir' will not be supported in future versions. Please use the underscore name 'script_dir' instead
[1.200s]   warnings.warn(
[1.206s] running egg_info
[1.207s] writing ../../build/simple_four_wheels_description/simple_four_wheels_description.egg-info/PKG-INFO
[1.231s] writing dependency_links to ../../build/simple_four_wheels_description/simple_four_wheels_description.egg-info/dependency_links.txt
[1.231s] writing entry points to ../../build/simple_four_wheels_description/simple_four_wheels_description.egg-info/entry_points.txt
[1.231s] writing requirements to ../../build/simple_four_wheels_description/simple_four_wheels_description.egg-info/requires.txt
[1.231s] writing top-level names to ../../build/simple_four_wheels_description/simple_four_wheels_description.egg-info/top_level.txt
[1.232s] reading manifest file '../../build/simple_four_wheels_description/simple_four_wheels_description.egg-info/SOURCES.txt'
[1.240s] writing manifest file '../../build/simple_four_wheels_description/simple_four_wheels_description.egg-info/SOURCES.txt'
[1.240s] running build
[1.240s] running build_py
[1.240s] copying simple_four_wheels_description/__init__.py -> /home/rafi/ros2/urdf_ws/build/simple_four_wheels_description/build/lib/simple_four_wheels_description
[1.240s] running install
[1.240s] running install_lib
[1.241s] copying /home/rafi/ros2/urdf_ws/build/simple_four_wheels_description/build/lib/simple_four_wheels_description/__init__.py -> /home/rafi/ros2/urdf_ws/install/simple_four_wheels_description/lib/python3.10/site-packages/simple_four_wheels_description
[1.242s] running install_data
[1.242s] copying resource/simple_four_wheels_description -> /home/rafi/ros2/urdf_ws/install/simple_four_wheels_description/share/ament_index/resource_index/packages
[1.242s] copying package.xml -> /home/rafi/ros2/urdf_ws/install/simple_four_wheels_description/share/simple_four_wheels_description
[1.248s] copying launch/display.launch.py -> /home/rafi/ros2/urdf_ws/install/simple_four_wheels_description/share/simple_four_wheels_description/launch
[1.248s] copying launch/gazebo.launch.py -> /home/rafi/ros2/urdf_ws/install/simple_four_wheels_description/share/simple_four_wheels_description/launch
[1.256s] copying urdf/simple_four_wheels.trans -> /home/rafi/ros2/urdf_ws/install/simple_four_wheels_description/share/simple_four_wheels_description/urdf
[1.256s] copying urdf/simple_four_wheels.gazebo -> /home/rafi/ros2/urdf_ws/install/simple_four_wheels_description/share/simple_four_wheels_description/urdf
[1.256s] copying urdf/materials.xacro -> /home/rafi/ros2/urdf_ws/install/simple_four_wheels_description/share/simple_four_wheels_description/urdf
[1.256s] copying urdf/simple_four_wheels.xacro -> /home/rafi/ros2/urdf_ws/install/simple_four_wheels_description/share/simple_four_wheels_description/urdf
[1.256s] copying meshes/right_wheel_2_1.stl -> /home/rafi/ros2/urdf_ws/install/simple_four_wheels_description/share/simple_four_wheels_description/meshes
[1.256s] copying meshes/left_cam_1.stl -> /home/rafi/ros2/urdf_ws/install/simple_four_wheels_description/share/simple_four_wheels_description/meshes
[1.256s] copying meshes/base_link.stl -> /home/rafi/ros2/urdf_ws/install/simple_four_wheels_description/share/simple_four_wheels_description/meshes
[1.256s] copying meshes/left_wheel_2_1.stl -> /home/rafi/ros2/urdf_ws/install/simple_four_wheels_description/share/simple_four_wheels_description/meshes
[1.256s] copying meshes/left_wheel_1_1.stl -> /home/rafi/ros2/urdf_ws/install/simple_four_wheels_description/share/simple_four_wheels_description/meshes
[1.257s] copying meshes/right_cam_1.stl -> /home/rafi/ros2/urdf_ws/install/simple_four_wheels_description/share/simple_four_wheels_description/meshes
[1.257s] copying meshes/right_wheel_1_1.stl -> /home/rafi/ros2/urdf_ws/install/simple_four_wheels_description/share/simple_four_wheels_description/meshes
[1.257s] running install_egg_info
[1.258s] removing '/home/rafi/ros2/urdf_ws/install/simple_four_wheels_description/lib/python3.10/site-packages/simple_four_wheels_description-0.0.0-py3.10.egg-info' (and everything under it)
[1.258s] Copying ../../build/simple_four_wheels_description/simple_four_wheels_description.egg-info to /home/rafi/ros2/urdf_ws/install/simple_four_wheels_description/lib/python3.10/site-packages/simple_four_wheels_description-0.0.0-py3.10.egg-info
[1.259s] running install_scripts
[1.276s] writing list of installed files to '/home/rafi/ros2/urdf_ws/build/simple_four_wheels_description/install.log'
[1.291s] Invoked command in '/home/rafi/ros2/urdf_ws/src/simple_four_wheels_description' returned '0': PYTHONPATH=/home/rafi/ros2/urdf_ws/build/simple_four_wheels_description/prefix_override:/home/rafi/ros2/urdf_ws/install/simple_four_wheels_description/lib/python3.10/site-packages:${PYTHONPATH} /usr/bin/python3 -W ignore:setup.py install is deprecated setup.py egg_info --egg-base ../../build/simple_four_wheels_description build --build-base /home/rafi/ros2/urdf_ws/build/simple_four_wheels_description/build install --record /home/rafi/ros2/urdf_ws/build/simple_four_wheels_description/install.log --install-scripts $base/lib/simple_four_wheels_description --single-version-externally-managed install_data
