running egg_info
writing ../../build/simple_four_wheels_description/simple_four_wheels_description.egg-info/PKG-INFO
writing dependency_links to ../../build/simple_four_wheels_description/simple_four_wheels_description.egg-info/dependency_links.txt
writing entry points to ../../build/simple_four_wheels_description/simple_four_wheels_description.egg-info/entry_points.txt
writing requirements to ../../build/simple_four_wheels_description/simple_four_wheels_description.egg-info/requires.txt
writing top-level names to ../../build/simple_four_wheels_description/simple_four_wheels_description.egg-info/top_level.txt
reading manifest file '../../build/simple_four_wheels_description/simple_four_wheels_description.egg-info/SOURCES.txt'
writing manifest file '../../build/simple_four_wheels_description/simple_four_wheels_description.egg-info/SOURCES.txt'
running build
running build_py
running install
running install_lib
running install_data
copying urdf/simple_four_wheels.gazebo -> /home/rafi/ros2/urdf_ws/install/simple_four_wheels_description/share/simple_four_wheels_description/urdf
copying urdf/simple_four_wheels.xacro -> /home/rafi/ros2/urdf_ws/install/simple_four_wheels_description/share/simple_four_wheels_description/urdf
running install_egg_info
removing '/home/rafi/ros2/urdf_ws/install/simple_four_wheels_description/lib/python3.10/site-packages/simple_four_wheels_description-0.0.0-py3.10.egg-info' (and everything under it)
Copying ../../build/simple_four_wheels_description/simple_four_wheels_description.egg-info to /home/rafi/ros2/urdf_ws/install/simple_four_wheels_description/lib/python3.10/site-packages/simple_four_wheels_description-0.0.0-py3.10.egg-info
running install_scripts
writing list of installed files to '/home/rafi/ros2/urdf_ws/build/simple_four_wheels_description/install.log'
