/usr/lib/python3/dist-packages/setuptools/dist.py:723: UserWarning: Usage of dash-separated 'script-dir' will not be supported in future versions. Please use the underscore name 'script_dir' instead
  warnings.warn(
running egg_info
writing ../../../build/final_description/final_description.egg-info/PKG-INFO
writing dependency_links to ../../../build/final_description/final_description.egg-info/dependency_links.txt
writing entry points to ../../../build/final_description/final_description.egg-info/entry_points.txt
writing requirements to ../../../build/final_description/final_description.egg-info/requires.txt
writing top-level names to ../../../build/final_description/final_description.egg-info/top_level.txt
reading manifest file '../../../build/final_description/final_description.egg-info/SOURCES.txt'
writing manifest file '../../../build/final_description/final_description.egg-info/SOURCES.txt'
running build
running build_py
copying final_description/__init__.py -> /home/rafi/ros2/urdf_ws/build/final_description/build/lib/final_description
running install
running install_lib
copying /home/rafi/ros2/urdf_ws/build/final_description/build/lib/final_description/__init__.py -> /home/rafi/ros2/urdf_ws/install/final_description/lib/python3.10/site-packages/final_description
running install_data
copying resource/final_description -> /home/rafi/ros2/urdf_ws/install/final_description/share/ament_index/resource_index/packages
copying meshes/base_link.stl -> /home/rafi/ros2/urdf_ws/install/final_description/share/final_description/meshes
copying meshes/motor_mount_v1_1.stl -> /home/rafi/ros2/urdf_ws/install/final_description/share/final_description/meshes
copying meshes/motor_dummy_v1__1__1.stl -> /home/rafi/ros2/urdf_ws/install/final_description/share/final_description/meshes
copying meshes/ball_caster_v1_1.stl -> /home/rafi/ros2/urdf_ws/install/final_description/share/final_description/meshes
copying meshes/camera_v1_1.stl -> /home/rafi/ros2/urdf_ws/install/final_description/share/final_description/meshes
copying meshes/motor_mount_v1__1__1.stl -> /home/rafi/ros2/urdf_ws/install/final_description/share/final_description/meshes
copying meshes/camera_v1__1__1.stl -> /home/rafi/ros2/urdf_ws/install/final_description/share/final_description/meshes
copying meshes/motor_dummy_v1_1.stl -> /home/rafi/ros2/urdf_ws/install/final_description/share/final_description/meshes
copying meshes/wheel_v2_1.stl -> /home/rafi/ros2/urdf_ws/install/final_description/share/final_description/meshes
copying meshes/wheel_v2__1__1.stl -> /home/rafi/ros2/urdf_ws/install/final_description/share/final_description/meshes
running install_egg_info
removing '/home/rafi/ros2/urdf_ws/install/final_description/lib/python3.10/site-packages/final_description-0.0.0-py3.10.egg-info' (and everything under it)
Copying ../../../build/final_description/final_description.egg-info to /home/rafi/ros2/urdf_ws/install/final_description/lib/python3.10/site-packages/final_description-0.0.0-py3.10.egg-info
running install_scripts
writing list of installed files to '/home/rafi/ros2/urdf_ws/build/final_description/install.log'
