[1.698s] Invoking command in '/home/rafi/ros2/urdf_ws/src/Final_description': PYTHONPATH=/home/rafi/ros2/urdf_ws/build/Final_description/prefix_override:/usr/lib/python3/dist-packages/colcon_core/task/python/colcon_distutils_commands:/home/rafi/ros2/urdf_ws/install/Final_description/lib/python3.10/site-packages:${PYTHONPATH} /usr/bin/python3 -W ignore:setup.py install is deprecated setup.py egg_info --egg-base ../../build/Final_description build --build-base /home/rafi/ros2/urdf_ws/build/Final_description/build install --record /home/rafi/ros2/urdf_ws/build/Final_description/install.log --install-scripts $base/lib/Final_description --single-version-externally-managed install_data
[1.922s] /usr/lib/python3/dist-packages/setuptools/dist.py:723: UserWarning: Usage of dash-separated 'script-dir' will not be supported in future versions. Please use the underscore name 'script_dir' instead
[1.922s]   warnings.warn(
[1.931s] running egg_info
[1.931s] writing ../../build/Final_description/Final_description.egg-info/PKG-INFO
[1.949s] writing dependency_links to ../../build/Final_description/Final_description.egg-info/dependency_links.txt
[1.949s] writing entry points to ../../build/Final_description/Final_description.egg-info/entry_points.txt
[1.949s] writing requirements to ../../build/Final_description/Final_description.egg-info/requires.txt
[1.949s] writing top-level names to ../../build/Final_description/Final_description.egg-info/top_level.txt
[1.953s] reading manifest file '../../build/Final_description/Final_description.egg-info/SOURCES.txt'
[1.983s] writing manifest file '../../build/Final_description/Final_description.egg-info/SOURCES.txt'
[1.983s] running build
[1.983s] running build_py
[1.983s] running install
[1.984s] running install_lib
[1.993s] running install_data
[2.026s] running install_egg_info
[2.027s] removing '/home/rafi/ros2/urdf_ws/install/Final_description/lib/python3.10/site-packages/Final_description-0.0.0-py3.10.egg-info' (and everything under it)
[2.028s] Copying ../../build/Final_description/Final_description.egg-info to /home/rafi/ros2/urdf_ws/install/Final_description/lib/python3.10/site-packages/Final_description-0.0.0-py3.10.egg-info
[2.053s] running install_scripts
[2.075s] writing list of installed files to '/home/rafi/ros2/urdf_ws/build/Final_description/install.log'
[2.101s] Invoked command in '/home/rafi/ros2/urdf_ws/src/Final_description' returned '0': PYTHONPATH=/home/rafi/ros2/urdf_ws/build/Final_description/prefix_override:/usr/lib/python3/dist-packages/colcon_core/task/python/colcon_distutils_commands:/home/rafi/ros2/urdf_ws/install/Final_description/lib/python3.10/site-packages:${PYTHONPATH} /usr/bin/python3 -W ignore:setup.py install is deprecated setup.py egg_info --egg-base ../../build/Final_description build --build-base /home/rafi/ros2/urdf_ws/build/Final_description/build install --record /home/rafi/ros2/urdf_ws/build/Final_description/install.log --install-scripts $base/lib/Final_description --single-version-externally-managed install_data
