[2.118s] DEBUG:colcon:Command line arguments: ['/usr/bin/colcon', 'build']
[2.118s] DEBUG:colcon:Parsed command line arguments: Namespace(log_base=None, log_level=None, verb_name='build', build_base='build', install_base='install', merge_install=False, symlink_install=False, test_result_base=None, continue_on_error=False, executor='parallel', parallel_workers=12, event_handlers=None, ignore_user_meta=False, metas=['./colcon.meta'], base_paths=['.'], packages_ignore=None, packages_ignore_regex=None, paths=None, packages_up_to=None, packages_up_to_regex=None, packages_above=None, packages_above_and_dependencies=None, packages_above_depth=None, packages_select_by_dep=None, packages_skip_by_dep=None, packages_skip_up_to=None, packages_select_build_failed=False, packages_skip_build_finished=False, packages_select_test_failures=False, packages_skip_test_passed=False, packages_select=None, packages_skip=None, packages_select_regex=None, packages_skip_regex=None, packages_start=None, packages_end=None, allow_overriding=[], cmake_args=None, cmake_target=None, cmake_target_skip_unavailable=False, cmake_clean_cache=False, cmake_clean_first=False, cmake_force_configure=False, ament_cmake_args=None, catkin_cmake_args=None, catkin_skip_building_tests=False, verb_parser=<colcon_defaults.argument_parser.defaults.DefaultArgumentsDecorator object at 0x77c5145f6a70>, verb_extension=<colcon_core.verb.build.BuildVerb object at 0x77c51472bc40>, main=<bound method BuildVerb.main of <colcon_core.verb.build.BuildVerb object at 0x77c51472bc40>>)
[6.322s] Level 1:colcon.colcon_core.package_discovery:discover_packages(colcon_meta) check parameters
[6.323s] Level 1:colcon.colcon_core.package_discovery:discover_packages(recursive) check parameters
[6.323s] Level 1:colcon.colcon_core.package_discovery:discover_packages(ignore) check parameters
[6.323s] Level 1:colcon.colcon_core.package_discovery:discover_packages(path) check parameters
[6.323s] Level 1:colcon.colcon_core.package_discovery:discover_packages(colcon_meta) discover
[6.324s] Level 1:colcon.colcon_core.package_discovery:discover_packages(recursive) discover
[6.324s] INFO:colcon.colcon_core.package_discovery:Crawling recursively for packages in '/home/rafi/ros2/urdf_ws'
[6.324s] Level 1:colcon.colcon_core.package_identification:_identify(.) by extensions ['ignore', 'ignore_ament_install']
[6.324s] Level 1:colcon.colcon_core.package_identification:_identify(.) by extension 'ignore'
[6.324s] Level 1:colcon.colcon_core.package_identification:_identify(.) by extension 'ignore_ament_install'
[6.324s] Level 1:colcon.colcon_core.package_identification:_identify(.) by extensions ['colcon_pkg']
[6.324s] Level 1:colcon.colcon_core.package_identification:_identify(.) by extension 'colcon_pkg'
[6.324s] Level 1:colcon.colcon_core.package_identification:_identify(.) by extensions ['colcon_meta']
[6.324s] Level 1:colcon.colcon_core.package_identification:_identify(.) by extension 'colcon_meta'
[6.324s] Level 1:colcon.colcon_core.package_identification:_identify(.) by extensions ['ros']
[6.324s] Level 1:colcon.colcon_core.package_identification:_identify(.) by extension 'ros'
[6.428s] Level 1:colcon.colcon_core.package_identification:_identify(.) by extensions ['cmake', 'python']
[6.428s] Level 1:colcon.colcon_core.package_identification:_identify(.) by extension 'cmake'
[6.428s] Level 1:colcon.colcon_core.package_identification:_identify(.) by extension 'python'
[6.428s] Level 1:colcon.colcon_core.package_identification:_identify(.) by extensions ['python_setup_py']
[6.429s] Level 1:colcon.colcon_core.package_identification:_identify(.) by extension 'python_setup_py'
[6.429s] Level 1:colcon.colcon_core.package_identification:_identify(build) by extensions ['ignore', 'ignore_ament_install']
[6.429s] Level 1:colcon.colcon_core.package_identification:_identify(build) by extension 'ignore'
[6.429s] Level 1:colcon.colcon_core.package_identification:_identify(build) ignored
[6.430s] Level 1:colcon.colcon_core.package_identification:_identify(install) by extensions ['ignore', 'ignore_ament_install']
[6.430s] Level 1:colcon.colcon_core.package_identification:_identify(install) by extension 'ignore'
[6.430s] Level 1:colcon.colcon_core.package_identification:_identify(install) ignored
[6.430s] Level 1:colcon.colcon_core.package_identification:_identify(log) by extensions ['ignore', 'ignore_ament_install']
[6.431s] Level 1:colcon.colcon_core.package_identification:_identify(log) by extension 'ignore'
[6.431s] Level 1:colcon.colcon_core.package_identification:_identify(log) ignored
[6.431s] Level 1:colcon.colcon_core.package_identification:_identify(src) by extensions ['ignore', 'ignore_ament_install']
[6.431s] Level 1:colcon.colcon_core.package_identification:_identify(src) by extension 'ignore'
[6.431s] Level 1:colcon.colcon_core.package_identification:_identify(src) by extension 'ignore_ament_install'
[6.431s] Level 1:colcon.colcon_core.package_identification:_identify(src) by extensions ['colcon_pkg']
[6.432s] Level 1:colcon.colcon_core.package_identification:_identify(src) by extension 'colcon_pkg'
[6.433s] Level 1:colcon.colcon_core.package_identification:_identify(src) by extensions ['colcon_meta']
[6.434s] Level 1:colcon.colcon_core.package_identification:_identify(src) by extension 'colcon_meta'
[6.434s] Level 1:colcon.colcon_core.package_identification:_identify(src) by extensions ['ros']
[6.435s] Level 1:colcon.colcon_core.package_identification:_identify(src) by extension 'ros'
[6.436s] Level 1:colcon.colcon_core.package_identification:_identify(src) by extensions ['cmake', 'python']
[6.437s] Level 1:colcon.colcon_core.package_identification:_identify(src) by extension 'cmake'
[6.438s] Level 1:colcon.colcon_core.package_identification:_identify(src) by extension 'python'
[6.439s] Level 1:colcon.colcon_core.package_identification:_identify(src) by extensions ['python_setup_py']
[6.439s] Level 1:colcon.colcon_core.package_identification:_identify(src) by extension 'python_setup_py'
[6.442s] Level 1:colcon.colcon_core.package_identification:_identify(src/assembly_refined_description) by extensions ['ignore', 'ignore_ament_install']
[6.444s] Level 1:colcon.colcon_core.package_identification:_identify(src/assembly_refined_description) by extension 'ignore'
[6.445s] Level 1:colcon.colcon_core.package_identification:_identify(src/assembly_refined_description) by extension 'ignore_ament_install'
[6.446s] Level 1:colcon.colcon_core.package_identification:_identify(src/assembly_refined_description) by extensions ['colcon_pkg']
[6.447s] Level 1:colcon.colcon_core.package_identification:_identify(src/assembly_refined_description) by extension 'colcon_pkg'
[6.447s] Level 1:colcon.colcon_core.package_identification:_identify(src/assembly_refined_description) by extensions ['colcon_meta']
[6.447s] Level 1:colcon.colcon_core.package_identification:_identify(src/assembly_refined_description) by extension 'colcon_meta'
[6.447s] Level 1:colcon.colcon_core.package_identification:_identify(src/assembly_refined_description) by extensions ['ros']
[6.448s] Level 1:colcon.colcon_core.package_identification:_identify(src/assembly_refined_description) by extension 'ros'
[6.490s] DEBUG:colcon.colcon_core.package_identification:Package 'src/assembly_refined_description' with type 'ros.ament_python' and name 'assembly_refined_description'
[6.492s] Level 1:colcon.colcon_core.package_identification:_identify(src/binocular_vision_bot) by extensions ['ignore', 'ignore_ament_install']
[6.494s] Level 1:colcon.colcon_core.package_identification:_identify(src/binocular_vision_bot) by extension 'ignore'
[6.495s] Level 1:colcon.colcon_core.package_identification:_identify(src/binocular_vision_bot) by extension 'ignore_ament_install'
[6.497s] Level 1:colcon.colcon_core.package_identification:_identify(src/binocular_vision_bot) by extensions ['colcon_pkg']
[6.497s] Level 1:colcon.colcon_core.package_identification:_identify(src/binocular_vision_bot) by extension 'colcon_pkg'
[6.497s] Level 1:colcon.colcon_core.package_identification:_identify(src/binocular_vision_bot) by extensions ['colcon_meta']
[6.498s] Level 1:colcon.colcon_core.package_identification:_identify(src/binocular_vision_bot) by extension 'colcon_meta'
[6.498s] Level 1:colcon.colcon_core.package_identification:_identify(src/binocular_vision_bot) by extensions ['ros']
[6.498s] Level 1:colcon.colcon_core.package_identification:_identify(src/binocular_vision_bot) by extension 'ros'
[6.522s] DEBUG:colcon.colcon_core.package_identification:Package 'src/binocular_vision_bot' with type 'ros.ament_python' and name 'final_description'
[6.523s] Level 1:colcon.colcon_core.package_identification:_identify(src/simple_four_wheels_description) by extensions ['ignore', 'ignore_ament_install']
[6.524s] Level 1:colcon.colcon_core.package_identification:_identify(src/simple_four_wheels_description) by extension 'ignore'
[6.525s] Level 1:colcon.colcon_core.package_identification:_identify(src/simple_four_wheels_description) by extension 'ignore_ament_install'
[6.525s] Level 1:colcon.colcon_core.package_identification:_identify(src/simple_four_wheels_description) by extensions ['colcon_pkg']
[6.526s] Level 1:colcon.colcon_core.package_identification:_identify(src/simple_four_wheels_description) by extension 'colcon_pkg'
[6.526s] Level 1:colcon.colcon_core.package_identification:_identify(src/simple_four_wheels_description) by extensions ['colcon_meta']
[6.526s] Level 1:colcon.colcon_core.package_identification:_identify(src/simple_four_wheels_description) by extension 'colcon_meta'
[6.526s] Level 1:colcon.colcon_core.package_identification:_identify(src/simple_four_wheels_description) by extensions ['ros']
[6.526s] Level 1:colcon.colcon_core.package_identification:_identify(src/simple_four_wheels_description) by extension 'ros'
[6.543s] DEBUG:colcon.colcon_core.package_identification:Package 'src/simple_four_wheels_description' with type 'ros.ament_python' and name 'simple_four_wheels_description'
[6.544s] Level 1:colcon.colcon_core.package_discovery:discover_packages(recursive) using defaults
[6.544s] Level 1:colcon.colcon_core.package_discovery:discover_packages(ignore) discover
[6.545s] Level 1:colcon.colcon_core.package_discovery:discover_packages(ignore) using defaults
[6.545s] Level 1:colcon.colcon_core.package_discovery:discover_packages(path) discover
[6.545s] Level 1:colcon.colcon_core.package_discovery:discover_packages(path) using defaults
[6.834s] Level 1:colcon.colcon_core.package_discovery:discover_packages(prefix_path) check parameters
[6.835s] Level 1:colcon.colcon_core.package_discovery:discover_packages(prefix_path) discover
[6.844s] DEBUG:colcon.colcon_installed_package_information.package_discovery:Found 4 installed packages in /home/rafi/ros2/urdf_ws/install
[6.848s] DEBUG:colcon.colcon_installed_package_information.package_discovery:Found 328 installed packages in /opt/ros/humble
[6.855s] Level 1:colcon.colcon_core.package_discovery:discover_packages(prefix_path) using defaults
[9.099s] Level 5:colcon.colcon_core.verb:set package 'assembly_refined_description' build argument 'cmake_args' from command line to 'None'
[9.099s] Level 5:colcon.colcon_core.verb:set package 'assembly_refined_description' build argument 'cmake_target' from command line to 'None'
[9.099s] Level 5:colcon.colcon_core.verb:set package 'assembly_refined_description' build argument 'cmake_target_skip_unavailable' from command line to 'False'
[9.100s] Level 5:colcon.colcon_core.verb:set package 'assembly_refined_description' build argument 'cmake_clean_cache' from command line to 'False'
[9.100s] Level 5:colcon.colcon_core.verb:set package 'assembly_refined_description' build argument 'cmake_clean_first' from command line to 'False'
[9.100s] Level 5:colcon.colcon_core.verb:set package 'assembly_refined_description' build argument 'cmake_force_configure' from command line to 'False'
[9.100s] Level 5:colcon.colcon_core.verb:set package 'assembly_refined_description' build argument 'ament_cmake_args' from command line to 'None'
[9.100s] Level 5:colcon.colcon_core.verb:set package 'assembly_refined_description' build argument 'catkin_cmake_args' from command line to 'None'
[9.100s] Level 5:colcon.colcon_core.verb:set package 'assembly_refined_description' build argument 'catkin_skip_building_tests' from command line to 'False'
[9.100s] DEBUG:colcon.colcon_core.verb:Building package 'assembly_refined_description' with the following arguments: {'ament_cmake_args': None, 'build_base': '/home/rafi/ros2/urdf_ws/build/assembly_refined_description', 'catkin_cmake_args': None, 'catkin_skip_building_tests': False, 'cmake_args': None, 'cmake_clean_cache': False, 'cmake_clean_first': False, 'cmake_force_configure': False, 'cmake_target': None, 'cmake_target_skip_unavailable': False, 'install_base': '/home/rafi/ros2/urdf_ws/install/assembly_refined_description', 'merge_install': False, 'path': '/home/rafi/ros2/urdf_ws/src/assembly_refined_description', 'symlink_install': False, 'test_result_base': None}
[9.102s] Level 5:colcon.colcon_core.verb:set package 'final_description' build argument 'cmake_args' from command line to 'None'
[9.103s] Level 5:colcon.colcon_core.verb:set package 'final_description' build argument 'cmake_target' from command line to 'None'
[9.104s] Level 5:colcon.colcon_core.verb:set package 'final_description' build argument 'cmake_target_skip_unavailable' from command line to 'False'
[9.104s] Level 5:colcon.colcon_core.verb:set package 'final_description' build argument 'cmake_clean_cache' from command line to 'False'
[9.104s] Level 5:colcon.colcon_core.verb:set package 'final_description' build argument 'cmake_clean_first' from command line to 'False'
[9.104s] Level 5:colcon.colcon_core.verb:set package 'final_description' build argument 'cmake_force_configure' from command line to 'False'
[9.104s] Level 5:colcon.colcon_core.verb:set package 'final_description' build argument 'ament_cmake_args' from command line to 'None'
[9.105s] Level 5:colcon.colcon_core.verb:set package 'final_description' build argument 'catkin_cmake_args' from command line to 'None'
[9.105s] Level 5:colcon.colcon_core.verb:set package 'final_description' build argument 'catkin_skip_building_tests' from command line to 'False'
[9.105s] DEBUG:colcon.colcon_core.verb:Building package 'final_description' with the following arguments: {'ament_cmake_args': None, 'build_base': '/home/rafi/ros2/urdf_ws/build/final_description', 'catkin_cmake_args': None, 'catkin_skip_building_tests': False, 'cmake_args': None, 'cmake_clean_cache': False, 'cmake_clean_first': False, 'cmake_force_configure': False, 'cmake_target': None, 'cmake_target_skip_unavailable': False, 'install_base': '/home/rafi/ros2/urdf_ws/install/final_description', 'merge_install': False, 'path': '/home/rafi/ros2/urdf_ws/src/binocular_vision_bot', 'symlink_install': False, 'test_result_base': None}
[9.107s] Level 5:colcon.colcon_core.verb:set package 'simple_four_wheels_description' build argument 'cmake_args' from command line to 'None'
[9.107s] Level 5:colcon.colcon_core.verb:set package 'simple_four_wheels_description' build argument 'cmake_target' from command line to 'None'
[9.107s] Level 5:colcon.colcon_core.verb:set package 'simple_four_wheels_description' build argument 'cmake_target_skip_unavailable' from command line to 'False'
[9.107s] Level 5:colcon.colcon_core.verb:set package 'simple_four_wheels_description' build argument 'cmake_clean_cache' from command line to 'False'
[9.107s] Level 5:colcon.colcon_core.verb:set package 'simple_four_wheels_description' build argument 'cmake_clean_first' from command line to 'False'
[9.107s] Level 5:colcon.colcon_core.verb:set package 'simple_four_wheels_description' build argument 'cmake_force_configure' from command line to 'False'
[9.107s] Level 5:colcon.colcon_core.verb:set package 'simple_four_wheels_description' build argument 'ament_cmake_args' from command line to 'None'
[9.107s] Level 5:colcon.colcon_core.verb:set package 'simple_four_wheels_description' build argument 'catkin_cmake_args' from command line to 'None'
[9.107s] Level 5:colcon.colcon_core.verb:set package 'simple_four_wheels_description' build argument 'catkin_skip_building_tests' from command line to 'False'
[9.107s] DEBUG:colcon.colcon_core.verb:Building package 'simple_four_wheels_description' with the following arguments: {'ament_cmake_args': None, 'build_base': '/home/rafi/ros2/urdf_ws/build/simple_four_wheels_description', 'catkin_cmake_args': None, 'catkin_skip_building_tests': False, 'cmake_args': None, 'cmake_clean_cache': False, 'cmake_clean_first': False, 'cmake_force_configure': False, 'cmake_target': None, 'cmake_target_skip_unavailable': False, 'install_base': '/home/rafi/ros2/urdf_ws/install/simple_four_wheels_description', 'merge_install': False, 'path': '/home/rafi/ros2/urdf_ws/src/simple_four_wheels_description', 'symlink_install': False, 'test_result_base': None}
[9.108s] INFO:colcon.colcon_core.executor:Executing jobs using 'parallel' executor
[9.111s] DEBUG:colcon.colcon_parallel_executor.executor.parallel:run_until_complete
[9.112s] INFO:colcon.colcon_ros.task.ament_python.build:Building ROS package in '/home/rafi/ros2/urdf_ws/src/assembly_refined_description' with build type 'ament_python'
[9.113s] Level 1:colcon.colcon_core.shell:create_environment_hook('assembly_refined_description', 'ament_prefix_path')
[9.131s] INFO:colcon.colcon_core.plugin_system:Skipping extension 'colcon_core.shell.bat': Not used on non-Windows systems
[9.134s] INFO:colcon.colcon_core.shell:Creating environment hook '/home/rafi/ros2/urdf_ws/install/assembly_refined_description/share/assembly_refined_description/hook/ament_prefix_path.ps1'
[9.163s] INFO:colcon.colcon_core.shell:Creating environment descriptor '/home/rafi/ros2/urdf_ws/install/assembly_refined_description/share/assembly_refined_description/hook/ament_prefix_path.dsv'
[9.168s] INFO:colcon.colcon_core.shell:Creating environment hook '/home/rafi/ros2/urdf_ws/install/assembly_refined_description/share/assembly_refined_description/hook/ament_prefix_path.sh'
[9.173s] INFO:colcon.colcon_core.shell:Skip shell extension 'powershell' for command environment: Not usable outside of PowerShell
[9.174s] DEBUG:colcon.colcon_core.shell:Skip shell extension 'dsv' for command environment
[9.183s] INFO:colcon.colcon_ros.task.ament_python.build:Building ROS package in '/home/rafi/ros2/urdf_ws/src/binocular_vision_bot' with build type 'ament_python'
[9.185s] Level 1:colcon.colcon_core.shell:create_environment_hook('final_description', 'ament_prefix_path')
[9.187s] INFO:colcon.colcon_core.shell:Creating environment hook '/home/rafi/ros2/urdf_ws/install/final_description/share/final_description/hook/ament_prefix_path.ps1'
[9.189s] INFO:colcon.colcon_core.shell:Creating environment descriptor '/home/rafi/ros2/urdf_ws/install/final_description/share/final_description/hook/ament_prefix_path.dsv'
[9.192s] INFO:colcon.colcon_core.shell:Creating environment hook '/home/rafi/ros2/urdf_ws/install/final_description/share/final_description/hook/ament_prefix_path.sh'
[9.198s] INFO:colcon.colcon_core.shell:Skip shell extension 'powershell' for command environment: Not usable outside of PowerShell
[9.199s] DEBUG:colcon.colcon_core.shell:Skip shell extension 'dsv' for command environment
[9.217s] INFO:colcon.colcon_ros.task.ament_python.build:Building ROS package in '/home/rafi/ros2/urdf_ws/src/simple_four_wheels_description' with build type 'ament_python'
[9.218s] Level 1:colcon.colcon_core.shell:create_environment_hook('simple_four_wheels_description', 'ament_prefix_path')
[9.220s] INFO:colcon.colcon_core.shell:Creating environment hook '/home/rafi/ros2/urdf_ws/install/simple_four_wheels_description/share/simple_four_wheels_description/hook/ament_prefix_path.ps1'
[9.221s] INFO:colcon.colcon_core.shell:Creating environment descriptor '/home/rafi/ros2/urdf_ws/install/simple_four_wheels_description/share/simple_four_wheels_description/hook/ament_prefix_path.dsv'
[9.222s] INFO:colcon.colcon_core.shell:Creating environment hook '/home/rafi/ros2/urdf_ws/install/simple_four_wheels_description/share/simple_four_wheels_description/hook/ament_prefix_path.sh'
[9.224s] INFO:colcon.colcon_core.shell:Skip shell extension 'powershell' for command environment: Not usable outside of PowerShell
[9.224s] DEBUG:colcon.colcon_core.shell:Skip shell extension 'dsv' for command environment
[10.820s] INFO:colcon.colcon_core.task.python.build:Building Python package in '/home/rafi/ros2/urdf_ws/src/assembly_refined_description'
[10.822s] INFO:colcon.colcon_core.shell:Skip shell extension 'powershell' for command environment: Not usable outside of PowerShell
[10.823s] DEBUG:colcon.colcon_core.shell:Skip shell extension 'dsv' for command environment
[12.105s] INFO:colcon.colcon_core.task.python.build:Building Python package in '/home/rafi/ros2/urdf_ws/src/binocular_vision_bot'
[12.107s] INFO:colcon.colcon_core.shell:Skip shell extension 'powershell' for command environment: Not usable outside of PowerShell
[12.108s] DEBUG:colcon.colcon_core.shell:Skip shell extension 'dsv' for command environment
[13.361s] INFO:colcon.colcon_core.task.python.build:Building Python package in '/home/rafi/ros2/urdf_ws/src/simple_four_wheels_description'
[13.364s] INFO:colcon.colcon_core.shell:Skip shell extension 'powershell' for command environment: Not usable outside of PowerShell
[13.365s] DEBUG:colcon.colcon_core.shell:Skip shell extension 'dsv' for command environment
[15.999s] DEBUG:colcon.colcon_core.event_handler.log_command:Invoking command in '/home/rafi/ros2/urdf_ws/src/simple_four_wheels_description': PYTHONPATH=/home/rafi/ros2/urdf_ws/build/simple_four_wheels_description/prefix_override:/usr/lib/python3/dist-packages/colcon_core/task/python/colcon_distutils_commands:/home/rafi/ros2/urdf_ws/install/simple_four_wheels_description/lib/python3.10/site-packages:${PYTHONPATH} /usr/bin/python3 -W ignore:setup.py install is deprecated setup.py egg_info --egg-base ../../build/simple_four_wheels_description build --build-base /home/rafi/ros2/urdf_ws/build/simple_four_wheels_description/build install --record /home/rafi/ros2/urdf_ws/build/simple_four_wheels_description/install.log --install-scripts $base/lib/simple_four_wheels_description --single-version-externally-managed install_data
[16.044s] DEBUG:colcon.colcon_core.event_handler.log_command:Invoking command in '/home/rafi/ros2/urdf_ws/src/binocular_vision_bot': PYTHONPATH=/home/rafi/ros2/urdf_ws/build/final_description/prefix_override:/usr/lib/python3/dist-packages/colcon_core/task/python/colcon_distutils_commands:/home/rafi/ros2/urdf_ws/install/final_description/lib/python3.10/site-packages:${PYTHONPATH} /usr/bin/python3 -W ignore:setup.py install is deprecated setup.py egg_info --egg-base ../../build/final_description build --build-base /home/rafi/ros2/urdf_ws/build/final_description/build install --record /home/rafi/ros2/urdf_ws/build/final_description/install.log --install-scripts $base/lib/final_description --single-version-externally-managed install_data
[16.047s] DEBUG:colcon.colcon_core.event_handler.log_command:Invoking command in '/home/rafi/ros2/urdf_ws/src/assembly_refined_description': PYTHONPATH=/home/rafi/ros2/urdf_ws/build/assembly_refined_description/prefix_override:/usr/lib/python3/dist-packages/colcon_core/task/python/colcon_distutils_commands:/home/rafi/ros2/urdf_ws/install/assembly_refined_description/lib/python3.10/site-packages:${PYTHONPATH} /usr/bin/python3 -W ignore:setup.py install is deprecated setup.py egg_info --egg-base ../../build/assembly_refined_description build --build-base /home/rafi/ros2/urdf_ws/build/assembly_refined_description/build install --record /home/rafi/ros2/urdf_ws/build/assembly_refined_description/install.log --install-scripts $base/lib/assembly_refined_description --single-version-externally-managed install_data
[17.682s] DEBUG:colcon.colcon_core.event_handler.log_command:Invoked command in '/home/rafi/ros2/urdf_ws/src/simple_four_wheels_description' returned '0': PYTHONPATH=/home/rafi/ros2/urdf_ws/build/simple_four_wheels_description/prefix_override:/usr/lib/python3/dist-packages/colcon_core/task/python/colcon_distutils_commands:/home/rafi/ros2/urdf_ws/install/simple_four_wheels_description/lib/python3.10/site-packages:${PYTHONPATH} /usr/bin/python3 -W ignore:setup.py install is deprecated setup.py egg_info --egg-base ../../build/simple_four_wheels_description build --build-base /home/rafi/ros2/urdf_ws/build/simple_four_wheels_description/build install --record /home/rafi/ros2/urdf_ws/build/simple_four_wheels_description/install.log --install-scripts $base/lib/simple_four_wheels_description --single-version-externally-managed install_data
[17.727s] Level 1:colcon.colcon_core.environment:checking '/home/rafi/ros2/urdf_ws/install/simple_four_wheels_description' for CMake module files
[17.727s] Level 1:colcon.colcon_core.environment:checking '/home/rafi/ros2/urdf_ws/install/simple_four_wheels_description' for CMake config files
[17.729s] Level 1:colcon.colcon_core.environment:checking '/home/rafi/ros2/urdf_ws/install/simple_four_wheels_description/lib'
[17.729s] Level 1:colcon.colcon_core.environment:checking '/home/rafi/ros2/urdf_ws/install/simple_four_wheels_description/bin'
[17.730s] Level 1:colcon.colcon_core.environment:checking '/home/rafi/ros2/urdf_ws/install/simple_four_wheels_description/lib/pkgconfig/simple_four_wheels_description.pc'
[17.731s] Level 1:colcon.colcon_core.environment:checking '/home/rafi/ros2/urdf_ws/install/simple_four_wheels_description/lib/python3.10/site-packages'
[17.732s] Level 1:colcon.colcon_core.shell:create_environment_hook('simple_four_wheels_description', 'pythonpath')
[17.734s] INFO:colcon.colcon_core.shell:Creating environment hook '/home/rafi/ros2/urdf_ws/install/simple_four_wheels_description/share/simple_four_wheels_description/hook/pythonpath.ps1'
[17.736s] INFO:colcon.colcon_core.shell:Creating environment descriptor '/home/rafi/ros2/urdf_ws/install/simple_four_wheels_description/share/simple_four_wheels_description/hook/pythonpath.dsv'
[17.738s] INFO:colcon.colcon_core.shell:Creating environment hook '/home/rafi/ros2/urdf_ws/install/simple_four_wheels_description/share/simple_four_wheels_description/hook/pythonpath.sh'
[17.743s] Level 1:colcon.colcon_core.environment:checking '/home/rafi/ros2/urdf_ws/install/simple_four_wheels_description/bin'
[17.744s] Level 1:colcon.colcon_core.environment:create_environment_scripts_only(simple_four_wheels_description)
[17.747s] INFO:colcon.colcon_core.shell:Creating package script '/home/rafi/ros2/urdf_ws/install/simple_four_wheels_description/share/simple_four_wheels_description/package.ps1'
[17.754s] INFO:colcon.colcon_core.shell:Creating package descriptor '/home/rafi/ros2/urdf_ws/install/simple_four_wheels_description/share/simple_four_wheels_description/package.dsv'
[17.759s] INFO:colcon.colcon_core.shell:Creating package script '/home/rafi/ros2/urdf_ws/install/simple_four_wheels_description/share/simple_four_wheels_description/package.sh'
[17.764s] INFO:colcon.colcon_core.shell:Creating package script '/home/rafi/ros2/urdf_ws/install/simple_four_wheels_description/share/simple_four_wheels_description/package.bash'
[17.769s] INFO:colcon.colcon_core.shell:Creating package script '/home/rafi/ros2/urdf_ws/install/simple_four_wheels_description/share/simple_four_wheels_description/package.zsh'
[17.774s] Level 1:colcon.colcon_core.environment:create_file_with_runtime_dependencies(/home/rafi/ros2/urdf_ws/install/simple_four_wheels_description/share/colcon-core/packages/simple_four_wheels_description)
[17.870s] Level 1:colcon.colcon_core.environment:checking '/home/rafi/ros2/urdf_ws/install/final_description' for CMake module files
[17.875s] DEBUG:colcon.colcon_core.event_handler.log_command:Invoked command in '/home/rafi/ros2/urdf_ws/src/binocular_vision_bot' returned '0': PYTHONPATH=/home/rafi/ros2/urdf_ws/build/final_description/prefix_override:/usr/lib/python3/dist-packages/colcon_core/task/python/colcon_distutils_commands:/home/rafi/ros2/urdf_ws/install/final_description/lib/python3.10/site-packages:${PYTHONPATH} /usr/bin/python3 -W ignore:setup.py install is deprecated setup.py egg_info --egg-base ../../build/final_description build --build-base /home/rafi/ros2/urdf_ws/build/final_description/build install --record /home/rafi/ros2/urdf_ws/build/final_description/install.log --install-scripts $base/lib/final_description --single-version-externally-managed install_data
[17.878s] Level 1:colcon.colcon_core.environment:checking '/home/rafi/ros2/urdf_ws/install/final_description' for CMake config files
[17.883s] Level 1:colcon.colcon_core.environment:checking '/home/rafi/ros2/urdf_ws/install/final_description/lib'
[17.885s] Level 1:colcon.colcon_core.environment:checking '/home/rafi/ros2/urdf_ws/install/final_description/bin'
[17.885s] Level 1:colcon.colcon_core.environment:checking '/home/rafi/ros2/urdf_ws/install/final_description/lib/pkgconfig/final_description.pc'
[17.886s] Level 1:colcon.colcon_core.environment:checking '/home/rafi/ros2/urdf_ws/install/final_description/lib/python3.10/site-packages'
[17.886s] Level 1:colcon.colcon_core.shell:create_environment_hook('final_description', 'pythonpath')
[17.887s] INFO:colcon.colcon_core.shell:Creating environment hook '/home/rafi/ros2/urdf_ws/install/final_description/share/final_description/hook/pythonpath.ps1'
[17.889s] INFO:colcon.colcon_core.shell:Creating environment descriptor '/home/rafi/ros2/urdf_ws/install/final_description/share/final_description/hook/pythonpath.dsv'
[17.891s] INFO:colcon.colcon_core.shell:Creating environment hook '/home/rafi/ros2/urdf_ws/install/final_description/share/final_description/hook/pythonpath.sh'
[17.892s] Level 1:colcon.colcon_core.environment:checking '/home/rafi/ros2/urdf_ws/install/final_description/bin'
[17.893s] Level 1:colcon.colcon_core.environment:create_environment_scripts_only(final_description)
[17.893s] INFO:colcon.colcon_core.shell:Creating package script '/home/rafi/ros2/urdf_ws/install/final_description/share/final_description/package.ps1'
[17.898s] INFO:colcon.colcon_core.shell:Creating package descriptor '/home/rafi/ros2/urdf_ws/install/final_description/share/final_description/package.dsv'
[17.904s] INFO:colcon.colcon_core.shell:Creating package script '/home/rafi/ros2/urdf_ws/install/final_description/share/final_description/package.sh'
[17.909s] INFO:colcon.colcon_core.shell:Creating package script '/home/rafi/ros2/urdf_ws/install/final_description/share/final_description/package.bash'
[17.912s] INFO:colcon.colcon_core.shell:Creating package script '/home/rafi/ros2/urdf_ws/install/final_description/share/final_description/package.zsh'
[17.916s] Level 1:colcon.colcon_core.environment:create_file_with_runtime_dependencies(/home/rafi/ros2/urdf_ws/install/final_description/share/colcon-core/packages/final_description)
[17.933s] Level 1:colcon.colcon_core.environment:checking '/home/rafi/ros2/urdf_ws/install/assembly_refined_description' for CMake module files
[17.937s] DEBUG:colcon.colcon_core.event_handler.log_command:Invoked command in '/home/rafi/ros2/urdf_ws/src/assembly_refined_description' returned '0': PYTHONPATH=/home/rafi/ros2/urdf_ws/build/assembly_refined_description/prefix_override:/usr/lib/python3/dist-packages/colcon_core/task/python/colcon_distutils_commands:/home/rafi/ros2/urdf_ws/install/assembly_refined_description/lib/python3.10/site-packages:${PYTHONPATH} /usr/bin/python3 -W ignore:setup.py install is deprecated setup.py egg_info --egg-base ../../build/assembly_refined_description build --build-base /home/rafi/ros2/urdf_ws/build/assembly_refined_description/build install --record /home/rafi/ros2/urdf_ws/build/assembly_refined_description/install.log --install-scripts $base/lib/assembly_refined_description --single-version-externally-managed install_data
[17.937s] Level 1:colcon.colcon_core.environment:checking '/home/rafi/ros2/urdf_ws/install/assembly_refined_description' for CMake config files
[17.939s] Level 1:colcon.colcon_core.environment:checking '/home/rafi/ros2/urdf_ws/install/assembly_refined_description/lib'
[17.939s] Level 1:colcon.colcon_core.environment:checking '/home/rafi/ros2/urdf_ws/install/assembly_refined_description/bin'
[17.939s] Level 1:colcon.colcon_core.environment:checking '/home/rafi/ros2/urdf_ws/install/assembly_refined_description/lib/pkgconfig/assembly_refined_description.pc'
[17.940s] Level 1:colcon.colcon_core.environment:checking '/home/rafi/ros2/urdf_ws/install/assembly_refined_description/lib/python3.10/site-packages'
[17.940s] Level 1:colcon.colcon_core.shell:create_environment_hook('assembly_refined_description', 'pythonpath')
[17.941s] INFO:colcon.colcon_core.shell:Creating environment hook '/home/rafi/ros2/urdf_ws/install/assembly_refined_description/share/assembly_refined_description/hook/pythonpath.ps1'
[17.942s] INFO:colcon.colcon_core.shell:Creating environment descriptor '/home/rafi/ros2/urdf_ws/install/assembly_refined_description/share/assembly_refined_description/hook/pythonpath.dsv'
[17.942s] INFO:colcon.colcon_core.shell:Creating environment hook '/home/rafi/ros2/urdf_ws/install/assembly_refined_description/share/assembly_refined_description/hook/pythonpath.sh'
[17.943s] Level 1:colcon.colcon_core.environment:checking '/home/rafi/ros2/urdf_ws/install/assembly_refined_description/bin'
[17.943s] Level 1:colcon.colcon_core.environment:create_environment_scripts_only(assembly_refined_description)
[17.944s] INFO:colcon.colcon_core.shell:Creating package script '/home/rafi/ros2/urdf_ws/install/assembly_refined_description/share/assembly_refined_description/package.ps1'
[17.945s] INFO:colcon.colcon_core.shell:Creating package descriptor '/home/rafi/ros2/urdf_ws/install/assembly_refined_description/share/assembly_refined_description/package.dsv'
[17.946s] INFO:colcon.colcon_core.shell:Creating package script '/home/rafi/ros2/urdf_ws/install/assembly_refined_description/share/assembly_refined_description/package.sh'
[17.951s] INFO:colcon.colcon_core.shell:Creating package script '/home/rafi/ros2/urdf_ws/install/assembly_refined_description/share/assembly_refined_description/package.bash'
[17.954s] INFO:colcon.colcon_core.shell:Creating package script '/home/rafi/ros2/urdf_ws/install/assembly_refined_description/share/assembly_refined_description/package.zsh'
[17.958s] Level 1:colcon.colcon_core.environment:create_file_with_runtime_dependencies(/home/rafi/ros2/urdf_ws/install/assembly_refined_description/share/colcon-core/packages/assembly_refined_description)
[17.961s] DEBUG:colcon.colcon_parallel_executor.executor.parallel:closing loop
[17.962s] DEBUG:colcon.colcon_parallel_executor.executor.parallel:loop closed
[17.962s] DEBUG:colcon.colcon_parallel_executor.executor.parallel:run_until_complete finished with '0'
[17.963s] DEBUG:colcon.colcon_core.event_reactor:joining thread
[18.037s] INFO:colcon.colcon_core.plugin_system:Skipping extension 'colcon_notification.desktop_notification.terminal_notifier': Not used on non-Darwin systems
[18.038s] INFO:colcon.colcon_core.plugin_system:Skipping extension 'colcon_notification.desktop_notification.win32': Not used on non-Windows systems
[18.039s] INFO:colcon.colcon_notification.desktop_notification:Sending desktop notification using 'notify2'
[18.100s] DEBUG:colcon.colcon_core.event_reactor:joined thread
[18.103s] INFO:colcon.colcon_core.shell:Creating prefix script '/home/rafi/ros2/urdf_ws/install/local_setup.ps1'
[18.109s] INFO:colcon.colcon_core.shell:Creating prefix util module '/home/rafi/ros2/urdf_ws/install/_local_setup_util_ps1.py'
[18.113s] INFO:colcon.colcon_core.shell:Creating prefix chain script '/home/rafi/ros2/urdf_ws/install/setup.ps1'
[18.124s] INFO:colcon.colcon_core.shell:Creating prefix script '/home/rafi/ros2/urdf_ws/install/local_setup.sh'
[18.129s] INFO:colcon.colcon_core.shell:Creating prefix util module '/home/rafi/ros2/urdf_ws/install/_local_setup_util_sh.py'
[18.134s] INFO:colcon.colcon_core.shell:Creating prefix chain script '/home/rafi/ros2/urdf_ws/install/setup.sh'
[18.140s] INFO:colcon.colcon_core.shell:Creating prefix script '/home/rafi/ros2/urdf_ws/install/local_setup.bash'
[18.145s] INFO:colcon.colcon_core.shell:Creating prefix chain script '/home/rafi/ros2/urdf_ws/install/setup.bash'
[18.150s] INFO:colcon.colcon_core.shell:Creating prefix script '/home/rafi/ros2/urdf_ws/install/local_setup.zsh'
[18.152s] INFO:colcon.colcon_core.shell:Creating prefix chain script '/home/rafi/ros2/urdf_ws/install/setup.zsh'
