[3.846s] DEBUG:colcon:Command line arguments: ['/usr/bin/colcon', 'build']
[3.846s] DEBUG:colcon:Parsed command line arguments: Namespace(log_base=None, log_level=None, verb_name='build', build_base='build', install_base='install', merge_install=False, symlink_install=False, test_result_base=None, continue_on_error=False, executor='parallel', parallel_workers=12, event_handlers=None, ignore_user_meta=False, metas=['./colcon.meta'], base_paths=['.'], packages_ignore=None, packages_ignore_regex=None, paths=None, packages_up_to=None, packages_up_to_regex=None, packages_above=None, packages_above_and_dependencies=None, packages_above_depth=None, packages_select_by_dep=None, packages_skip_by_dep=None, packages_skip_up_to=None, packages_select_build_failed=False, packages_skip_build_finished=False, packages_select_test_failures=False, packages_skip_test_passed=False, packages_select=None, packages_skip=None, packages_select_regex=None, packages_skip_regex=None, packages_start=None, packages_end=None, allow_overriding=[], cmake_args=None, cmake_target=None, cmake_target_skip_unavailable=False, cmake_clean_cache=False, cmake_clean_first=False, cmake_force_configure=False, ament_cmake_args=None, catkin_cmake_args=None, catkin_skip_building_tests=False, verb_parser=<colcon_defaults.argument_parser.defaults.DefaultArgumentsDecorator object at 0x74b73310a770>, verb_extension=<colcon_core.verb.build.BuildVerb object at 0x74b73323f940>, main=<bound method BuildVerb.main of <colcon_core.verb.build.BuildVerb object at 0x74b73323f940>>)
[6.402s] Level 1:colcon.colcon_core.package_discovery:discover_packages(colcon_meta) check parameters
[6.402s] Level 1:colcon.colcon_core.package_discovery:discover_packages(recursive) check parameters
[6.403s] Level 1:colcon.colcon_core.package_discovery:discover_packages(ignore) check parameters
[6.403s] Level 1:colcon.colcon_core.package_discovery:discover_packages(path) check parameters
[6.403s] Level 1:colcon.colcon_core.package_discovery:discover_packages(colcon_meta) discover
[6.403s] Level 1:colcon.colcon_core.package_discovery:discover_packages(recursive) discover
[6.403s] INFO:colcon.colcon_core.package_discovery:Crawling recursively for packages in '/home/rafi/ros2/urdf_ws'
[6.403s] Level 1:colcon.colcon_core.package_identification:_identify(.) by extensions ['ignore', 'ignore_ament_install']
[6.403s] Level 1:colcon.colcon_core.package_identification:_identify(.) by extension 'ignore'
[6.403s] Level 1:colcon.colcon_core.package_identification:_identify(.) by extension 'ignore_ament_install'
[6.403s] Level 1:colcon.colcon_core.package_identification:_identify(.) by extensions ['colcon_pkg']
[6.403s] Level 1:colcon.colcon_core.package_identification:_identify(.) by extension 'colcon_pkg'
[6.403s] Level 1:colcon.colcon_core.package_identification:_identify(.) by extensions ['colcon_meta']
[6.403s] Level 1:colcon.colcon_core.package_identification:_identify(.) by extension 'colcon_meta'
[6.404s] Level 1:colcon.colcon_core.package_identification:_identify(.) by extensions ['ros']
[6.404s] Level 1:colcon.colcon_core.package_identification:_identify(.) by extension 'ros'
[6.443s] Level 1:colcon.colcon_core.package_identification:_identify(.) by extensions ['cmake', 'python']
[6.443s] Level 1:colcon.colcon_core.package_identification:_identify(.) by extension 'cmake'
[6.443s] Level 1:colcon.colcon_core.package_identification:_identify(.) by extension 'python'
[6.443s] Level 1:colcon.colcon_core.package_identification:_identify(.) by extensions ['python_setup_py']
[6.443s] Level 1:colcon.colcon_core.package_identification:_identify(.) by extension 'python_setup_py'
[6.443s] Level 1:colcon.colcon_core.package_identification:_identify(build) by extensions ['ignore', 'ignore_ament_install']
[6.443s] Level 1:colcon.colcon_core.package_identification:_identify(build) by extension 'ignore'
[6.443s] Level 1:colcon.colcon_core.package_identification:_identify(build) ignored
[6.443s] Level 1:colcon.colcon_core.package_identification:_identify(install) by extensions ['ignore', 'ignore_ament_install']
[6.443s] Level 1:colcon.colcon_core.package_identification:_identify(install) by extension 'ignore'
[6.443s] Level 1:colcon.colcon_core.package_identification:_identify(install) ignored
[6.443s] Level 1:colcon.colcon_core.package_identification:_identify(log) by extensions ['ignore', 'ignore_ament_install']
[6.443s] Level 1:colcon.colcon_core.package_identification:_identify(log) by extension 'ignore'
[6.444s] Level 1:colcon.colcon_core.package_identification:_identify(log) ignored
[6.444s] Level 1:colcon.colcon_core.package_identification:_identify(src) by extensions ['ignore', 'ignore_ament_install']
[6.444s] Level 1:colcon.colcon_core.package_identification:_identify(src) by extension 'ignore'
[6.444s] Level 1:colcon.colcon_core.package_identification:_identify(src) by extension 'ignore_ament_install'
[6.444s] Level 1:colcon.colcon_core.package_identification:_identify(src) by extensions ['colcon_pkg']
[6.444s] Level 1:colcon.colcon_core.package_identification:_identify(src) by extension 'colcon_pkg'
[6.444s] Level 1:colcon.colcon_core.package_identification:_identify(src) by extensions ['colcon_meta']
[6.444s] Level 1:colcon.colcon_core.package_identification:_identify(src) by extension 'colcon_meta'
[6.444s] Level 1:colcon.colcon_core.package_identification:_identify(src) by extensions ['ros']
[6.444s] Level 1:colcon.colcon_core.package_identification:_identify(src) by extension 'ros'
[6.444s] Level 1:colcon.colcon_core.package_identification:_identify(src) by extensions ['cmake', 'python']
[6.444s] Level 1:colcon.colcon_core.package_identification:_identify(src) by extension 'cmake'
[6.444s] Level 1:colcon.colcon_core.package_identification:_identify(src) by extension 'python'
[6.444s] Level 1:colcon.colcon_core.package_identification:_identify(src) by extensions ['python_setup_py']
[6.444s] Level 1:colcon.colcon_core.package_identification:_identify(src) by extension 'python_setup_py'
[6.444s] Level 1:colcon.colcon_core.package_identification:_identify(src/Final_description) by extensions ['ignore', 'ignore_ament_install']
[6.444s] Level 1:colcon.colcon_core.package_identification:_identify(src/Final_description) by extension 'ignore'
[6.444s] Level 1:colcon.colcon_core.package_identification:_identify(src/Final_description) by extension 'ignore_ament_install'
[6.444s] Level 1:colcon.colcon_core.package_identification:_identify(src/Final_description) by extensions ['colcon_pkg']
[6.444s] Level 1:colcon.colcon_core.package_identification:_identify(src/Final_description) by extension 'colcon_pkg'
[6.444s] Level 1:colcon.colcon_core.package_identification:_identify(src/Final_description) by extensions ['colcon_meta']
[6.444s] Level 1:colcon.colcon_core.package_identification:_identify(src/Final_description) by extension 'colcon_meta'
[6.444s] Level 1:colcon.colcon_core.package_identification:_identify(src/Final_description) by extensions ['ros']
[6.445s] Level 1:colcon.colcon_core.package_identification:_identify(src/Final_description) by extension 'ros'
[6.472s] DEBUG:colcon.colcon_core.package_identification:Package 'src/Final_description' with type 'ros.ament_python' and name 'Final_description'
[6.472s] Level 1:colcon.colcon_core.package_identification:_identify(src/binocular_vision_bot) by extensions ['ignore', 'ignore_ament_install']
[6.472s] Level 1:colcon.colcon_core.package_identification:_identify(src/binocular_vision_bot) by extension 'ignore'
[6.472s] Level 1:colcon.colcon_core.package_identification:_identify(src/binocular_vision_bot) by extension 'ignore_ament_install'
[6.472s] Level 1:colcon.colcon_core.package_identification:_identify(src/binocular_vision_bot) by extensions ['colcon_pkg']
[6.472s] Level 1:colcon.colcon_core.package_identification:_identify(src/binocular_vision_bot) by extension 'colcon_pkg'
[6.472s] Level 1:colcon.colcon_core.package_identification:_identify(src/binocular_vision_bot) by extensions ['colcon_meta']
[6.472s] Level 1:colcon.colcon_core.package_identification:_identify(src/binocular_vision_bot) by extension 'colcon_meta'
[6.472s] Level 1:colcon.colcon_core.package_identification:_identify(src/binocular_vision_bot) by extensions ['ros']
[6.473s] Level 1:colcon.colcon_core.package_identification:_identify(src/binocular_vision_bot) by extension 'ros'
[6.473s] Level 1:colcon.colcon_core.package_identification:_identify(src/binocular_vision_bot) by extensions ['cmake', 'python']
[6.473s] Level 1:colcon.colcon_core.package_identification:_identify(src/binocular_vision_bot) by extension 'cmake'
[6.473s] Level 1:colcon.colcon_core.package_identification:_identify(src/binocular_vision_bot) by extension 'python'
[6.473s] Level 1:colcon.colcon_core.package_identification:_identify(src/binocular_vision_bot) by extensions ['python_setup_py']
[6.473s] Level 1:colcon.colcon_core.package_identification:_identify(src/binocular_vision_bot) by extension 'python_setup_py'
[6.473s] Level 1:colcon.colcon_core.package_identification:_identify(src/binocular_vision_bot/final_description) by extensions ['ignore', 'ignore_ament_install']
[6.473s] Level 1:colcon.colcon_core.package_identification:_identify(src/binocular_vision_bot/final_description) by extension 'ignore'
[6.473s] Level 1:colcon.colcon_core.package_identification:_identify(src/binocular_vision_bot/final_description) by extension 'ignore_ament_install'
[6.473s] Level 1:colcon.colcon_core.package_identification:_identify(src/binocular_vision_bot/final_description) by extensions ['colcon_pkg']
[6.473s] Level 1:colcon.colcon_core.package_identification:_identify(src/binocular_vision_bot/final_description) by extension 'colcon_pkg'
[6.473s] Level 1:colcon.colcon_core.package_identification:_identify(src/binocular_vision_bot/final_description) by extensions ['colcon_meta']
[6.473s] Level 1:colcon.colcon_core.package_identification:_identify(src/binocular_vision_bot/final_description) by extension 'colcon_meta'
[6.473s] Level 1:colcon.colcon_core.package_identification:_identify(src/binocular_vision_bot/final_description) by extensions ['ros']
[6.473s] Level 1:colcon.colcon_core.package_identification:_identify(src/binocular_vision_bot/final_description) by extension 'ros'
[6.474s] DEBUG:colcon.colcon_core.package_identification:Package 'src/binocular_vision_bot/final_description' with type 'ros.ament_python' and name 'final_description'
[6.474s] Level 1:colcon.colcon_core.package_identification:_identify(src/simple_four_wheels_description) by extensions ['ignore', 'ignore_ament_install']
[6.474s] Level 1:colcon.colcon_core.package_identification:_identify(src/simple_four_wheels_description) by extension 'ignore'
[6.474s] Level 1:colcon.colcon_core.package_identification:_identify(src/simple_four_wheels_description) by extension 'ignore_ament_install'
[6.474s] Level 1:colcon.colcon_core.package_identification:_identify(src/simple_four_wheels_description) by extensions ['colcon_pkg']
[6.474s] Level 1:colcon.colcon_core.package_identification:_identify(src/simple_four_wheels_description) by extension 'colcon_pkg'
[6.474s] Level 1:colcon.colcon_core.package_identification:_identify(src/simple_four_wheels_description) by extensions ['colcon_meta']
[6.474s] Level 1:colcon.colcon_core.package_identification:_identify(src/simple_four_wheels_description) by extension 'colcon_meta'
[6.474s] Level 1:colcon.colcon_core.package_identification:_identify(src/simple_four_wheels_description) by extensions ['ros']
[6.474s] Level 1:colcon.colcon_core.package_identification:_identify(src/simple_four_wheels_description) by extension 'ros'
[6.489s] DEBUG:colcon.colcon_core.package_identification:Package 'src/simple_four_wheels_description' with type 'ros.ament_python' and name 'simple_four_wheels_description'
[6.489s] Level 1:colcon.colcon_core.package_discovery:discover_packages(recursive) using defaults
[6.489s] Level 1:colcon.colcon_core.package_discovery:discover_packages(ignore) discover
[6.489s] Level 1:colcon.colcon_core.package_discovery:discover_packages(ignore) using defaults
[6.489s] Level 1:colcon.colcon_core.package_discovery:discover_packages(path) discover
[6.489s] Level 1:colcon.colcon_core.package_discovery:discover_packages(path) using defaults
[6.621s] Level 1:colcon.colcon_core.package_discovery:discover_packages(prefix_path) check parameters
[6.621s] Level 1:colcon.colcon_core.package_discovery:discover_packages(prefix_path) discover
[6.623s] DEBUG:colcon.colcon_installed_package_information.package_discovery:Found 316 installed packages in /opt/ros/humble
[6.625s] Level 1:colcon.colcon_core.package_discovery:discover_packages(prefix_path) using defaults
[6.660s] Level 5:colcon.colcon_core.verb:set package 'Final_description' build argument 'cmake_args' from command line to 'None'
[6.660s] Level 5:colcon.colcon_core.verb:set package 'Final_description' build argument 'cmake_target' from command line to 'None'
[6.660s] Level 5:colcon.colcon_core.verb:set package 'Final_description' build argument 'cmake_target_skip_unavailable' from command line to 'False'
[6.660s] Level 5:colcon.colcon_core.verb:set package 'Final_description' build argument 'cmake_clean_cache' from command line to 'False'
[6.660s] Level 5:colcon.colcon_core.verb:set package 'Final_description' build argument 'cmake_clean_first' from command line to 'False'
[6.660s] Level 5:colcon.colcon_core.verb:set package 'Final_description' build argument 'cmake_force_configure' from command line to 'False'
[6.660s] Level 5:colcon.colcon_core.verb:set package 'Final_description' build argument 'ament_cmake_args' from command line to 'None'
[6.660s] Level 5:colcon.colcon_core.verb:set package 'Final_description' build argument 'catkin_cmake_args' from command line to 'None'
[6.660s] Level 5:colcon.colcon_core.verb:set package 'Final_description' build argument 'catkin_skip_building_tests' from command line to 'False'
[6.660s] DEBUG:colcon.colcon_core.verb:Building package 'Final_description' with the following arguments: {'ament_cmake_args': None, 'build_base': '/home/rafi/ros2/urdf_ws/build/Final_description', 'catkin_cmake_args': None, 'catkin_skip_building_tests': False, 'cmake_args': None, 'cmake_clean_cache': False, 'cmake_clean_first': False, 'cmake_force_configure': False, 'cmake_target': None, 'cmake_target_skip_unavailable': False, 'install_base': '/home/rafi/ros2/urdf_ws/install/Final_description', 'merge_install': False, 'path': '/home/rafi/ros2/urdf_ws/src/Final_description', 'symlink_install': False, 'test_result_base': None}
[6.661s] Level 5:colcon.colcon_core.verb:set package 'final_description' build argument 'cmake_args' from command line to 'None'
[6.661s] Level 5:colcon.colcon_core.verb:set package 'final_description' build argument 'cmake_target' from command line to 'None'
[6.661s] Level 5:colcon.colcon_core.verb:set package 'final_description' build argument 'cmake_target_skip_unavailable' from command line to 'False'
[6.661s] Level 5:colcon.colcon_core.verb:set package 'final_description' build argument 'cmake_clean_cache' from command line to 'False'
[6.661s] Level 5:colcon.colcon_core.verb:set package 'final_description' build argument 'cmake_clean_first' from command line to 'False'
[6.661s] Level 5:colcon.colcon_core.verb:set package 'final_description' build argument 'cmake_force_configure' from command line to 'False'
[6.661s] Level 5:colcon.colcon_core.verb:set package 'final_description' build argument 'ament_cmake_args' from command line to 'None'
[6.661s] Level 5:colcon.colcon_core.verb:set package 'final_description' build argument 'catkin_cmake_args' from command line to 'None'
[6.661s] Level 5:colcon.colcon_core.verb:set package 'final_description' build argument 'catkin_skip_building_tests' from command line to 'False'
[6.661s] DEBUG:colcon.colcon_core.verb:Building package 'final_description' with the following arguments: {'ament_cmake_args': None, 'build_base': '/home/rafi/ros2/urdf_ws/build/final_description', 'catkin_cmake_args': None, 'catkin_skip_building_tests': False, 'cmake_args': None, 'cmake_clean_cache': False, 'cmake_clean_first': False, 'cmake_force_configure': False, 'cmake_target': None, 'cmake_target_skip_unavailable': False, 'install_base': '/home/rafi/ros2/urdf_ws/install/final_description', 'merge_install': False, 'path': '/home/rafi/ros2/urdf_ws/src/binocular_vision_bot/final_description', 'symlink_install': False, 'test_result_base': None}
[6.661s] Level 5:colcon.colcon_core.verb:set package 'simple_four_wheels_description' build argument 'cmake_args' from command line to 'None'
[6.661s] Level 5:colcon.colcon_core.verb:set package 'simple_four_wheels_description' build argument 'cmake_target' from command line to 'None'
[6.661s] Level 5:colcon.colcon_core.verb:set package 'simple_four_wheels_description' build argument 'cmake_target_skip_unavailable' from command line to 'False'
[6.661s] Level 5:colcon.colcon_core.verb:set package 'simple_four_wheels_description' build argument 'cmake_clean_cache' from command line to 'False'
[6.661s] Level 5:colcon.colcon_core.verb:set package 'simple_four_wheels_description' build argument 'cmake_clean_first' from command line to 'False'
[6.661s] Level 5:colcon.colcon_core.verb:set package 'simple_four_wheels_description' build argument 'cmake_force_configure' from command line to 'False'
[6.661s] Level 5:colcon.colcon_core.verb:set package 'simple_four_wheels_description' build argument 'ament_cmake_args' from command line to 'None'
[6.661s] Level 5:colcon.colcon_core.verb:set package 'simple_four_wheels_description' build argument 'catkin_cmake_args' from command line to 'None'
[6.661s] Level 5:colcon.colcon_core.verb:set package 'simple_four_wheels_description' build argument 'catkin_skip_building_tests' from command line to 'False'
[6.661s] DEBUG:colcon.colcon_core.verb:Building package 'simple_four_wheels_description' with the following arguments: {'ament_cmake_args': None, 'build_base': '/home/rafi/ros2/urdf_ws/build/simple_four_wheels_description', 'catkin_cmake_args': None, 'catkin_skip_building_tests': False, 'cmake_args': None, 'cmake_clean_cache': False, 'cmake_clean_first': False, 'cmake_force_configure': False, 'cmake_target': None, 'cmake_target_skip_unavailable': False, 'install_base': '/home/rafi/ros2/urdf_ws/install/simple_four_wheels_description', 'merge_install': False, 'path': '/home/rafi/ros2/urdf_ws/src/simple_four_wheels_description', 'symlink_install': False, 'test_result_base': None}
[6.661s] INFO:colcon.colcon_core.executor:Executing jobs using 'parallel' executor
[6.662s] DEBUG:colcon.colcon_parallel_executor.executor.parallel:run_until_complete
[6.662s] INFO:colcon.colcon_ros.task.ament_python.build:Building ROS package in '/home/rafi/ros2/urdf_ws/src/Final_description' with build type 'ament_python'
[6.663s] Level 1:colcon.colcon_core.shell:create_environment_hook('Final_description', 'ament_prefix_path')
[6.677s] INFO:colcon.colcon_core.plugin_system:Skipping extension 'colcon_core.shell.bat': Not used on non-Windows systems
[6.678s] INFO:colcon.colcon_core.shell:Creating environment hook '/home/rafi/ros2/urdf_ws/install/Final_description/share/Final_description/hook/ament_prefix_path.ps1'
[6.694s] INFO:colcon.colcon_core.shell:Creating environment descriptor '/home/rafi/ros2/urdf_ws/install/Final_description/share/Final_description/hook/ament_prefix_path.dsv'
[6.694s] INFO:colcon.colcon_core.shell:Creating environment hook '/home/rafi/ros2/urdf_ws/install/Final_description/share/Final_description/hook/ament_prefix_path.sh'
[6.695s] INFO:colcon.colcon_core.shell:Skip shell extension 'powershell' for command environment: Not usable outside of PowerShell
[6.695s] DEBUG:colcon.colcon_core.shell:Skip shell extension 'dsv' for command environment
[6.697s] INFO:colcon.colcon_ros.task.ament_python.build:Building ROS package in '/home/rafi/ros2/urdf_ws/src/binocular_vision_bot/final_description' with build type 'ament_python'
[6.697s] Level 1:colcon.colcon_core.shell:create_environment_hook('final_description', 'ament_prefix_path')
[6.697s] INFO:colcon.colcon_core.shell:Creating environment hook '/home/rafi/ros2/urdf_ws/install/final_description/share/final_description/hook/ament_prefix_path.ps1'
[6.705s] INFO:colcon.colcon_core.shell:Creating environment descriptor '/home/rafi/ros2/urdf_ws/install/final_description/share/final_description/hook/ament_prefix_path.dsv'
[6.705s] INFO:colcon.colcon_core.shell:Creating environment hook '/home/rafi/ros2/urdf_ws/install/final_description/share/final_description/hook/ament_prefix_path.sh'
[6.706s] INFO:colcon.colcon_core.shell:Skip shell extension 'powershell' for command environment: Not usable outside of PowerShell
[6.706s] DEBUG:colcon.colcon_core.shell:Skip shell extension 'dsv' for command environment
[6.708s] INFO:colcon.colcon_ros.task.ament_python.build:Building ROS package in '/home/rafi/ros2/urdf_ws/src/simple_four_wheels_description' with build type 'ament_python'
[6.708s] Level 1:colcon.colcon_core.shell:create_environment_hook('simple_four_wheels_description', 'ament_prefix_path')
[6.708s] INFO:colcon.colcon_core.shell:Creating environment hook '/home/rafi/ros2/urdf_ws/install/simple_four_wheels_description/share/simple_four_wheels_description/hook/ament_prefix_path.ps1'
[6.723s] INFO:colcon.colcon_core.shell:Creating environment descriptor '/home/rafi/ros2/urdf_ws/install/simple_four_wheels_description/share/simple_four_wheels_description/hook/ament_prefix_path.dsv'
[6.723s] INFO:colcon.colcon_core.shell:Creating environment hook '/home/rafi/ros2/urdf_ws/install/simple_four_wheels_description/share/simple_four_wheels_description/hook/ament_prefix_path.sh'
[6.723s] INFO:colcon.colcon_core.shell:Skip shell extension 'powershell' for command environment: Not usable outside of PowerShell
[6.724s] DEBUG:colcon.colcon_core.shell:Skip shell extension 'dsv' for command environment
[7.002s] INFO:colcon.colcon_core.task.python.build:Building Python package in '/home/rafi/ros2/urdf_ws/src/Final_description'
[7.002s] INFO:colcon.colcon_core.shell:Skip shell extension 'powershell' for command environment: Not usable outside of PowerShell
[7.002s] DEBUG:colcon.colcon_core.shell:Skip shell extension 'dsv' for command environment
[7.233s] INFO:colcon.colcon_core.task.python.build:Building Python package in '/home/rafi/ros2/urdf_ws/src/binocular_vision_bot/final_description'
[7.234s] INFO:colcon.colcon_core.shell:Skip shell extension 'powershell' for command environment: Not usable outside of PowerShell
[7.234s] DEBUG:colcon.colcon_core.shell:Skip shell extension 'dsv' for command environment
[7.492s] INFO:colcon.colcon_core.task.python.build:Building Python package in '/home/rafi/ros2/urdf_ws/src/simple_four_wheels_description'
[7.492s] INFO:colcon.colcon_core.shell:Skip shell extension 'powershell' for command environment: Not usable outside of PowerShell
[7.492s] DEBUG:colcon.colcon_core.shell:Skip shell extension 'dsv' for command environment
[8.355s] DEBUG:colcon.colcon_core.event_handler.log_command:Invoking command in '/home/rafi/ros2/urdf_ws/src/simple_four_wheels_description': PYTHONPATH=/home/rafi/ros2/urdf_ws/build/simple_four_wheels_description/prefix_override:/usr/lib/python3/dist-packages/colcon_core/task/python/colcon_distutils_commands:/home/rafi/ros2/urdf_ws/install/simple_four_wheels_description/lib/python3.10/site-packages:${PYTHONPATH} /usr/bin/python3 -W ignore:setup.py install is deprecated setup.py egg_info --egg-base ../../build/simple_four_wheels_description build --build-base /home/rafi/ros2/urdf_ws/build/simple_four_wheels_description/build install --record /home/rafi/ros2/urdf_ws/build/simple_four_wheels_description/install.log --install-scripts $base/lib/simple_four_wheels_description --single-version-externally-managed install_data
[8.358s] DEBUG:colcon.colcon_core.event_handler.log_command:Invoking command in '/home/rafi/ros2/urdf_ws/src/binocular_vision_bot/final_description': PYTHONPATH=/home/rafi/ros2/urdf_ws/build/final_description/prefix_override:/usr/lib/python3/dist-packages/colcon_core/task/python/colcon_distutils_commands:/home/rafi/ros2/urdf_ws/install/final_description/lib/python3.10/site-packages:${PYTHONPATH} /usr/bin/python3 -W ignore:setup.py install is deprecated setup.py egg_info --egg-base ../../../build/final_description build --build-base /home/rafi/ros2/urdf_ws/build/final_description/build install --record /home/rafi/ros2/urdf_ws/build/final_description/install.log --install-scripts $base/lib/final_description --single-version-externally-managed install_data
[8.360s] DEBUG:colcon.colcon_core.event_handler.log_command:Invoking command in '/home/rafi/ros2/urdf_ws/src/Final_description': PYTHONPATH=/home/rafi/ros2/urdf_ws/build/Final_description/prefix_override:/usr/lib/python3/dist-packages/colcon_core/task/python/colcon_distutils_commands:/home/rafi/ros2/urdf_ws/install/Final_description/lib/python3.10/site-packages:${PYTHONPATH} /usr/bin/python3 -W ignore:setup.py install is deprecated setup.py egg_info --egg-base ../../build/Final_description build --build-base /home/rafi/ros2/urdf_ws/build/Final_description/build install --record /home/rafi/ros2/urdf_ws/build/Final_description/install.log --install-scripts $base/lib/Final_description --single-version-externally-managed install_data
[8.764s] DEBUG:colcon.colcon_core.event_handler.log_command:Invoked command in '/home/rafi/ros2/urdf_ws/src/Final_description' returned '0': PYTHONPATH=/home/rafi/ros2/urdf_ws/build/Final_description/prefix_override:/usr/lib/python3/dist-packages/colcon_core/task/python/colcon_distutils_commands:/home/rafi/ros2/urdf_ws/install/Final_description/lib/python3.10/site-packages:${PYTHONPATH} /usr/bin/python3 -W ignore:setup.py install is deprecated setup.py egg_info --egg-base ../../build/Final_description build --build-base /home/rafi/ros2/urdf_ws/build/Final_description/build install --record /home/rafi/ros2/urdf_ws/build/Final_description/install.log --install-scripts $base/lib/Final_description --single-version-externally-managed install_data
[8.768s] Level 1:colcon.colcon_core.environment:checking '/home/rafi/ros2/urdf_ws/install/Final_description' for CMake module files
[8.769s] Level 1:colcon.colcon_core.environment:checking '/home/rafi/ros2/urdf_ws/install/Final_description' for CMake config files
[8.769s] Level 1:colcon.colcon_core.environment:checking '/home/rafi/ros2/urdf_ws/install/Final_description/lib'
[8.770s] Level 1:colcon.colcon_core.environment:checking '/home/rafi/ros2/urdf_ws/install/Final_description/bin'
[8.770s] Level 1:colcon.colcon_core.environment:checking '/home/rafi/ros2/urdf_ws/install/Final_description/lib/pkgconfig/Final_description.pc'
[8.770s] Level 1:colcon.colcon_core.environment:checking '/home/rafi/ros2/urdf_ws/install/Final_description/lib/python3.10/site-packages'
[8.770s] Level 1:colcon.colcon_core.shell:create_environment_hook('Final_description', 'pythonpath')
[8.770s] INFO:colcon.colcon_core.shell:Creating environment hook '/home/rafi/ros2/urdf_ws/install/Final_description/share/Final_description/hook/pythonpath.ps1'
[8.770s] INFO:colcon.colcon_core.shell:Creating environment descriptor '/home/rafi/ros2/urdf_ws/install/Final_description/share/Final_description/hook/pythonpath.dsv'
[8.771s] INFO:colcon.colcon_core.shell:Creating environment hook '/home/rafi/ros2/urdf_ws/install/Final_description/share/Final_description/hook/pythonpath.sh'
[8.771s] Level 1:colcon.colcon_core.environment:checking '/home/rafi/ros2/urdf_ws/install/Final_description/bin'
[8.771s] Level 1:colcon.colcon_core.environment:create_environment_scripts_only(Final_description)
[8.771s] INFO:colcon.colcon_core.shell:Creating package script '/home/rafi/ros2/urdf_ws/install/Final_description/share/Final_description/package.ps1'
[8.772s] INFO:colcon.colcon_core.shell:Creating package descriptor '/home/rafi/ros2/urdf_ws/install/Final_description/share/Final_description/package.dsv'
[8.773s] INFO:colcon.colcon_core.shell:Creating package script '/home/rafi/ros2/urdf_ws/install/Final_description/share/Final_description/package.sh'
[8.773s] INFO:colcon.colcon_core.shell:Creating package script '/home/rafi/ros2/urdf_ws/install/Final_description/share/Final_description/package.bash'
[8.774s] INFO:colcon.colcon_core.shell:Creating package script '/home/rafi/ros2/urdf_ws/install/Final_description/share/Final_description/package.zsh'
[8.775s] Level 1:colcon.colcon_core.environment:create_file_with_runtime_dependencies(/home/rafi/ros2/urdf_ws/install/Final_description/share/colcon-core/packages/Final_description)
[8.776s] Level 1:colcon.colcon_core.environment:checking '/home/rafi/ros2/urdf_ws/install/simple_four_wheels_description' for CMake module files
[8.776s] DEBUG:colcon.colcon_core.event_handler.log_command:Invoked command in '/home/rafi/ros2/urdf_ws/src/simple_four_wheels_description' returned '0': PYTHONPATH=/home/rafi/ros2/urdf_ws/build/simple_four_wheels_description/prefix_override:/usr/lib/python3/dist-packages/colcon_core/task/python/colcon_distutils_commands:/home/rafi/ros2/urdf_ws/install/simple_four_wheels_description/lib/python3.10/site-packages:${PYTHONPATH} /usr/bin/python3 -W ignore:setup.py install is deprecated setup.py egg_info --egg-base ../../build/simple_four_wheels_description build --build-base /home/rafi/ros2/urdf_ws/build/simple_four_wheels_description/build install --record /home/rafi/ros2/urdf_ws/build/simple_four_wheels_description/install.log --install-scripts $base/lib/simple_four_wheels_description --single-version-externally-managed install_data
[8.776s] Level 1:colcon.colcon_core.environment:checking '/home/rafi/ros2/urdf_ws/install/simple_four_wheels_description' for CMake config files
[8.791s] Level 1:colcon.colcon_core.environment:checking '/home/rafi/ros2/urdf_ws/install/simple_four_wheels_description/lib'
[8.791s] Level 1:colcon.colcon_core.environment:checking '/home/rafi/ros2/urdf_ws/install/simple_four_wheels_description/bin'
[8.791s] Level 1:colcon.colcon_core.environment:checking '/home/rafi/ros2/urdf_ws/install/simple_four_wheels_description/lib/pkgconfig/simple_four_wheels_description.pc'
[8.791s] Level 1:colcon.colcon_core.environment:checking '/home/rafi/ros2/urdf_ws/install/simple_four_wheels_description/lib/python3.10/site-packages'
[8.791s] Level 1:colcon.colcon_core.shell:create_environment_hook('simple_four_wheels_description', 'pythonpath')
[8.791s] INFO:colcon.colcon_core.shell:Creating environment hook '/home/rafi/ros2/urdf_ws/install/simple_four_wheels_description/share/simple_four_wheels_description/hook/pythonpath.ps1'
[8.792s] INFO:colcon.colcon_core.shell:Creating environment descriptor '/home/rafi/ros2/urdf_ws/install/simple_four_wheels_description/share/simple_four_wheels_description/hook/pythonpath.dsv'
[8.792s] INFO:colcon.colcon_core.shell:Creating environment hook '/home/rafi/ros2/urdf_ws/install/simple_four_wheels_description/share/simple_four_wheels_description/hook/pythonpath.sh'
[8.792s] Level 1:colcon.colcon_core.environment:checking '/home/rafi/ros2/urdf_ws/install/simple_four_wheels_description/bin'
[8.792s] Level 1:colcon.colcon_core.environment:create_environment_scripts_only(simple_four_wheels_description)
[8.793s] INFO:colcon.colcon_core.shell:Creating package script '/home/rafi/ros2/urdf_ws/install/simple_four_wheels_description/share/simple_four_wheels_description/package.ps1'
[8.793s] INFO:colcon.colcon_core.shell:Creating package descriptor '/home/rafi/ros2/urdf_ws/install/simple_four_wheels_description/share/simple_four_wheels_description/package.dsv'
[8.793s] INFO:colcon.colcon_core.shell:Creating package script '/home/rafi/ros2/urdf_ws/install/simple_four_wheels_description/share/simple_four_wheels_description/package.sh'
[8.794s] INFO:colcon.colcon_core.shell:Creating package script '/home/rafi/ros2/urdf_ws/install/simple_four_wheels_description/share/simple_four_wheels_description/package.bash'
[8.794s] INFO:colcon.colcon_core.shell:Creating package script '/home/rafi/ros2/urdf_ws/install/simple_four_wheels_description/share/simple_four_wheels_description/package.zsh'
[8.794s] Level 1:colcon.colcon_core.environment:create_file_with_runtime_dependencies(/home/rafi/ros2/urdf_ws/install/simple_four_wheels_description/share/colcon-core/packages/simple_four_wheels_description)
[8.795s] Level 1:colcon.colcon_core.environment:checking '/home/rafi/ros2/urdf_ws/install/final_description' for CMake module files
[8.795s] DEBUG:colcon.colcon_core.event_handler.log_command:Invoked command in '/home/rafi/ros2/urdf_ws/src/binocular_vision_bot/final_description' returned '0': PYTHONPATH=/home/rafi/ros2/urdf_ws/build/final_description/prefix_override:/usr/lib/python3/dist-packages/colcon_core/task/python/colcon_distutils_commands:/home/rafi/ros2/urdf_ws/install/final_description/lib/python3.10/site-packages:${PYTHONPATH} /usr/bin/python3 -W ignore:setup.py install is deprecated setup.py egg_info --egg-base ../../../build/final_description build --build-base /home/rafi/ros2/urdf_ws/build/final_description/build install --record /home/rafi/ros2/urdf_ws/build/final_description/install.log --install-scripts $base/lib/final_description --single-version-externally-managed install_data
[8.796s] Level 1:colcon.colcon_core.environment:checking '/home/rafi/ros2/urdf_ws/install/final_description' for CMake config files
[8.816s] Level 1:colcon.colcon_core.environment:checking '/home/rafi/ros2/urdf_ws/install/final_description/lib'
[8.816s] Level 1:colcon.colcon_core.environment:checking '/home/rafi/ros2/urdf_ws/install/final_description/bin'
[8.816s] Level 1:colcon.colcon_core.environment:checking '/home/rafi/ros2/urdf_ws/install/final_description/lib/pkgconfig/final_description.pc'
[8.816s] Level 1:colcon.colcon_core.environment:checking '/home/rafi/ros2/urdf_ws/install/final_description/lib/python3.10/site-packages'
[8.816s] Level 1:colcon.colcon_core.shell:create_environment_hook('final_description', 'pythonpath')
[8.816s] INFO:colcon.colcon_core.shell:Creating environment hook '/home/rafi/ros2/urdf_ws/install/final_description/share/final_description/hook/pythonpath.ps1'
[8.817s] INFO:colcon.colcon_core.shell:Creating environment descriptor '/home/rafi/ros2/urdf_ws/install/final_description/share/final_description/hook/pythonpath.dsv'
[8.817s] INFO:colcon.colcon_core.shell:Creating environment hook '/home/rafi/ros2/urdf_ws/install/final_description/share/final_description/hook/pythonpath.sh'
[8.817s] Level 1:colcon.colcon_core.environment:checking '/home/rafi/ros2/urdf_ws/install/final_description/bin'
[8.817s] Level 1:colcon.colcon_core.environment:create_environment_scripts_only(final_description)
[8.818s] INFO:colcon.colcon_core.shell:Creating package script '/home/rafi/ros2/urdf_ws/install/final_description/share/final_description/package.ps1'
[8.818s] INFO:colcon.colcon_core.shell:Creating package descriptor '/home/rafi/ros2/urdf_ws/install/final_description/share/final_description/package.dsv'
[8.818s] INFO:colcon.colcon_core.shell:Creating package script '/home/rafi/ros2/urdf_ws/install/final_description/share/final_description/package.sh'
[8.819s] INFO:colcon.colcon_core.shell:Creating package script '/home/rafi/ros2/urdf_ws/install/final_description/share/final_description/package.bash'
[8.819s] INFO:colcon.colcon_core.shell:Creating package script '/home/rafi/ros2/urdf_ws/install/final_description/share/final_description/package.zsh'
[8.819s] Level 1:colcon.colcon_core.environment:create_file_with_runtime_dependencies(/home/rafi/ros2/urdf_ws/install/final_description/share/colcon-core/packages/final_description)
[8.820s] DEBUG:colcon.colcon_parallel_executor.executor.parallel:closing loop
[8.820s] DEBUG:colcon.colcon_parallel_executor.executor.parallel:loop closed
[8.820s] DEBUG:colcon.colcon_parallel_executor.executor.parallel:run_until_complete finished with '0'
[8.820s] DEBUG:colcon.colcon_core.event_reactor:joining thread
[8.836s] INFO:colcon.colcon_core.plugin_system:Skipping extension 'colcon_notification.desktop_notification.terminal_notifier': Not used on non-Darwin systems
[8.836s] INFO:colcon.colcon_core.plugin_system:Skipping extension 'colcon_notification.desktop_notification.win32': Not used on non-Windows systems
[8.836s] INFO:colcon.colcon_notification.desktop_notification:Sending desktop notification using 'notify2'
[8.873s] DEBUG:colcon.colcon_core.event_reactor:joined thread
[8.873s] INFO:colcon.colcon_core.shell:Creating prefix script '/home/rafi/ros2/urdf_ws/install/local_setup.ps1'
[8.875s] INFO:colcon.colcon_core.shell:Creating prefix util module '/home/rafi/ros2/urdf_ws/install/_local_setup_util_ps1.py'
[8.876s] INFO:colcon.colcon_core.shell:Creating prefix chain script '/home/rafi/ros2/urdf_ws/install/setup.ps1'
[8.878s] INFO:colcon.colcon_core.shell:Creating prefix script '/home/rafi/ros2/urdf_ws/install/local_setup.sh'
[8.879s] INFO:colcon.colcon_core.shell:Creating prefix util module '/home/rafi/ros2/urdf_ws/install/_local_setup_util_sh.py'
[8.879s] INFO:colcon.colcon_core.shell:Creating prefix chain script '/home/rafi/ros2/urdf_ws/install/setup.sh'
[8.881s] INFO:colcon.colcon_core.shell:Creating prefix script '/home/rafi/ros2/urdf_ws/install/local_setup.bash'
[8.882s] INFO:colcon.colcon_core.shell:Creating prefix chain script '/home/rafi/ros2/urdf_ws/install/setup.bash'
[8.883s] INFO:colcon.colcon_core.shell:Creating prefix script '/home/rafi/ros2/urdf_ws/install/local_setup.zsh'
[8.884s] INFO:colcon.colcon_core.shell:Creating prefix chain script '/home/rafi/ros2/urdf_ws/install/setup.zsh'
