[0.705s] Invoking command in '/home/rafi/ros2/urdf_ws/src/Final_description': PYTHONPATH=/home/rafi/ros2/urdf_ws/build/Final_description/prefix_override:/usr/lib/python3/dist-packages/colcon_core/task/python/colcon_distutils_commands:/home/rafi/ros2/urdf_ws/install/Final_description/lib/python3.10/site-packages:${PYTHONPATH} /usr/bin/python3 -W ignore:setup.py install is deprecated setup.py egg_info --egg-base ../../build/Final_description build --build-base /home/rafi/ros2/urdf_ws/build/Final_description/build install --record /home/rafi/ros2/urdf_ws/build/Final_description/install.log --install-scripts $base/lib/Final_description --single-version-externally-managed install_data
[0.897s] /usr/lib/python3/dist-packages/setuptools/dist.py:723: UserWarning: Usage of dash-separated 'script-dir' will not be supported in future versions. Please use the underscore name 'script_dir' instead
[0.897s]   warnings.warn(
[0.903s] running egg_info
[0.904s] writing ../../build/Final_description/Final_description.egg-info/PKG-INFO
[0.905s] writing dependency_links to ../../build/Final_description/Final_description.egg-info/dependency_links.txt
[0.905s] writing entry points to ../../build/Final_description/Final_description.egg-info/entry_points.txt
[0.905s] writing requirements to ../../build/Final_description/Final_description.egg-info/requires.txt
[0.905s] writing top-level names to ../../build/Final_description/Final_description.egg-info/top_level.txt
[0.906s] reading manifest file '../../build/Final_description/Final_description.egg-info/SOURCES.txt'
[0.907s] writing manifest file '../../build/Final_description/Final_description.egg-info/SOURCES.txt'
[0.907s] running build
[0.907s] running build_py
[0.907s] running install
[0.908s] running install_lib
[0.908s] running install_data
[0.909s] copying launch/gazebo.launch.py -> /home/rafi/ros2/urdf_ws/install/Final_description/share/Final_description/launch
[0.909s] running install_egg_info
[0.910s] removing '/home/rafi/ros2/urdf_ws/install/Final_description/lib/python3.10/site-packages/Final_description-0.0.0-py3.10.egg-info' (and everything under it)
[0.910s] Copying ../../build/Final_description/Final_description.egg-info to /home/rafi/ros2/urdf_ws/install/Final_description/lib/python3.10/site-packages/Final_description-0.0.0-py3.10.egg-info
[0.911s] running install_scripts
[0.927s] writing list of installed files to '/home/rafi/ros2/urdf_ws/build/Final_description/install.log'
[0.954s] Invoked command in '/home/rafi/ros2/urdf_ws/src/Final_description' returned '0': PYTHONPATH=/home/rafi/ros2/urdf_ws/build/Final_description/prefix_override:/usr/lib/python3/dist-packages/colcon_core/task/python/colcon_distutils_commands:/home/rafi/ros2/urdf_ws/install/Final_description/lib/python3.10/site-packages:${PYTHONPATH} /usr/bin/python3 -W ignore:setup.py install is deprecated setup.py egg_info --egg-base ../../build/Final_description build --build-base /home/rafi/ros2/urdf_ws/build/Final_description/build install --record /home/rafi/ros2/urdf_ws/build/Final_description/install.log --install-scripts $base/lib/Final_description --single-version-externally-managed install_data
